N   Half_pop_ave        L
1   17.1323   13.6755
2   16.1055   14.0478
3   15.5282   14.0478
4   15.1247   12.981
5   15.1397   12.981
6   14.4649   12.6526
7   14.4647   12.6526
8   14.0046   12.57
9   13.5037   12.2163
10   13.5212   12.2163
11   13.2585   11.9348
12   13.0412   11.7883
13   13.0558   11.7883
14   12.8312   10.9934
15   12.8434   10.9934
16   12.5241   10.9934
17   12.2287   10.9934
18   12.2054   10.9934
19   11.6453   10.9934
20   11.568   10.9934
21   11.345   10.7887
22   11.3501   10.7887
23   11.182   10.702
24   11.1938   10.702
25   11.25   10.1692
26   11.0944   10.1692
27   11.0944   10.1692
28   10.9233   9.81914
29   10.7058   9.81914
30   10.7058   9.81914
31   10.4959   9.78021
32   10.3851   8.78873
33   10.3949   9.06121
34   10.2854   9.06121
35   10.2897   9.06121
36   10.2951   9.06121
37   10.3065   9.06121
38   10.3168   9.06121
39   10.0038   8.13889
40   9.76725   8.13889
41   9.31582   8.13889
42   9.32261   8.13889
43   9.32261   8.13889
44   9.08206   8.09046
45   9.08206   8.09046
46   8.6936   7.71788
47   8.6936   7.71788
48   8.69737   7.71788
49   8.7195   7.71788
50   8.87815   7.66003
51   8.85569   7.66003
52   8.91359   7.5841
53   8.58628   7.5841
54   8.28653   7.51994
55   8.16643   7.51994
56   8.00437   7.49284
57   7.84708   7.41691
58   7.71322   7.41691
59   7.71322   7.41691
60   7.71322   7.41691
61   7.59549   7.38479
62   7.60505   7.38479
63   7.60505   7.38479
64   7.51603   7.3301
65   7.51641   7.3301
66   7.52607   7.3301
67   7.59377   7.3301
68   7.59188   7.3301
69   7.75081   7.28164
70   7.7522   7.28164
71   7.67821   7.28164
72   7.86152   7.11707
73   7.86672   7.11707
74   7.70469   7.11707
75   7.66257   7.13875
76   7.66257   7.13875
77   7.52499   7.12977
78   7.47009   7.12977
79   7.47765   6.94596
80   7.54404   6.94596
81   7.82045   6.94596
82   7.82851   6.94596
83   7.65184   6.74123
84   7.47914   6.74123
85   7.26266   6.55562
86   7.31253   6.55562
87   7.20042   6.55562
88   7.21791   6.55562
89   7.03667   6.55562
90   7.03667   6.55562
91   6.99018   6.55562
92   7.02414   6.55562
93   7.01152   6.55562
94   7.02089   6.55562
95   7.00087   6.55562
96   7.03581   6.55562
97   6.9636   6.55562
98   6.94054   6.55562
99   6.88334   6.5485
100   6.90105   6.5485
101   6.92605   6.5485
102   6.91587   6.5485
103   6.69805   6.30255
104   6.71081   6.30255
105   6.66716   6.30255
106   6.68921   5.99999
107   6.68943   5.99999
108   6.55971   5.99999
109   6.63664   5.99999
110   6.65842   5.99999
111   6.66346   5.99999
112   6.68209   5.99999
113   6.70188   5.99999
114   6.71297   5.99999
115   6.71297   5.99999
116   6.63651   5.99999
117   6.43518   5.99999
118   6.45286   5.99999
119   6.27965   5.99999
120   6.40263   5.99999
121   6.41603   5.99999
122   6.49814   5.99999
123   6.31036   5.99999
124   6.37264   5.99999
125   6.47911   5.99999
126   6.27202   5.99999
127   6.24787   5.99999
128   6.31589   5.99999
129   6.56538   5.96996
130   6.4674   5.94762
131   6.43157   5.94762
132   6.44002   5.94762
133   6.44143   5.94762
134   6.36203   5.94762
135   6.36367   5.94762
136   6.24942   5.94762
137   6.20562   5.85731
138   6.20784   5.85731
139   6.04798   5.85731
140   6.0495   5.85731
141   6.27378   5.85731
142   6.28062   5.85731
143   6.29188   5.85731
144   6.29274   5.85731
145   6.19966   5.85731
146   6.0873   5.85731
147   6.28466   5.85731
148   6.2874   5.85731
149   6.28665   5.85731
150   6.29843   5.85731
151   6.30147   5.85731
152   6.30931   5.85731
153   6.1279   5.85731
154   6.09522   5.85731
155   6.12737   5.84904
156   6.07217   5.84904
157   6.03441   5.84904
158   6.02128   5.84904
159   5.8944   5.84904
160   5.8944   5.84904
161   6.01312   5.84904
162   6.01343   5.84904
163   6.02305   5.84904
164   5.93334   5.84904
165   6.08088   5.84904
166   5.98889   5.84904
167   6.1491   5.84904
168   6.15654   5.84904
169   6.14035   5.84904
170   6.12029   5.84904
171   6.02972   5.84904
172   6.22828   5.84904
173   6.23219   5.84904
174   6.16632   5.84904
175   6.30629   5.84904
176   6.30998   5.84904
177   6.33597   5.84904
178   6.43558   5.84904
179   6.26249   5.84904
180   6.2076   5.84904
181   6.13493   5.84904
182   6.02302   5.62965
183   6.00987   5.62965
184   6.06774   5.62965
185   5.82702   5.62965
186   5.79448   5.62965
187   6.02481   5.57397
188   6.03102   5.57397
189   5.86953   5.44481
190   5.81175   5.44481
191   5.81758   5.44481
192   5.82555   5.44481
193   5.89354   5.44481
194   5.73594   5.44481
195   5.56604   5.44481
196   5.5807   5.44481
197   5.59132   5.44481
198   5.59132   5.44481
199   5.67546   5.44481
200   5.67904   5.44481
201   5.84906   5.44481
202   5.75951   5.44481
203   5.65291   5.44481
204   5.66401   5.44481
205   5.67025   5.44481
206   5.76555   5.44481
207   5.83729   5.44481
208   5.76749   5.44481
209   5.63458   5.44481
210   5.46256   5.44481
211   5.52953   5.44481
212   5.53478   5.44481
213   5.62519   5.44481
214   5.6383   5.44481
215   5.63961   5.44481
216   5.65198   5.44481
217   5.55851   5.43051
218   5.70709   5.43051
219   5.81466   5.43051
220   5.72433   5.43051
221   5.73032   5.43051
222   5.79629   5.43051
223   5.79629   5.43051
224   5.60297   5.43051
225   5.61579   5.43051
226   5.76006   5.43051
227   5.78587   5.43051
228   5.79802   5.43051
229   5.80357   5.43051
230   5.83043   5.43051
231   5.78012   5.43051
232   5.75233   5.43051
233   5.78345   5.43051
234   5.76056   5.43051
235   5.59534   5.43051
236   5.68365   5.43051
237   5.79025   5.43051
238   5.79065   5.43051
239   5.77155   5.43051
240   5.77334   5.43051
241   5.69153   5.43051
242   5.76027   5.36802
243   5.77811   5.36802
244   5.73142   5.36802
245   5.73142   5.36802
246   5.7757   5.36802
247   5.77403   5.36802
248   5.77817   5.36802
249   5.72818   5.36802
250   5.68358   5.36802
251   5.6942   5.36802
252   5.8865   5.36802
253   5.83894   5.34475
254   5.58395   5.34475
255   5.47127   5.34475
256   5.48231   5.34475
257   5.48739   5.34475
258   5.48707   5.34475
259   5.49769   5.34475
260   5.50835   5.34475
261   5.48016   5.34475
262   5.479   5.34475
263   5.49759   5.34475
264   5.49759   5.34475
265   5.57858   5.34475
266   5.71635   5.34475
267   5.5699   5.34475
268   5.58301   5.34475
269   5.46687   5.34475
270   5.52736   5.34475
271   5.54424   5.34475
272   5.61438   5.34475
273   5.56436   5.34475
274   5.76089   5.34475
275   5.66631   5.34475
276   5.68617   5.34475
277   5.68617   5.34475
278   5.69052   5.34475
279   5.67389   5.34475
280   5.67389   5.34475
281   5.74808   5.34475
282   5.71084   5.34475
283   5.71084   5.34475
284   5.59961   5.34475
285   5.67433   5.34475
286   5.70474   5.34475
287   5.70474   5.34475
288   5.70474   5.34475
289   5.70474   5.34475
290   5.5916   5.34475
291   5.60219   5.34475
292   5.59005   5.34475
293   5.51433   5.34475
294   5.49229   5.34475
295   5.63646   5.34475
296   5.77784   5.34475
297   5.79579   5.34475
298   5.67212   5.34475
299   5.9376   5.34475
300   5.96128   5.34475
301   5.80638   5.34475
302   5.71889   5.34475
303   5.80458   5.34475
304   5.66637   5.34475
305   5.69121   5.34475
306   5.55404   5.34475
307   5.56172   5.34475
308   5.55939   5.34475
309   5.5786   5.34475
310   5.52633   5.34475
311   5.39489   5.34475
312   5.41613   5.34475
313   5.47293   5.34475
314   5.38079   5.34475
315   5.39597   5.34475
316   5.41456   5.34475
317   5.41456   5.34475
318   5.47066   5.34475
319   5.51559   5.34475
320   5.51559   5.34475
321   5.51919   5.34475
322   5.5518   5.34475
323   5.51332   5.34475
324   5.69379   5.34475
325   5.62534   5.34475
326   5.76708   5.34475
327   5.87224   5.34475
328   5.89205   5.34475
329   5.89205   5.34475
330   5.81269   5.34475
331   5.82818   5.34475
332   5.84469   5.34475
333   5.84469   5.34475
334   5.84469   5.34475
335   5.84696   5.34475
336   5.67394   5.34475
337   5.67394   5.34475
338   5.65464   5.34475
339   5.62   5.34475
340   5.687   5.34475
341   5.72504   5.34475
342   5.88783   5.34475
343   5.94344   5.34475
344   5.87046   5.34475
345   5.90035   5.34475
346   5.86904   5.34475
347   5.87797   5.34475
348   6.03143   5.34475
349   5.87277   5.34475
350   5.86225   5.34475
351   5.74006   5.34475
352   5.68965   5.34475
353   5.76716   5.34475
354   5.78693   5.34475
355   5.71653   5.34475
356   5.75369   5.34475
357   5.75369   5.34475
358   5.62747   5.34475
359   5.64388   5.34475
360   5.70326   5.34475
361   5.65651   5.34475
362   5.65651   5.34475
363   5.67319   5.34475
364   5.71927   5.34475
365   5.74953   5.34475
366   5.77303   5.34475
367   5.7751   5.34475
368   5.7906   5.34475
369   5.51519   5.34475
370   5.8335   5.34475
371   5.7172   5.34475
372   5.86888   5.34475
373   5.89432   5.34475
374   5.73821   5.34475
375   5.67516   5.34475
376   5.68775   5.34475
377   5.56476   5.34475
378   5.56476   5.34475
379   5.68593   5.34475
380   5.70568   5.34475
381   5.72598   5.34475
382   5.63533   5.34475
383   5.63781   5.34475
384   5.64574   5.34475
385   5.64986   5.34475
386   5.66745   5.34475
387   5.67426   5.34475
388   5.68011   5.34475
389   5.8781   5.34475
390   5.88043   5.34475
391   5.61338   5.34475
392   5.66362   5.34475
393   5.48532   5.34475
394   5.6582   5.34475
395   5.66501   5.34475
396   5.62668   5.34475
397   5.64013   5.34475
398   5.50454   5.34475
399   5.47306   5.34475
400   5.60932   5.34475
401   5.70043   5.34475
402   5.55421   5.34475
403   5.5189   5.34475
404   5.5506   5.34475
405   5.62431   5.34475
406   5.61241   5.34475
407   5.65163   5.34475
408   5.66636   5.34475
409   5.70509   5.34475
410   5.72246   5.34475
411   5.63517   5.34475
412   5.76089   5.34475
413   5.74822   5.34475
414   5.74822   5.34475
415   5.64323   5.34475
416   5.64323   5.34475
417   5.57535   5.34475
418   5.62889   5.34475
419   5.62889   5.34475
420   5.55106   5.34475
421   5.4427   5.34475
422   5.4427   5.34475
423   5.50896   5.34475
424   5.74894   5.34475
425   5.79312   5.34475
426   5.73607   5.34475
427   5.75415   5.34475
428   5.9399   5.34475
429   5.89922   5.34475
430   5.80304   5.34475
431   5.67067   5.34475
432   5.47222   5.34475
433   5.62957   5.34475
434   5.51881   5.34475
435   5.46137   5.34475
436   5.46137   5.34475
437   5.47401   5.34475
438   5.48916   5.34475
439   5.59352   5.34475
440   5.60999   5.34475
441   5.62816   5.34475
442   5.62816   5.34475
443   5.79358   5.34475
444   5.73934   5.34475
445   5.74928   5.34475
446   5.86867   5.34475
447   5.53792   5.34475
448   5.62005   5.34475
449   5.67637   5.34475
450   5.68281   5.34475
451   5.7077   5.34475
452   5.63671   5.34475
453   5.63671   5.34475
454   5.65962   5.34475
455   5.68942   5.34475
456   5.60824   5.34475
457   5.66769   5.34475
458   5.72094   5.34475
459   5.76629   5.34475
460   5.76629   5.34475
461   5.77404   5.34475
462   5.77404   5.34475
463   5.78946   5.34475
464   5.63237   5.34475
465   5.80915   5.34475
466   5.83232   5.34475
467   5.9003   5.34475
468   5.82167   5.34475
469   5.75468   5.34475
470   5.77835   5.34475
471   5.79222   5.34475
472   5.7605   5.34475
473   5.76248   5.34475
474   5.65131   5.34475
475   5.65131   5.34475
476   5.71989   5.34475
477   5.69427   5.34475
478   5.84748   5.34475
479   5.81266   5.34475
480   5.65727   5.34475
481   5.78972   5.34475
482   5.70616   5.34475
483   5.55803   5.34475
484   5.68094   5.34475
485   5.68094   5.34475
486   5.48092   5.34475
487   5.6459   5.34475
488   5.6459   5.34475
489   5.66011   5.34475
490   5.72292   5.34475
491   5.64006   5.34475
492   5.79448   5.34475
493   5.63198   5.34475
494   5.63231   5.34475
495   5.63231   5.34475
496   5.66251   5.34475
497   5.66251   5.34475
498   5.69462   5.34475
499   5.5051   5.34475
500   5.63707   5.34475
501   5.4806   5.34475
502   5.49158   5.34475
503   5.65357   5.34475
504   5.65916   5.34475
505   5.67595   5.34475
506   5.68529   5.34475
507   5.74277   5.34475
508   5.75866   5.34475
509   5.66448   5.34475
510   5.4883   5.34475
511   5.44924   5.34475
512   5.53996   5.34475
513   5.54766   5.34475
514   5.54545   5.34475
515   5.6385   5.34475
516   5.54591   5.34475
517   5.47601   5.34475
518   5.55384   5.34475
519   5.56955   5.34475
520   5.56955   5.34475
521   5.56955   5.34475
522   5.70201   5.34475
523   5.71852   5.34475
524   5.71852   5.34475
525   5.56696   5.34475
526   5.5848   5.34475
527   5.60329   5.34475
528   5.61244   5.34475
529   5.63666   5.34475
530   5.64817   5.34475
531   5.65318   5.34475
532   5.62639   5.34475
533   5.63555   5.34475
534   5.73381   5.34475
535   5.74747   5.34475
536   5.78788   5.34475
537   5.61154   5.34475
538   5.61154   5.34475
539   5.54245   5.34475
540   5.71173   5.34475
541   5.54336   5.34475
542   5.40879   5.34475
543   5.41264   5.34475
544   5.41112   5.34475
545   5.50012   5.34475
546   5.68361   5.34475
547   5.71009   5.34475
548   5.72723   5.34475
549   5.78783   5.34475
550   5.77532   5.34475
551   5.74379   5.34475
552   5.80554   5.34475
553   5.80935   5.34475
554   5.88588   5.34475
555   5.88588   5.34475
556   5.69558   5.34475
557   5.71046   5.34475
558   5.71046   5.34475
559   5.63238   5.34475
560   5.52794   5.34475
561   5.54766   5.34475
562   5.55346   5.34475
563   5.55538   5.34475
564   5.56618   5.34475
565   5.66147   5.34475
566   5.52748   5.34475
567   5.53804   5.34475
568   5.4619   5.34475
569   5.47242   5.34475
570   5.59471   5.34475
571   5.59471   5.34475
572   5.59471   5.34475
573   5.54121   5.34475
574   5.57027   5.34475
575   5.58823   5.34475
576   5.69727   5.34475
577   5.68301   5.34475
578   5.65838   5.34475
579   5.65838   5.34475
580   5.6027   5.34475
581   5.62035   5.34475
582   5.63538   5.34475
583   5.64128   5.34475
584   5.56644   5.34475
585   5.58054   5.34475
586   5.58826   5.34475
587   5.70734   5.34475
588   5.6854   5.34475
589   5.67555   5.34475
590   5.67288   5.34475
591   5.72559   5.34475
592   5.72559   5.34475
593   5.51349   5.34475
594   5.52634   5.34475
595   5.57877   5.34475
596   5.5205   5.34475
597   5.59241   5.34475
598   5.64741   5.34475
599   5.65679   5.34475
600   5.66967   5.34475
601   5.70625   5.34475
602   5.72256   5.34475
603   5.72875   5.34475
604   5.75021   5.34475
605   5.75677   5.34475
606   5.71582   5.34475
607   5.8342   5.34475
608   5.89787   5.34475
609   5.66038   5.34475
610   5.65124   5.34475
611   5.47991   5.34475
612   5.47991   5.34475
613   5.47991   5.34475
614   5.65557   5.34475
615   5.64727   5.34475
616   5.85487   5.34475
617   5.86139   5.34475
618   5.77754   5.34475
619   5.83367   5.34475
620   5.83367   5.34475
621   5.84361   5.34475
622   5.70269   5.34475
623   5.70269   5.34475
624   5.70926   5.34475
625   5.53264   5.34475
626   5.71681   5.34475
627   5.68623   5.34475
628   5.72799   5.34475
629   5.76376   5.34475
630   5.71477   5.34475
631   5.54435   5.34475
632   5.53318   5.34475
633   5.67568   5.34475
634   5.69427   5.34475
635   5.6425   5.34475
636   5.54383   5.34475
637   5.54383   5.34475
638   5.88121   5.34475
639   5.97672   5.34475
640   5.99172   5.34475
641   5.81135   5.34475
642   5.78067   5.34475
643   5.78067   5.34475
644   5.72848   5.34475
645   5.57298   5.34475
646   5.79755   5.34475
647   5.79755   5.34475
648   5.96355   5.34475
649   5.8931   5.34475
650   5.88579   5.34475
651   5.92154   5.34475
652   5.92154   5.34475
653   5.83192   5.34475
654   5.82656   5.34475
655   5.74577   5.34475
656   5.6454   5.34475
657   5.64361   5.34475
658   5.60254   5.34475
659   5.605   5.34475
660   5.59874   5.34475
661   5.62317   5.34475
662   5.57016   5.34475
663   5.56832   5.34475
664   5.54325   5.34475
665   5.61962   5.34475
666   5.62423   5.34475
667   5.63976   5.34475
668   5.67107   5.34475
669   5.89665   5.34475
670   5.87002   5.34475
671   5.93305   5.34475
672   5.76621   5.34475
673   5.80098   5.34475
674   5.75246   5.34475
675   5.62766   5.34475
676   5.71163   5.34475
677   5.79849   5.34475
678   5.62799   5.34475
679   5.48894   5.34475
680   5.49798   5.34475
681   5.58808   5.34475
682   5.64541   5.34475
683   5.4715   5.34475
684   5.42984   5.34475
685   5.44468   5.34475
686   5.45673   5.34475
687   5.50314   5.34475
688   5.51535   5.34475
689   5.52488   5.34475
690   5.69441   5.34475
691   5.74216   5.34475
692   5.51222   5.34475
693   5.49899   5.33555
694   5.54763   5.33555
695   5.55941   5.33555
696   5.53142   5.33555
697   5.65657   5.33555
698   5.69558   5.33555
699   5.50196   5.33555
700   5.41167   5.33555
701   5.44596   5.33555
702   5.4989   5.33555
703   5.49591   5.33555
704   5.4386   5.33555
705   5.49337   5.33555
706   5.61314   5.33555
707   5.55266   5.33555
708   5.56025   5.33555
709   5.57551   5.33555
710   5.4908   5.33555
711   5.50194   5.33555
712   5.55119   5.33555
713   5.48261   5.33555
714   5.76032   5.33555
715   5.78077   5.33555
716   5.66958   5.33555
717   5.61975   5.33555
718   5.52824   5.33555
719   5.56979   5.33555
720   5.5099   5.33555
721   5.57458   5.33555
722   5.60066   5.33555
723   5.61974   5.33555
724   5.62892   5.33555
725   5.59819   5.33555
726   5.49402   5.33555
727   5.5078   5.33555
728   5.56223   5.33555
729   5.56988   5.33555
730   5.57964   5.33555
731   5.54302   5.33555
732   5.48149   5.33555
733   5.48857   5.33555
734   5.44362   5.33555
735   5.46622   5.33555
736   5.44276   5.33555
737   5.43645   5.33555
738   5.45615   5.33555
739   5.51589   5.33555
740   5.61204   5.33555
741   5.62866   5.33555
742   5.61763   5.33555
743   5.60572   5.33555
744   5.55311   5.33555
745   5.55658   5.33555
746   5.57487   5.33555
747   5.61252   5.33555
748   5.61982   5.33555
749   5.64193   5.33555
750   5.86489   5.33555
751   5.73869   5.33555
752   5.78837   5.33555
753   5.79141   5.33555
754   5.79141   5.33555
755   5.69223   5.33555
756   5.60349   5.33555
757   5.61164   5.33555
758   5.53388   5.33555
759   5.58605   5.33555
760   5.58794   5.33555
761   5.58794   5.33555
762   5.50033   5.33555
763   5.5156   5.33555
764   5.62463   5.33555
765   5.43952   5.33555
766   5.51413   5.33555
767   5.47936   5.33555
768   5.51506   5.33555
769   5.54503   5.33555
770   5.41717   5.33555
771   5.41717   5.33555
772   5.42021   5.33555
773   5.43858   5.33555
774   5.52219   5.33555
775   5.53508   5.33555
776   5.60813   5.33555
777   5.61389   5.33555
778   5.52546   5.33555
779   5.53845   5.33555
780   5.50038   5.33555
781   5.54776   5.33555
782   5.66385   5.33555
783   5.71411   5.33555
784   5.73844   5.33555
785   5.70024   5.33555
786   5.53925   5.33555
787   5.54983   5.33555
788   5.50176   5.33555
789   5.50176   5.33555
790   5.67721   5.33555
791   5.67629   5.33555
792   5.6871   5.33555
793   5.5996   5.33555
794   5.65247   5.33555
795   5.68032   5.33555
796   5.73392   5.33555
797   5.67765   5.33555
798   5.67957   5.33555
799   5.68739   5.33555
800   5.5507   5.33555
801   5.5507   5.33555
802   5.44206   5.33555
803   5.47323   5.33555
804   5.47025   5.33555
805   5.40902   5.33555
806   5.42822   5.33555
807   5.44281   5.33555
808   5.44552   5.33555
809   5.39032   5.33555
810   5.37597   5.33555
811   5.43145   5.33555
812   5.497   5.33555
813   5.55519   5.33555
814   5.5702   5.33555
815   5.58038   5.33555
816   5.57034   5.33555
817   5.46578   5.33555
818   5.48238   5.33555
819   5.47989   5.33555
820   5.40523   5.33555
821   5.42159   5.33555
822   5.58939   5.33555
823   5.40226   5.33555
824   5.40757   5.33555
825   5.41481   5.33555
826   5.55152   5.33555
827   5.55054   5.33555
828   5.55354   5.33555
829   5.47865   5.33555
830   5.73105   5.33555
831   5.74099   5.33555
832   5.70499   5.33555
833   5.74346   5.33555
834   5.76391   5.33555
835   5.76175   5.33555
836   5.76175   5.33555
837   5.76175   5.33555
838   5.57504   5.33555
839   5.64475   5.33555
840   5.57465   5.33555
841   5.70382   5.33555
842   5.71049   5.33555
843   5.69716   5.33555
844   5.7002   5.33555
845   5.70498   5.33555
846   5.70498   5.33555
847   5.71988   5.33555
848   5.71988   5.33555
849   5.72551   5.33555
850   5.55712   5.33555
851   5.58071   5.33555
852   5.55665   5.33555
853   5.5146   5.33555
854   5.53018   5.33555
855   5.56399   5.33555
856   5.68366   5.33555
857   5.61985   5.33555
858   5.48177   5.33555
859   5.5122   5.33555
860   5.49523   5.33555
861   5.43665   5.33555
862   5.43665   5.33555
863   5.45406   5.33555
864   5.38639   5.33555
865   5.39275   5.14637
866   5.40753   5.14637
867   5.45923   5.14637
868   5.38345   5.14637
869   5.37553   5.14637
870   5.38613   5.14637
871   5.38613   5.14637
872   5.45972   5.14637
873   5.49412   5.14637
874   5.51344   5.14637
875   5.52887   5.14637
876   5.56215   5.14637
877   5.67285   5.14637
878   5.70329   5.14637
879   5.59461   5.14637
880   5.60161   5.14637
881   5.49522   5.14637
882   5.47479   5.14637
883   5.4913   5.14637
884   5.45097   5.14637
885   5.48043   5.14637
886   5.46992   5.14637
887   5.50101   5.14637
888   5.49426   5.14637
889   5.58341   5.14637
890   5.58476   5.14499
891   5.62418   5.14499
892   5.44338   5.14499
893   5.44338   5.14499
894   5.47177   5.14499
895   5.43491   5.14499
896   5.44604   5.14499
897   5.62321   5.11643
898   5.65013   5.11643
899   5.66993   5.11643
900   5.63819   5.09063
901   5.56711   5.09063
902   5.67552   5.09063
903   5.67552   5.09063
904   5.67552   5.09063
905   5.51954   5.09063
906   5.39766   5.09063
907   5.56306   5.09063
908   5.56442   5.09063
909   5.46386   5.09063
910   5.37399   5.09063
911   5.41733   5.09063
912   5.33905   5.09063
913   5.32295   5.09063
914   5.30269   5.09063
915   5.26563   5.09063
916   5.27118   5.09063
917   5.24055   5.09063
918   5.24225   5.09063
919   5.22272   5.09063
920   5.20259   5.07284
921   5.16454   5.07284
922   5.17442   5.07284
923   5.25341   5.07284
924   5.32672   5.07284
925   5.34141   5.07284
926   5.3981   5.07284
927   5.41376   5.07284
928   5.42661   5.07284
929   5.59408   5.07284
930   5.61384   5.07284
931   5.57164   5.07284
932   5.49832   5.07284
933   5.47764   5.07284
934   5.42109   5.07284
935   5.38186   5.07284
936   5.22322   5.07284
937   5.24911   5.07284
938   5.35024   5.07284
939   5.24289   5.07284
940   5.28221   5.07284
941   5.15999   5.07284
942   5.18225   5.07284
943   5.18805   5.07284
944   5.39331   5.07284
945   5.41447   5.07284
946   5.41956   5.07284
947   5.55661   5.07284
948   5.61054   5.07284
949   5.56956   5.07284
950   5.57378   5.07284
951   5.61305   5.07284
952   5.48234   5.07284
953   5.58974   5.07284
954   5.50473   5.07284
955   5.41802   5.07284
956   5.41802   5.07284
957   5.41238   5.07284
958   5.4692   5.07284
959   5.50172   5.07284
960   5.38244   5.07284
961   5.45261   5.07284
962   5.51019   5.07284
963   5.52144   5.07284
964   5.37263   5.07284
965   5.39211   5.07284
966   5.41084   5.07284
967   5.42353   5.07284
968   5.25771   5.07284
969   5.26481   5.07284
970   5.26481   5.07284
971   5.2235   5.07284
972   5.29895   5.07284
973   5.29973   5.07284
974   5.37783   5.07284
975   5.25221   5.07284
976   5.24282   5.07284
977   5.23123   5.07284
978   5.41958   5.07284
979   5.37976   5.07284
980   5.30263   5.07284
981   5.53959   5.07284
982   5.54344   5.07284
983   5.61769   5.07284
984   5.69182   5.07284
985   5.43696   5.07284
986   5.41998   5.07284
987   5.28672   5.07284
988   5.28672   5.07284
989   5.29927   5.07284
990   5.23399   5.07284
991   5.38763   5.07284
992   5.38763   5.07284
993   5.30545   5.07284
994   5.31621   5.07284
995   5.35052   5.07284
996   5.30046   5.07284
997   5.35835   5.07284
998   5.37346   5.07284
999   5.30224   5.07284
1000   5.30224   5.07284
