N  Half_pop_ave        L
1   38.843   31.9339
2   36.8923   32.5712
3   35.1403   31.3768
4   35.1593   31.3768
5   35.1943   31.3768
6   33.5414   28.6796
7   32.6638   27.2839
8   31.7766   24.61
9   29.9491   24.1236
10   29.9186   24.1236
11   28.4882   21.6875
12   26.5178   21.6875
13   25.0844   21.6875
14   23.6876   21.3266
15   23.2029   20.5526
16   23.2241   20.5526
17   23.107   20.3991
18   21.7381   19.2935
19   21.8003   19.2935
20   20.8381   19.1512
21   20.4097   17.6773
22   20.4402   17.6773
23   20.4583   17.6773
24   20.4842   17.6773
25   19.9387   17.6773
26   19.057   16.7055
27   18.8638   16.7055
28   18.8845   16.7055
29   18.9233   16.7055
30   18.953   16.7055
31   18.961   16.7055
32   18.7555   16.7055
33   18.7888   16.7055
34   18.2939   16.7055
35   18.0564   16.4733
36   18.1058   16.4733
37   17.9254   16.4733
38   17.9578   16.4733
39   17.9578   16.4733
40   17.4335   16.3313
41   17.4545   16.29
42   17.2787   16.29
43   17.3854   16.29
44   17.4271   16.0677
45   17.6009   16.0677
46   17.8939   16.0677
47   18.0089   14.7017
48   18.116   13.9248
49   17.7957   13.431
50   16.7359   13.431
51   16.7644   13.431
52   15.7409   13.431
53   15.2722   13.431
54   14.5602   13.3922
55   14.6614   13.3922
56   14.68   13.3922
57   14.4464   13.3911
58   14.1981   13.1591
59   14.2418   13.1591
60   13.7513   13.1591
61   13.74   12.9829
62   13.8451   12.9796
63   14.1307   12.9786
64   14.1819   12.9786
65   14.2073   12.9786
66   14.1838   12.9796
67   14.1838   12.9796
68   14.2606   12.9567
69   14.0832   12.9567
70   14.0832   12.9567
71   14.1243   12.9567
72   14.1336   12.9567
73   14.3194   12.9534
74   14.2451   12.9524
75   13.946   12.9463
76   13.946   12.9463
77   13.7631   12.9029
78   13.8064   12.9029
79   13.6106   12.8969
80   13.5917   12.8969
81   13.6027   12.8969
82   13.254   12.8668
83   13.3275   12.6602
84   13.3275   12.6602
85   13.3678   12.6107
86   14.0101   12.5969
87   13.8121   12.5969
88   13.8121   12.5969
89   13.8121   12.5969
90   13.8501   12.5969
91   13.7332   12.5668
92   14.2002   12.5668
93   14.2137   12.5668
94   14.6512   12.5668
95   14.3405   12.5335
96   14.0489   11.347
97   13.7501   11.347
98   13.5718   11.347
99   13.135   11.0994
100   12.475   11.0994
101   12.079   11.0994
102   12.0951   11.0994
103   12.118   11.0994
104   11.7346   11.0994
105   11.5638   11.0994
106   11.5862   11.0994
107   11.6193   11.0994
108   11.6195   11.0994
109   11.5107   11.0994
110   11.4227   10.0956
111   11.8464   10.0956
112   11.5769   10.0956
113   11.5769   10.0956
114   11.4979   10.0956
115   11.4979   10.0956
116   11.1333   10.0956
117   10.9934   10.0956
118   11.0284   10.0956
119   11.3348   10.0738
120   11.4111   10.0738
121   11.5649   9.87814
122   11.2306   9.87814
123   10.7843   9.85638
124   10.8393   9.85638
125   10.8801   9.85638
126   10.6932   9.85638
127   10.3028   9.83991
128   10.3028   9.83991
129   10.3082   9.83991
130   10.3082   9.83991
131   10.4522   9.61353
132   10.4522   9.61353
133   10.5239   9.61353
134   10.5251   9.61353
135   11.1309   9.59177
136   11.1644   9.59177
137   11.1644   9.59177
138   10.9882   9.59177
139   10.9882   9.59177
140   11.003   9.59177
141   11.1571   9.59177
142   11.205   9.59177
143   10.8391   9.59177
144   10.8659   9.59177
145   10.4115   9.59177
146   10.3749   9.59177
147   10.4225   9.59177
148   10.2174   9.59177
149   10.2327   9.59177
150   9.94095   9.59177
151   10.2365   9.59177
152   10.214   9.59177
153   10.3051   9.59177
154   10.2811   9.59177
155   10.2811   9.59177
156   10.2648   9.59177
157   11.0176   9.59177
158   10.6289   9.59177
159   10.6289   9.59177
160   10.6688   9.59177
161   9.90469   9.58446
162   10.1978   9.58446
163   10.1377   9.58446
164   10.0028   9.58446
165   10.0438   9.58446
166   10.0847   9.58446
167   10.1683   9.58446
168   10.1975   9.58446
169   10.2077   9.16039
170   10.2472   9.16039
171   10.1108   9.15307
172   10.1471   9.15307
173   10.1863   9.15307
174   10.2659   9.15307
175   9.93435   9.15307
176   9.94298   9.15307
177   9.89982   9.15307
178   9.64655   9.15307
179   9.75425   9.1505
180   9.66884   9.1505
181   9.70269   9.1505
182   9.69883   9.1505
183   9.65538   9.1505
184   10.0628   9.1505
185   9.88962   9.1505
186   9.63671   9.1505
187   10.1849   9.1505
188   10.3208   9.14768
189   10.2023   9.14768
190   10.7488   9.14768
191   10.7988   9.14768
192   10.5109   9.14768
193   10.5655   9.14768
194   10.4716   9.14768
195   10.3068   9.14768
196   9.66149   9.14768
197   9.31009   9.14768
198   9.37306   9.14738
199   9.43315   9.14738
200   9.43315   9.14738
201   9.46501   9.14738
202   9.46501   9.14738
203   9.31255   9.14738
204   9.14787   9.14738
205   9.14887   9.14738
206   9.23954   9.14738
207   9.25771   9.14738
208   9.83652   9.14738
209   9.98202   9.14738
210   10.4473   9.14738
211   10.4613   9.14738
212   10.4613   9.14738
213   9.82076   9.14738
214   9.42175   9.14738
215   9.51328   9.14738
216   9.551   9.14738
217   9.73552   9.14738
218   9.59448   8.57323
219   9.80019   8.57323
220   9.84187   8.57323
221   9.51179   8.57323
222   9.57393   8.57323
223   9.29573   8.57323
224   9.35656   8.57323
225   9.12159   8.57323
226   8.91318   8.57323
227   8.99134   8.57323
228   8.99134   8.57323
229   8.92898   8.57323
230   8.83299   8.55358
231   8.85482   8.55358
232   8.85482   8.55358
233   9.06159   8.55358
234   9.06159   8.55358
235   9.06418   8.55358
236   9.22846   8.55358
237   9.15229   8.55358
238   8.7529   8.55358
239   9.05123   8.55358
240   9.42141   8.52034
241   9.43282   8.52034
242   8.90636   8.28888
243   8.97151   8.28888
244   8.57796   8.28888
245   8.597   8.28888
246   8.86415   8.28888
247   8.94039   8.28888
248   8.88795   8.28888
249   9.01776   8.28888
250   8.86881   8.28888
251   8.99975   8.28888
252   9.00231   8.28888
253   9.06953   8.28888
254   9.03205   8.28888
255   9.21828   8.28888
256   9.26083   8.28888
257   9.19074   8.28888
258   9.09616   8.28888
259   9.30172   8.28888
260   9.06331   8.09998
261   8.92089   8.09998
262   8.97148   8.09998
263   9.01444   8.09998
264   8.78209   8.09998
265   8.79316   8.09998
266   8.79316   8.09998
267   8.75446   8.09998
268   8.66897   8.09998
269   8.87567   8.09998
270   8.78017   8.09998
271   9.22158   8.09998
272   8.949   8.09998
273   9.12791   8.09998
274   8.76361   7.77977
275   8.81266   7.77977
276   8.56806   7.77977
277   8.61188   7.77977
278   8.64103   7.77977
279   8.68372   7.77977
280   8.40427   7.77977
281   8.52386   7.77977
282   8.47009   7.77977
283   8.56798   7.77977
284   8.76224   7.76688
285   8.87064   7.76688
286   8.63566   7.76688
287   8.33639   7.76688
288   8.39766   7.76688
289   8.52671   7.76688
290   8.7802   7.76688
291   8.59106   7.7452
292   8.59439   7.7452
293   8.61255   7.7452
294   8.53604   7.7452
295   7.95843   7.7452
296   7.82805   7.7452
297   7.85004   7.7452
298   7.97766   7.7452
299   8.5647   7.7452
300   8.5647   7.7452
301   8.61195   7.7452
302   8.42852   7.7452
303   8.42852   7.7452
304   8.74886   7.7452
305   8.42287   7.7452
306   8.42287   7.7452
307   8.48473   7.7452
308   8.25003   7.7452
309   8.28781   7.7452
310   8.52728   7.7452
311   8.56219   7.7452
312   8.22955   7.7452
313   8.35984   7.7452
314   8.36392   7.7452
315   8.4199   7.7452
316   8.48427   7.7452
317   8.79269   7.7452
318   8.25299   7.7452
319   8.29725   7.7452
320   8.51095   7.7452
321   8.29335   7.7452
322   8.21488   7.7452
323   8.30354   7.7452
324   8.34709   7.7452
325   8.18196   7.7452
326   8.0922   7.7452
327   8.0922   7.7452
328   8.09636   7.7452
329   8.11737   7.7452
330   7.85912   7.7452
331   7.87817   7.7452
332   8.13789   7.7452
333   8.15225   7.7452
334   7.92132   7.7452
335   8.06735   7.7452
336   8.10345   7.7452
337   8.27809   7.7452
338   8.09259   7.7452
339   8.36159   7.7452
340   8.36159   7.7452
341   8.48066   7.74519
342   8.2341   7.73795
343   8.75266   7.73795
344   8.36412   7.73795
345   8.42416   7.73795
346   8.50541   7.73795
347   8.31664   7.73795
348   8.31555   7.66159
349   8.37542   7.66159
350   8.57929   7.66159
351   8.63923   7.66159
352   8.63923   7.66159
353   8.73998   7.66159
354   8.78305   7.66159
355   8.5105   7.66159
356   8.5105   7.66159
357   8.72516   7.66159
358   8.4495   7.63489
359   8.50232   7.63489
360   8.52301   7.63489
361   8.4699   7.62754
362   8.15131   7.62754
363   8.45599   7.62754
364   8.47977   7.62754
365   8.66856   7.62754
366   8.76455   7.62754
367   8.77685   7.62754
368   8.50619   7.62754
369   8.69709   7.62754
370   8.54785   7.62754
371   8.5845   7.62754
372   8.43175   7.62754
373   8.07876   7.62754
374   8.12022   7.62754
375   8.12022   7.62754
376   8.12022   7.62754
377   8.37359   7.62754
378   8.42224   7.62754
379   8.70655   7.62754
380   8.75779   7.62754
381   8.4456   7.62754
382   8.14431   7.56245
383   7.98198   7.56245
384   7.90114   7.56245
385   7.92377   7.56245
386   7.8499   7.56245
387   7.90907   7.56245
388   7.82087   7.56245
389   7.96855   7.56245
390   7.65372   7.56245
391   7.99795   7.56245
392   8.10405   7.46915
393   8.17122   7.46915
394   8.52637   7.46915
395   8.43554   7.46915
396   8.43554   7.46915
397   8.43554   7.46915
398   8.10187   7.46915
399   7.70599   7.46915
400   7.77702   7.46915
401   7.77702   7.46915
402   8.19143   7.46915
403   8.19559   7.46915
404   8.16466   7.46915
405   8.28255   7.46915
406   8.33399   7.46915
407   8.62624   7.46915
408   8.38963   7.46915
409   8.4136   7.46915
410   8.13675   7.46915
411   8.13675   7.46915
412   8.50629   7.46915
413   8.36794   7.46157
414   8.36794   7.46157
415   8.48204   7.46157
416   8.5295   7.46157
417   8.09767   7.46157
418   8.07428   7.46157
419   8.25648   7.46157
420   8.69561   7.46157
421   8.46319   7.46157
422   8.09107   7.46157
423   7.95486   7.46157
424   8.23629   7.46157
425   8.18761   7.46157
426   7.94843   7.46157
427   7.98859   7.46157
428   8.27569   7.46157
429   8.32761   7.46157
430   8.13645   7.46157
431   8.40861   7.46157
432   8.4934   7.46157
433   8.4934   7.46157
434   8.17722   7.46157
435   8.17722   7.46157
436   7.94071   7.46157
437   8.17041   7.46157
438   8.17041   7.46157
439   8.07825   7.46157
440   7.84761   7.46157
441   7.84761   7.46157
442   7.87258   7.46157
443   8.52163   7.46157
444   8.54144   7.46157
445   8.71028   7.46157
446   8.76485   7.46157
447   9.35671   7.00123
448   9.61909   7.00123
449   9.41223   7.00123
450   9.12813   7.00123
451   8.93647   6.99703
452   9.12879   6.99703
453   9.11144   6.99703
454   8.96485   6.99703
455   8.96485   6.99703
456   8.96989   6.99703
457   8.55882   6.99703
458   8.6525   6.99703
459   8.67861   6.99703
460   8.71943   6.99703
461   8.71943   6.99703
462   8.52484   6.99703
463   8.28493   6.99703
464   8.3041   6.99703
465   8.51953   6.99703
466   7.8105   6.99703
467   7.53977   6.99703
468   7.77666   6.99703
469   7.9597   6.99703
470   8.03598   6.99703
471   7.83873   6.99703
472   7.83873   6.99703
473   7.79905   6.95161
474   7.87221   6.95161
475   7.50886   6.95161
476   7.63582   6.95161
477   7.7374   6.95161
478   7.86613   6.95161
479   7.86613   6.95161
480   7.88539   6.95161
481   7.88539   6.95161
482   7.94472   6.95161
483   7.56346   6.95161
484   8.0612   6.95161
485   8.12734   6.95161
486   8.57304   6.95161
487   8.38946   6.95161
488   8.239   6.95161
489   8.32787   6.95161
490   8.38219   6.95161
491   8.43711   6.95161
492   8.44062   6.95161
493   7.90309   6.95161
494   7.90309   6.95161
495   7.92138   6.95161
496   7.72246   6.95161
497   7.9165   6.95161
498   8.07452   6.95161
499   7.66536   6.95161
500   7.7681   6.95161
501   7.47768   6.95161
502   7.29869   6.95161
503   7.4234   6.95161
504   7.4234   6.95161
505   7.18372   6.95161
506   7.60674   6.69684
507   7.60674   6.69684
508   7.64882   6.69684
509   8.09162   6.69684
510   8.05285   6.69684
511   8.55597   6.69684
512   7.93613   6.69684
513   7.78318   6.69684
514   7.78318   6.69684
515   7.75225   6.69684
516   7.75225   6.69684
517   7.77006   6.69684
518   7.17365   6.69684
519   7.36124   6.69684
520   7.17517   6.69684
521   7.20396   6.69684
522   7.54937   6.69684
523   7.2549   6.24306
524   7.59287   6.24306
525   7.9662   6.24306
526   8.1729   6.24306
527   8.20942   6.24306
528   7.74879   6.24306
529   7.14895   6.24306
530   6.61997   6.24306
531   6.91223   6.24306
532   6.77724   6.24306
533   6.69994   6.24306
534   7.00708   6.24306
535   6.88469   6.24306
536   6.56753   6.24306
537   6.76867   6.24306
538   6.81592   6.24306
539   6.81592   6.24306
540   6.81592   6.24306
541   6.79654   6.24306
542   6.83675   6.24306
543   6.83675   6.24306
544   6.75203   6.24306
545   6.81216   6.24306
546   6.81476   6.24306
547   6.85151   6.24306
548   6.89373   6.24306
549   6.9242   6.24306
550   6.93292   6.24306
551   6.69725   6.24306
552   6.74126   6.24306
553   6.78563   6.24306
554   6.83   6.24306
555   7.19083   6.24306
556   6.75754   6.24306
557   6.75754   6.24306
558   6.48713   6.24306
559   6.82362   6.24306
560   6.60302   6.24306
561   6.3031   6.24306
562   6.30744   6.24306
563   6.2711   6.24306
564   6.37996   6.24306
565   6.89431   6.24306
566   6.94453   6.24306
567   7.00183   6.24306
568   7.22423   6.24306
569   7.19538   6.24306
570   7.09115   6.24306
571   7.31652   6.24306
572   7.36022   6.24306
573   7.77866   6.24306
574   7.77866   6.24306
575   7.17484   6.24306
576   7.22233   6.24306
577   7.22233   6.24306
578   7.03052   6.24306
579   6.84627   6.24306
580   6.9338   6.24306
581   6.95968   6.24306
582   6.9663   6.24306
583   7.13172   6.24306
584   7.07732   6.24306
585   6.83248   6.24306
586   6.86363   6.24306
587   6.64721   6.24306
588   6.67868   6.24306
589   6.92259   6.24306
590   6.92259   6.24306
591   6.92259   6.24306
592   6.9336   6.24306
593   7.11042   6.24306
594   7.18636   6.24306
595   7.19885   6.24306
596   7.09228   6.24306
597   7.03299   6.24306
598   7.03299   6.24306
599   6.71603   6.24306
600   6.7707   6.24306
