n_block      H_average        errore
1 -0.427659 0
2 -0.426798 0.000860284
3 -0.456722 0.0299273
4 -0.432415 0.0322279
5 -0.439648 0.0259905
6 -0.420902 0.0283155
7 -0.429903 0.0255676
8 -0.415778 0.0262634
9 -0.421861 0.0239475
10 -0.430823 0.0232188
11 -0.431604 0.0210167
12 -0.421258 0.0217974
13 -0.421201 0.0200508
14 -0.428303 0.0198753
15 -0.431085 0.018711
16 -0.43782 0.0187536
17 -0.434052 0.0180144
18 -0.43798 0.0174324
19 -0.432724 0.0173069
20 -0.432752 0.0164188
21 -0.433277 0.0156262
22 -0.432944 0.0149027
23 -0.435595 0.0144846
24 -0.43863 0.0141964
25 -0.439925 0.0136781
26 -0.438134 0.0132629
27 -0.439087 0.0127977
28 -0.443078 0.0129619
29 -0.446881 0.0130722
30 -0.447949 0.0126741
31 -0.451625 0.0127978
32 -0.453856 0.0125907
33 -0.451068 0.0125176
34 -0.451107 0.0121439
35 -0.448204 0.0121439
36 -0.444976 0.0122353
37 -0.443904 0.0119482
38 -0.443019 0.0116631
39 -0.442281 0.0113841
40 -0.441659 0.0111133
41 -0.441627 0.0108389
42 -0.442268 0.0105971
43 -0.437839 0.0112558
44 -0.437858 0.010997
45 -0.438367 0.0107619
46 -0.437493 0.0105616
47 -0.43752 0.0103345
48 -0.437506 0.0101169
49 -0.435594 0.0100911
50 -0.437196 0.0100162
51 -0.435805 0.00991593
52 -0.436429 0.00974337
53 -0.438802 0.00984802
54 -0.439537 0.00969185
55 -0.439521 0.00951402
56 -0.440588 0.00940325
57 -0.440745 0.00923815
58 -0.442939 0.00933889
59 -0.442954 0.00917925
60 -0.441492 0.00914259
61 -0.442767 0.0090814
62 -0.442659 0.00893438
63 -0.439126 0.00947484
64 -0.438186 0.00937292
65 -0.438013 0.00922921
66 -0.437945 0.00908855
67 -0.43705 0.00899654
68 -0.436094 0.00891461
69 -0.435006 0.00885158
70 -0.435118 0.00872493
71 -0.435223 0.00860181
72 -0.43523 0.0084815
73 -0.435145 0.00836494
74 -0.434639 0.00826663
75 -0.436569 0.008381
76 -0.437801 0.00836122
77 -0.438228 0.00826297
78 -0.438984 0.0081913
79 -0.439475 0.00810182
80 -0.438647 0.00804264
81 -0.43816 0.00795765
82 -0.438296 0.00786119
83 -0.437812 0.007781
84 -0.438467 0.00771569
85 -0.438144 0.00763121
86 -0.439192 0.0076144
87 -0.438416 0.00756625
88 -0.438272 0.00748117
89 -0.438817 0.00741672
90 -0.438326 0.00735029
91 -0.437824 0.0072864
92 -0.439359 0.00736851
93 -0.438575 0.0073309
94 -0.439371 0.00729605
95 -0.439052 0.0072259
96 -0.438969 0.00715071
97 -0.43917 0.00707944
98 -0.439435 0.00701184
99 -0.438981 0.00695548
100 -0.43947 0.00690293
101 -0.440252 0.00687886
102 -0.442053 0.0070451
103 -0.442363 0.00698326
104 -0.443385 0.00699089
105 -0.444201 0.00697198
106 -0.444181 0.00690592
107 -0.445241 0.00692279
108 -0.445332 0.00685899
109 -0.445686 0.00680495
110 -0.446276 0.00676863
111 -0.446111 0.0067094
112 -0.446133 0.00664926
113 -0.445351 0.00663645
114 -0.44535 0.00657798
115 -0.445067 0.00652666
116 -0.445985 0.00653502
117 -0.446365 0.00649005
118 -0.447337 0.0065078
119 -0.448273 0.00652041
120 -0.448967 0.00650294
121 -0.448517 0.00646465
122 -0.448832 0.0064192
123 -0.448945 0.00636779
124 -0.448844 0.00631704
125 -0.447808 0.00635131
126 -0.448118 0.0063083
127 -0.448854 0.00630163
128 -0.448878 0.00625225
129 -0.448518 0.00621405
130 -0.44886 0.00617558
131 -0.448877 0.00612828
132 -0.449009 0.00608311
133 -0.448877 0.00603865
134 -0.449302 0.00600848
135 -0.449239 0.00596415
136 -0.448191 0.00601201
137 -0.448436 0.00597296
138 -0.449051 0.00596135
139 -0.449504 0.00593562
140 -0.449135 0.00590459
141 -0.449054 0.00586312
142 -0.448584 0.00584069
143 -0.447658 0.00587303
144 -0.44739 0.00583826
145 -0.446847 0.00582323
146 -0.44582 0.00587377
147 -0.445445 0.00584569
148 -0.445373 0.00580651
149 -0.44527 0.00576834
150 -0.44533 0.00573007
151 -0.445583 0.00569765
152 -0.445251 0.00566979
153 -0.445419 0.0056351
154 -0.445175 0.00560368
155 -0.445327 0.00556949
156 -0.445385 0.00553397
157 -0.445356 0.00549868
158 -0.44574 0.00547728
159 -0.445939 0.00544635
160 -0.445476 0.00543196
161 -0.446077 0.00543146
162 -0.445953 0.00539925
163 -0.446926 0.0054536
164 -0.446698 0.00542505
165 -0.446927 0.00539692
166 -0.446642 0.00537186
167 -0.446606 0.00533972
168 -0.446795 0.00531124
169 -0.446199 0.00531332
170 -0.446169 0.00528205
171 -0.445469 0.00529751
172 -0.445526 0.00526692
173 -0.445708 0.00523957
174 -0.445921 0.00521373
175 -0.446378 0.00520396
176 -0.446151 0.00517932
177 -0.446333 0.00515319
178 -0.446037 0.00513272
179 -0.446193 0.00510635
180 -0.445502 0.00512466
181 -0.445796 0.00510475
182 -0.445952 0.00507901
183 -0.445631 0.00506135
184 -0.445424 0.00503804
185 -0.445581 0.00501321
186 -0.44621 0.00502562
187 -0.446191 0.00499871
188 -0.446575 0.00498687
189 -0.446617 0.00496059
190 -0.446681 0.00493484
191 -0.4465 0.00491229
192 -0.446626 0.00488828
193 -0.446435 0.00486664
194 -0.446646 0.0048461
195 -0.447191 0.00485182
196 -0.447152 0.00482716
197 -0.447139 0.00480261
198 -0.447359 0.00478336
199 -0.447045 0.00476963
200 -0.446439 0.00478433
201 -0.446652 0.00476526
202 -0.446691 0.00474177
203 -0.446469 0.00472359
204 -0.446551 0.0047011
205 -0.44667 0.00467964
206 -0.446594 0.00465748
207 -0.44645 0.00463718
208 -0.446537 0.00461564
209 -0.446417 0.00459505
210 -0.446407 0.00457313
211 -0.445945 0.00457479
212 -0.446132 0.00455703
213 -0.44578 0.00454923
214 -0.446069 0.00453713
215 -0.445838 0.0045219
216 -0.446207 0.00451606
217 -0.446485 0.00450378
218 -0.446194 0.00449254
219 -0.446179 0.004472
220 -0.446186 0.00445163
221 -0.445735 0.00445437
222 -0.445548 0.00443816
223 -0.445462 0.00441906
224 -0.444891 0.00443616
225 -0.445146 0.00442372
226 -0.444733 0.00442337
227 -0.444446 0.00441317
228 -0.444633 0.00439772
229 -0.443922 0.0044357
230 -0.443743 0.00442
231 -0.443551 0.00440502
232 -0.444049 0.00441416
233 -0.443896 0.00439781
234 -0.444186 0.00438854
235 -0.444704 0.00440039
236 -0.444425 0.00439056
237 -0.444671 0.00437891
238 -0.444747 0.00436114
239 -0.444676 0.00434344
240 -0.445123 0.00434832
241 -0.444815 0.00434118
242 -0.445307 0.00435114
243 -0.444726 0.004372
244 -0.44497 0.00436093
245 -0.444761 0.00434816
246 -0.444383 0.0043469
247 -0.444408 0.00432934
248 -0.444381 0.00431193
249 -0.444069 0.00430591
250 -0.444054 0.00428867
251 -0.444221 0.00427481
252 -0.444334 0.00425932
253 -0.444212 0.00424421
254 -0.444298 0.00422835
255 -0.44398 0.00422377
256 -0.443408 0.00424586
257 -0.443307 0.00423051
258 -0.443424 0.00421569
259 -0.443715 0.00420946
260 -0.443249 0.00421907
261 -0.44305 0.00420757
262 -0.442927 0.00419329
263 -0.442867 0.00417775
264 -0.442441 0.00418355
265 -0.442365 0.00416843
266 -0.442479 0.00415428
267 -0.44227 0.00414393
268 -0.442403 0.00413058
269 -0.442506 0.00411648
270 -0.442433 0.00410186
271 -0.442421 0.00408671
272 -0.442462 0.00407187
273 -0.44287 0.0040773
274 -0.442617 0.00407023
275 -0.442497 0.00405717
276 -0.442308 0.00404685
277 -0.442573 0.00404089
278 -0.442675 0.00402762
279 -0.442618 0.00401356
280 -0.442466 0.0040021
281 -0.442332 0.00399009
282 -0.442652 0.00398882
283 -0.442582 0.00397532
284 -0.441824 0.00403318
285 -0.441912 0.00401996
286 -0.441692 0.00401188
287 -0.441669 0.00399795
288 -0.441329 0.0039985
289 -0.440799 0.00401971
290 -0.440906 0.00400724
291 -0.440932 0.00399353
292 -0.440949 0.00397987
293 -0.440785 0.00396963
294 -0.440788 0.00395611
295 -0.440509 0.00395257
296 -0.440629 0.00394104
297 -0.4406 0.00392786
298 -0.440674 0.00391537
299 -0.441149 0.00393096
300 -0.441321 0.00392162
301 -0.441237 0.00390948
302 -0.440981 0.00390493
303 -0.440622 0.00390852
304 -0.440765 0.00389828
305 -0.440767 0.00388548
306 -0.440654 0.00387442
307 -0.440619 0.00386194
308 -0.440325 0.00386063
309 -0.440651 0.00386189
310 -0.44106 0.00387105
311 -0.441231 0.00386239
312 -0.441424 0.00385484
313 -0.441095 0.0038566
314 -0.441174 0.00384511
315 -0.441412 0.00384032
316 -0.441476 0.00382868
317 -0.441282 0.00382154
318 -0.441313 0.00380963
319 -0.441039 0.0038075
320 -0.44128 0.0038032
321 -0.441503 0.00379789
322 -0.441278 0.00379275
323 -0.441557 0.00379126
324 -0.440887 0.0038385
325 -0.440447 0.00385192
326 -0.440451 0.00384008
327 -0.440522 0.00382899
328 -0.44063 0.00381882
329 -0.44055 0.00380803
330 -0.440663 0.00379815
331 -0.440991 0.00380085
332 -0.441124 0.00379171
333 -0.441109 0.00378034
334 -0.441278 0.00377283
335 -0.44152 0.00376932
336 -0.441548 0.00375819
337 -0.441314 0.0037543
338 -0.441338 0.00374325
339 -0.441425 0.0037332
340 -0.44143 0.00372221
341 -0.44146 0.0037114
342 -0.441288 0.00370452
343 -0.441177 0.00369535
344 -0.441251 0.00368532
345 -0.441638 0.00369497
346 -0.440554 0.00384026
347 -0.440685 0.00383139
348 -0.440795 0.00382197
349 -0.44069 0.00381247
350 -0.440919 0.0038085
351 -0.441049 0.00379983
352 -0.441497 0.00381544
353 -0.441636 0.00380716
354 -0.441713 0.00379717
355 -0.442042 0.00380075
356 -0.441968 0.00379079
357 -0.442148 0.00378442
358 -0.442159 0.00377385
359 -0.442391 0.00377046
360 -0.442588 0.00376513
361 -0.442473 0.00375646
362 -0.44267 0.00375127
363 -0.442598 0.00374161
364 -0.442624 0.00373141
365 -0.442753 0.00372341
366 -0.442701 0.00371358
367 -0.44244 0.00371266
368 -0.442248 0.00370751
369 -0.44233 0.00369836
370 -0.442451 0.00369031
371 -0.442382 0.003681
372 -0.442413 0.00367122
373 -0.442552 0.00366399
374 -0.442477 0.00365495
375 -0.442291 0.00364994
376 -0.442226 0.0036408
377 -0.442041 0.00363581
378 -0.442202 0.00362973
379 -0.44204 0.00362375
380 -0.442201 0.00361778
381 -0.442082 0.00361023
382 -0.441901 0.00360531
383 -0.441909 0.00359589
384 -0.441984 0.00358731
385 -0.442291 0.00359116
386 -0.442393 0.00358328
387 -0.442363 0.00357413
388 -0.442236 0.00356719
389 -0.4423 0.00355859
390 -0.442383 0.00355042
391 -0.442238 0.00354428
392 -0.442276 0.00353543
393 -0.44233 0.00352684
394 -0.442072 0.00352735
395 -0.440646 0.00379641
396 -0.440496 0.00378978
397 -0.440684 0.00378486
398 -0.440749 0.00377592
399 -0.440861 0.0037681
400 -0.441065 0.0037642
401 -0.44121 0.0037576
402 -0.441397 0.00375291
403 -0.441429 0.00374372
404 -0.441482 0.00373482
405 -0.441405 0.00372639
406 -0.441384 0.00371726
407 -0.441103 0.00371875
408 -0.441125 0.00370969
409 -0.441295 0.00370453
410 -0.44147 0.00369962
411 -0.441519 0.00369093
412 -0.44133 0.00368682
413 -0.441255 0.00367863
414 -0.441385 0.00367203
415 -0.441694 0.00367614
416 -0.441754 0.00366779
417 -0.441671 0.00365993
418 -0.441471 0.00365664
419 -0.441703 0.00365528
420 -0.441472 0.00365393
421 -0.441711 0.00365311
422 -0.44169 0.00364451
423 -0.441586 0.00363737
424 -0.441674 0.00362984
425 -0.441792 0.00362321
426 -0.441822 0.00361482
427 -0.441962 0.00360906
428 -0.442162 0.0036062
429 -0.441793 0.00361672
430 -0.441721 0.00360901
431 -0.44188 0.00360415
432 -0.441693 0.00360068
433 -0.441745 0.00359272
434 -0.441778 0.00358459
435 -0.441991 0.00358269
436 -0.442191 0.00358005
437 -0.442259 0.0035725
438 -0.442188 0.00356505
439 -0.442521 0.00357249
440 -0.44262 0.00356574
441 -0.442764 0.00356056
442 -0.442675 0.0035536
443 -0.442825 0.00354871
444 -0.442622 0.0035465
445 -0.442595 0.00353863
446 -0.442544 0.00353106
447 -0.442436 0.00352479
448 -0.442201 0.00352477
449 -0.442404 0.00352272
450 -0.442166 0.00352288
451 -0.442215 0.0035154
452 -0.442297 0.00350856
453 -0.442597 0.00351365
454 -0.442625 0.00350601
455 -0.442559 0.00349891
456 -0.442729 0.00349534
457 -0.442533 0.00349314
458 -0.442567 0.00348566
459 -0.442311 0.0034875
460 -0.442362 0.00348029
461 -0.442496 0.00347531
462 -0.442481 0.00346782
463 -0.442744 0.00347027
464 -0.442754 0.0034628
465 -0.442868 0.00345723
466 -0.442844 0.00344989
467 -0.443017 0.00344685
468 -0.443182 0.00344342
469 -0.443143 0.00343629
470 -0.443208 0.00342959
471 -0.443116 0.00342353
472 -0.443248 0.00341881
473 -0.443332 0.00341261
474 -0.443371 0.00340563
475 -0.443193 0.00340313
476 -0.443427 0.00340407
477 -0.443494 0.00339758
478 -0.443596 0.003392
479 -0.443897 0.00339826
480 -0.443894 0.00339117
481 -0.444081 0.00338931
482 -0.444109 0.00338238
483 -0.444162 0.00337579
484 -0.444318 0.00337243
485 -0.444285 0.00336562
486 -0.444479 0.00336427
487 -0.444517 0.00335757
488 -0.444559 0.00335094
489 -0.444538 0.00334414
490 -0.444704 0.00334146
491 -0.444818 0.0033366
492 -0.44476 0.00333033
493 -0.444823 0.00332418
494 -0.44499 0.00332162
495 -0.444715 0.0033263
496 -0.444826 0.00332147
497 -0.444613 0.00332162
498 -0.444666 0.00331537
499 -0.444559 0.00331045
500 -0.444795 0.00331219
501 -0.444711 0.00330664
502 -0.444583 0.00330251
503 -0.444725 0.00329897
504 -0.44489 0.00329655
505 -0.444839 0.00329041
506 -0.444738 0.00328543
507 -0.444717 0.00327902
508 -0.444619 0.003274
509 -0.444484 0.00327036
510 -0.444703 0.0032713
511 -0.444908 0.0032713
512 -0.444919 0.00326492
513 -0.444879 0.00325879
514 -0.444806 0.00325328
515 -0.444656 0.00325039
516 -0.444759 0.00324571
517 -0.444687 0.00324022
518 -0.444573 0.00323598
519 -0.444627 0.00323019
520 -0.44449 0.00322688
521 -0.444544 0.00322114
522 -0.444486 0.00321549
523 -0.444455 0.00320949
524 -0.444364 0.00320465
525 -0.444489 0.00320099
526 -0.444712 0.00320268
527 -0.444804 0.0031979
528 -0.444978 0.00319659
529 -0.445048 0.00319132
530 -0.44505 0.00318529
531 -0.444896 0.00318301
532 -0.444461 0.00320668
533 -0.444443 0.00320071
534 -0.444451 0.00319472
535 -0.444384 0.00318944
536 -0.44442 0.00318369
537 -0.444344 0.00317869
538 -0.444328 0.00317282
539 -0.444288 0.00316718
540 -0.444226 0.00316191
541 -0.444387 0.00316019
542 -0.444464 0.00315529
543 -0.444496 0.00314964
544 -0.444658 0.00314797
545 -0.444546 0.00314416
546 -0.44456 0.00313843
547 -0.44457 0.0031327
548 -0.444539 0.00312713
549 -0.444703 0.00312573
550 -0.444788 0.00312122
551 -0.444863 0.00311644
552 -0.445032 0.00311537
553 -0.444985 0.00311009
554 -0.445027 0.00310476
555 -0.444963 0.00309983
556 -0.445094 0.00309705
557 -0.445078 0.00309153
558 -0.444998 0.00308702
559 -0.445032 0.00308168
560 -0.445126 0.00307761
561 -0.445001 0.00307468
562 -0.445042 0.00306948
563 -0.445119 0.00306499
564 -0.445092 0.00305967
565 -0.445148 0.00305477
566 -0.445167 0.00304942
567 -0.445263 0.00304555
568 -0.445272 0.00304019
569 -0.445271 0.00303484
570 -0.445467 0.00303583
571 -0.445469 0.00303051
572 -0.44557 0.0030269
573 -0.445608 0.00302185
574 -0.445729 0.003019
575 -0.445841 0.00301582
576 -0.445481 0.00303203
577 -0.445562 0.00302787
578 -0.445692 0.00302542
579 -0.4456 0.0030216
580 -0.445393 0.00302349
581 -0.44525 0.00302169
582 -0.445126 0.00301903
583 -0.445309 0.0030194
584 -0.445256 0.00301468
585 -0.445276 0.00300959
586 -0.445203 0.00300531
587 -0.445316 0.00300232
588 -0.445314 0.00299721
589 -0.445178 0.00299519
590 -0.445187 0.00299013
591 -0.445058 0.00298785
592 -0.444932 0.00298547
593 -0.444977 0.00298078
594 -0.445152 0.0029809
595 -0.445168 0.00297593
596 -0.445302 0.00297392
597 -0.445335 0.00296912
598 -0.445401 0.00296488
599 -0.445383 0.00295998
600 -0.445245 0.00295827
601 -0.445316 0.0029542
602 -0.445218 0.00295092
603 -0.445316 0.00294766
604 -0.445316 0.00294278
605 -0.4454 0.00293911
606 -0.445498 0.00293588
607 -0.445519 0.00293111
608 -0.4456 0.00292741
609 -0.445635 0.0029228
610 -0.445773 0.0029213
611 -0.445808 0.00291672
612 -0.445866 0.00291253
613 -0.445886 0.00290784
614 -0.445841 0.00290346
615 -0.446011 0.00290374
616 -0.446146 0.00290217
617 -0.4463 0.00290152
618 -0.44621 0.00289822
619 -0.446224 0.00289358
620 -0.446224 0.0028889
621 -0.446254 0.0028844
622 -0.446218 0.00287999
623 -0.44615 0.00287617
624 -0.446176 0.00287167
625 -0.446126 0.00286751
626 -0.446269 0.00286649
627 -0.446114 0.0028661
628 -0.446152 0.00286178
629 -0.446126 0.00285734
630 -0.446108 0.00285286
631 -0.445946 0.00285291
632 -0.446103 0.00285268
633 -0.446234 0.00285123
634 -0.446224 0.00284674
635 -0.446195 0.0028424
636 -0.445903 0.00285289
637 -0.445744 0.00285285
638 -0.445562 0.00285418
639 -0.445443 0.00285222
640 -0.445435 0.00284777
641 -0.445653 0.00285168
642 -0.445814 0.00285177
643 -0.445745 0.00284817
644 -0.445753 0.00284376
645 -0.445835 0.00284052
646 -0.445905 0.00283699
647 -0.445901 0.0028326
648 -0.445983 0.00282941
649 -0.446006 0.00282514
650 -0.445941 0.00282154
651 -0.445912 0.00281734
652 -0.445957 0.00281338
653 -0.445998 0.00280936
654 -0.446134 0.00280836
655 -0.446152 0.00280413
656 -0.446255 0.00280174
657 -0.446374 0.00279998
658 -0.446419 0.00279608
659 -0.446624 0.00279935
660 -0.446529 0.00279671
661 -0.446579 0.00279292
662 -0.446558 0.00278878
663 -0.446618 0.00278521
664 -0.446567 0.00278148
665 -0.446639 0.00277822
666 -0.446845 0.00278169
667 -0.446913 0.00277835
668 -0.446926 0.00277422
669 -0.447061 0.00277339
670 -0.447045 0.00276929
671 -0.447026 0.00276523
672 -0.447183 0.00276561
673 -0.447214 0.00276167
674 -0.447271 0.00275816
675 -0.447184 0.00275546
676 -0.447147 0.00275163
677 -0.447039 0.00274967
678 -0.446936 0.00274756
679 -0.447131 0.00275046
680 -0.446869 0.00275891
681 -0.446852 0.00275491
682 -0.44683 0.00275096
683 -0.446781 0.00274737
684 -0.446781 0.00274335
685 -0.446828 0.00273974
686 -0.446895 0.00273658
687 -0.446894 0.00273259
688 -0.44683 0.00272937
689 -0.446912 0.00272664
690 -0.446752 0.00272739
691 -0.44677 0.00272351
692 -0.446653 0.00272208
693 -0.446478 0.0027238
694 -0.446468 0.00271989
695 -0.446554 0.00271736
696 -0.44655 0.00271346
697 -0.446442 0.00271171
698 -0.446415 0.00270796
699 -0.446197 0.0027128
700 -0.446218 0.002709
701 -0.446181 0.00270539
702 -0.446263 0.00270276
703 -0.446273 0.00269894
704 -0.446343 0.00269602
705 -0.446299 0.00269255
706 -0.446161 0.00269227
707 -0.446148 0.00268849
708 -0.446107 0.002685
709 -0.446281 0.00268688
710 -0.446288 0.0026831
711 -0.446423 0.00268272
712 -0.446414 0.00267897
713 -0.446409 0.00267521
714 -0.446556 0.00267549
715 -0.44673 0.00267739
716 -0.446763 0.00267385
717 -0.446763 0.00267012
718 -0.446797 0.00266661
719 -0.446851 0.00266345
720 -0.446879 0.00265989
721 -0.446627 0.00266807
722 -0.44673 0.00266635
723 -0.446735 0.00266266
724 -0.446641 0.00266067
725 -0.446028 0.00272668
726 -0.446085 0.00272351
727 -0.44581 0.00273364
728 -0.445809 0.00272989
729 -0.445861 0.00272662
730 -0.445811 0.00272334
731 -0.445752 0.00272025
732 -0.445677 0.00271756
733 -0.445789 0.00271615
734 -0.445777 0.00271247
735 -0.445809 0.00270897
736 -0.445746 0.00270602
737 -0.44589 0.00270617
738 -0.445951 0.00270319
739 -0.44611 0.00270419
740 -0.44606 0.00270098
741 -0.446006 0.00269788
742 -0.445982 0.00269435
743 -0.445981 0.00269072
744 -0.446015 0.00268731
745 -0.446091 0.0026848
746 -0.445922 0.00268652
747 -0.445868 0.00268346
748 -0.445899 0.00268005
749 -0.445897 0.00267647
750 -0.445862 0.00267312
751 -0.445949 0.00267096
752 -0.445936 0.00266744
753 -0.445979 0.00266424
754 -0.445973 0.00266071
755 -0.445828 0.00266113
756 -0.445872 0.00265796
757 -0.445789 0.00265572
758 -0.445823 0.00265242
759 -0.445954 0.00265219
760 -0.445914 0.00264901
761 -0.445993 0.00264671
762 -0.446004 0.00264326
763 -0.44589 0.00264224
764 -0.445948 0.00263942
765 -0.445901 0.0026364
766 -0.446059 0.00263773
767 -0.446067 0.00263429
768 -0.446092 0.00263099
769 -0.446069 0.00262767
770 -0.44607 0.00262426
771 -0.446086 0.0026209
772 -0.446061 0.00261761
773 -0.446135 0.00261524
774 -0.446393 0.00262462
775 -0.446403 0.00262125
776 -0.446274 0.00262105
777 -0.446227 0.0026181
778 -0.446229 0.00261473
779 -0.446247 0.00261144
780 -0.44634 0.00260973
781 -0.446325 0.00260643
782 -0.446341 0.00260314
783 -0.446398 0.00260045
784 -0.446379 0.0025972
785 -0.446341 0.00259418
786 -0.446262 0.00259207
787 -0.446313 0.00258928
788 -0.446228 0.00258739
789 -0.446195 0.00258431
790 -0.446164 0.00258123
791 -0.446215 0.00257846
792 -0.446117 0.00257706
793 -0.445971 0.00257794
794 -0.445936 0.00257494
795 -0.445963 0.00257185
796 -0.446094 0.00257195
797 -0.446168 0.00256979
798 -0.446185 0.00256662
799 -0.446239 0.00256397
800 -0.446252 0.0025608
801 -0.446233 0.00255768
802 -0.446314 0.00255578
803 -0.446139 0.00255859
804 -0.445925 0.00256436
805 -0.445923 0.00256118
806 -0.446049 0.00256109
807 -0.446085 0.00255817
808 -0.446052 0.00255521
809 -0.445967 0.00255348
810 -0.445815 0.00255486
811 -0.445845 0.00255188
812 -0.445891 0.00254915
813 -0.445909 0.00254608
814 -0.445862 0.00254337
815 -0.445958 0.00254204
816 -0.445954 0.00253892
817 -0.445998 0.00253619
818 -0.445943 0.00253368
819 -0.44601 0.00253147
820 -0.445919 0.00253003
821 -0.445918 0.00252694
822 -0.445907 0.00252389
823 -0.445889 0.00252089
824 -0.445884 0.00251783
825 -0.445743 0.00251874
826 -0.445675 0.00251662
827 -0.445759 0.00251501
828 -0.445798 0.00251228
829 -0.445754 0.00250963
830 -0.445775 0.00250669
831 -0.445859 0.00250506
832 -0.445863 0.00250206
833 -0.445832 0.00249924
834 -0.445841 0.00249626
835 -0.44583 0.00249329
836 -0.445807 0.00249042
837 -0.445735 0.00248847
838 -0.445796 0.00248624
839 -0.445795 0.00248327
840 -0.4458 0.00248032
841 -0.445799 0.00247737
842 -0.445763 0.00247469
843 -0.445692 0.00247279
844 -0.445707 0.00246991
845 -0.445807 0.00246901
846 -0.445718 0.00246769
847 -0.445717 0.00246478
848 -0.445853 0.00246562
849 -0.445936 0.0024641
850 -0.446053 0.00246397
851 -0.446079 0.00246122
852 -0.446037 0.00245869
853 -0.446025 0.00245583
854 -0.446093 0.00245388
855 -0.446042 0.00245153
856 -0.445952 0.00245033
857 -0.445997 0.0024479
858 -0.445599 0.00247731
859 -0.445515 0.00247585
860 -0.445556 0.0024733
861 -0.445557 0.00247043
862 -0.445601 0.00246795
863 -0.445714 0.00246771
864 -0.445799 0.00246631
865 -0.445791 0.00246347
866 -0.445962 0.0024666
867 -0.445962 0.00246375
868 -0.445758 0.00246934
869 -0.445807 0.00246697
870 -0.445724 0.00246552
871 -0.445851 0.00246595
872 -0.445906 0.00246373
873 -0.445928 0.00246101
874 -0.445798 0.00246164
875 -0.445843 0.00245924
876 -0.445787 0.00245706
877 -0.445723 0.0024551
878 -0.445679 0.00245269
879 -0.445698 0.00244998
880 -0.445649 0.00244768
881 -0.445592 0.00244555
882 -0.445627 0.00244302
883 -0.445708 0.00244162
884 -0.445735 0.002439
885 -0.445758 0.00243635
886 -0.445783 0.00243373
887 -0.445644 0.00243496
888 -0.445582 0.002433
889 -0.445709 0.00243357
890 -0.445612 0.00243277
891 -0.445659 0.00243048
892 -0.445704 0.00242818
893 -0.445667 0.00242574
894 -0.445639 0.00242319
895 -0.445643 0.00242049
896 -0.445625 0.00241785
897 -0.445712 0.00241672
898 -0.44576 0.00241451
899 -0.445823 0.00241263
900 -0.44579 0.00241016
901 -0.445737 0.00240808
902 -0.445718 0.00240548
903 -0.445677 0.00240317
904 -0.445521 0.00240556
905 -0.445575 0.00240351
906 -0.445544 0.00240106
907 -0.445665 0.00240143
908 -0.445686 0.00239888
909 -0.445631 0.00239686
910 -0.44559 0.00239458
911 -0.445641 0.00239249
912 -0.445635 0.00238987
913 -0.445841 0.00239609
914 -0.445876 0.00239372
915 -0.445999 0.00239426
916 -0.446056 0.00239232
917 -0.446011 0.00239014
918 -0.445983 0.00238769
919 -0.445944 0.00238542
920 -0.446024 0.00238418
921 -0.446011 0.00238162
922 -0.44612 0.00238153
923 -0.446189 0.00237995
924 -0.446 0.00238487
925 -0.446032 0.00238252
926 -0.445966 0.00238088
927 -0.445877 0.00237997
928 -0.445577 0.00239617
929 -0.445597 0.00239367
930 -0.445456 0.00239528
931 -0.445546 0.00239443
932 -0.445479 0.00239279
933 -0.445498 0.0023903
934 -0.44556 0.00238853
935 -0.445608 0.00238647
936 -0.445599 0.00238393
937 -0.445684 0.00238288
938 -0.445617 0.00238127
939 -0.44556 0.00237942
940 -0.445637 0.00237814
941 -0.44561 0.00237576
942 -0.445512 0.00237529
943 -0.445195 0.00239385
944 -0.445269 0.00239247
945 -0.445426 0.00239504
946 -0.445238 0.00239986
947 -0.445261 0.00239744
948 -0.445111 0.00239956
949 -0.445061 0.00239755
950 -0.444986 0.00239621
951 -0.444923 0.00239452
952 -0.444883 0.00239234
953 -0.444884 0.00238983
954 -0.444929 0.00238775
955 -0.444916 0.00238529
956 -0.444977 0.00238359
957 -0.445028 0.00238164
958 -0.445014 0.0023792
959 -0.445003 0.00237674
960 -0.44507 0.00237521
961 -0.445057 0.00237276
962 -0.445071 0.00237034
963 -0.445235 0.00237353
964 -0.44529 0.0023717
965 -0.445343 0.00236983
966 -0.445368 0.00236751
967 -0.445454 0.00236662
968 -0.445578 0.00236745
969 -0.445634 0.00236567
970 -0.445651 0.00236329
971 -0.445702 0.0023614
972 -0.445731 0.00235915
973 -0.445781 0.00235724
974 -0.445724 0.00235552
975 -0.445673 0.00235364
976 -0.445629 0.00235164
977 -0.445666 0.00234953
978 -0.44553 0.00235108
979 -0.445517 0.00234872
980 -0.44557 0.00234692
981 -0.445646 0.00234575
982 -0.445611 0.00234363
983 -0.445722 0.00234386
984 -0.445732 0.0023415
985 -0.445653 0.00234046
986 -0.445601 0.00233868
987 -0.445669 0.00233731
988 -0.445705 0.00233521
989 -0.44564 0.00233374
990 -0.445634 0.00233139
991 -0.44562 0.00232908
992 -0.445782 0.00233234
993 -0.445693 0.00233166
994 -0.445837 0.00233376
995 -0.445861 0.00233154
996 -0.445766 0.00233115
997 -0.445844 0.00233012
998 -0.445888 0.0023282
999 -0.446053 0.00233169
1000 -0.446069 0.00232941
