n_block              T     sigma             mu            <H>         H_err
1 100 1.04934 0.921044 0.607436 0.015815
2 33.3333 0.976704 0.897431 0.273581 0.0122565
3 16.6667 1.07645 1.0689 1.45635 0.0231934
4 10 1.02883 1.1938 1.9659 0.0240578
5 6.66667 1.03097 1.21922 2.22245 0.0284096
6 4.7619 0.697902 1.21343 0.553901 0.00791733
7 3.57143 0.503341 1.09225 -0.0131042 0.00239874
8 2.77778 0.610514 0.924775 -0.380138 0.0019401
9 2.22222 0.403032 0.957491 0.290431 0.00613433
10 1.81818 0.468949 0.823951 -0.158193 0.00399149
11 1.51515 0.405888 0.991364 0.291762 0.00562352
12 1.28205 0.970099 1.08319 0.97748 0.0184192
13 1.0989 0.970099 1.08319 0.97748 0.0269903
14 0.952381 0.941345 1.00927 0.515825 0.0139754
15 0.833333 1.17043 1.07836 2.09479 0.0283024
16 0.735294 1.15613 1.12333 2.26601 0.030308
17 0.653595 1.22882 1.01667 2.03443 0.0351679
18 0.584795 1.17533 0.987204 1.48832 0.0266693
19 0.526316 0.850995 1.09264 0.510495 0.011342
20 0.47619 0.633822 1.03401 -0.195551 0.00316407
21 0.4329 0.633822 1.03401 -0.195551 0.0129686
22 0.395257 0.666831 1.04124 -0.1417 0.00434105
23 0.362319 0.666831 1.04124 -0.1417 0.0107637
24 0.333333 0.593702 1.00189 -0.277272 0.00227577
25 0.307692 0.605235 0.980358 -0.313762 0.002
26 0.2849 0.605235 0.980358 -0.313762 0.0120093
27 0.26455 0.605235 0.980358 -0.313762 0.00569719
28 0.246305 0.605235 0.980358 -0.313762 0.0202072
29 0.229885 0.595367 0.884697 -0.415862 0.00159013
30 0.215054 0.705801 0.956634 -0.256081 0.00416159
31 0.201613 0.705801 0.956634 -0.256081 0.0038819
32 0.189394 0.705801 0.956634 -0.256081 0.00978871
33 0.178253 0.708435 0.796559 -0.394744 0.00250024
34 0.168067 0.708435 0.796559 -0.394744 0.00605474
35 0.15873 0.708435 0.796559 -0.394744 0.00993102
36 0.15015 0.708435 0.796559 -0.394744 0.00896309
37 0.142248 0.518172 0.814699 -0.342731 0.00315627
38 0.134953 0.518172 0.814699 -0.342731 0.00549789
39 0.128205 0.518172 0.814699 -0.342731 0.00277288
40 0.121951 0.518172 0.814699 -0.342731 0.0446597
41 0.116144 0.518172 0.814699 -0.342731 0.0109283
42 0.110742 0.494715 0.821679 -0.259768 0.00344878
43 0.105708 0.543285 0.703995 -0.369293 0.00212192
44 0.10101 0.80036 0.81069 -0.276247 0.00501788
45 0.0966184 0.662269 0.84515 -0.420454 0.00219453
46 0.0925069 0.662269 0.84515 -0.420454 0.00433264
47 0.0886525 0.662269 0.84515 -0.420454 0.00346034
48 0.085034 0.664328 0.839449 -0.42001 0.00174237
49 0.0816327 0.664328 0.839449 -0.42001 0.00219404
50 0.0784314 0.664328 0.839449 -0.42001 0.00242202
51 0.0754148 0.664328 0.839449 -0.42001 0.00394991
52 0.0725689 0.578465 0.848394 -0.423139 0.00156388
53 0.0698812 0.671535 0.798283 -0.425544 0.00156709
54 0.0673401 0.671535 0.798283 -0.425544 0.0107388
55 0.0649351 0.620789 0.875189 -0.418937 0.00158091
56 0.0626566 0.647538 0.803234 -0.435934 0.00148541
57 0.0604961 0.647538 0.803234 -0.435934 0.00300705
58 0.0584454 0.647538 0.803234 -0.435934 0.00545205
59 0.0564972 0.647538 0.803234 -0.435934 0.00343898
60 0.0546448 0.647538 0.803234 -0.435934 0.00426664
61 0.0528821 0.647538 0.803234 -0.435934 0.00319469
62 0.0512033 0.662729 0.696677 -0.400602 0.0014151
63 0.0496032 0.725912 0.622025 -0.340884 0.00218167
64 0.0480769 0.725912 0.622025 -0.340884 0.00460888
65 0.04662 0.725912 0.622025 -0.340884 0.00921923
66 0.0452284 0.771556 0.716832 -0.34267 0.00322567
67 0.0438982 0.771556 0.716832 -0.34267 0.00327218
68 0.0426257 0.756949 0.780394 -0.350535 0.00303179
69 0.0414079 0.740682 0.759072 -0.370757 0.00292401
70 0.0402414 0.740682 0.759072 -0.370757 0.0134737
71 0.0391236 0.740682 0.759072 -0.370757 0.00760863
72 0.0380518 0.67982 0.820717 -0.410278 0.0025008
73 0.0370233 0.67982 0.820717 -0.410278 0.00206256
74 0.036036 0.67982 0.820717 -0.410278 0.00181856
75 0.0350877 0.67982 0.820717 -0.410278 0.00861098
76 0.0341763 0.67982 0.820717 -0.410278 0.00202704
77 0.0333 0.67982 0.820717 -0.410278 0.00871784
78 0.032457 0.67982 0.820717 -0.410278 0.0114646
79 0.0316456 0.67982 0.820717 -0.410278 0.00339811
80 0.0308642 0.67982 0.820717 -0.410278 0.00198153
81 0.0301114 0.67982 0.820717 -0.410278 0.00314716
82 0.0293858 0.67982 0.820717 -0.410278 0.00492651
83 0.0286862 0.67982 0.820717 -0.410278 0.00147672
84 0.0280112 0.67982 0.820717 -0.410278 0.00367308
85 0.0273598 0.67982 0.820717 -0.410278 0.00477428
86 0.0267308 0.652065 0.851819 -0.423921 0.00191802
87 0.0261233 0.652065 0.851819 -0.423921 0.00239936
88 0.0255363 0.652065 0.851819 -0.423921 0.00325622
89 0.0249688 0.652065 0.851819 -0.423921 0.0024782
90 0.02442 0.652065 0.851819 -0.423921 0.0026825
91 0.0238892 0.652065 0.851819 -0.423921 0.00387823
92 0.0233754 0.652065 0.851819 -0.423921 0.00284758
93 0.0228781 0.652065 0.851819 -0.423921 0.00326756
94 0.0223964 0.652065 0.851819 -0.423921 0.00429356
95 0.0219298 0.652065 0.851819 -0.423921 0.0142105
96 0.0214777 0.652065 0.851819 -0.423921 0.00238358
97 0.0210393 0.652065 0.851819 -0.423921 0.00964171
98 0.0206143 0.652065 0.851819 -0.423921 0.00579859
99 0.020202 0.559369 0.814931 -0.413417 0.00194123
100 0.019802 0.559369 0.814931 -0.413417 0.00428959
101 0.0194137 0.559369 0.814931 -0.413417 0.0057399
102 0.0190367 0.559369 0.814931 -0.413417 0.00233327
103 0.0186706 0.559369 0.814931 -0.413417 0.00264693
104 0.018315 0.614761 0.899392 -0.404443 0.00172726
105 0.0179695 0.614761 0.899392 -0.404443 0.0065363
106 0.0176336 0.614761 0.899392 -0.404443 0.00651326
107 0.017307 0.614761 0.899392 -0.404443 0.00205892
108 0.0169895 0.71356 0.772567 -0.392223 0.002218
109 0.0166806 0.806047 0.803803 -0.274891 0.00386549
110 0.01638 0.806047 0.803803 -0.274891 0.0137089
111 0.0160875 0.806047 0.803803 -0.274891 0.0123811
112 0.0158028 0.806047 0.803803 -0.274891 0.00589239
113 0.0155255 0.647576 0.748847 -0.431436 0.00136696
114 0.0152555 0.647576 0.748847 -0.431436 0.00170815
115 0.0149925 0.647576 0.748847 -0.431436 0.00177711
116 0.0147362 0.647576 0.748847 -0.431436 0.00848635
117 0.0144865 0.647576 0.748847 -0.431436 0.00302709
118 0.014243 0.647576 0.748847 -0.431436 0.00182713
119 0.0140056 0.647576 0.748847 -0.431436 0.00163163
120 0.0137741 0.647576 0.748847 -0.431436 0.00265511
121 0.0135483 0.647576 0.748847 -0.431436 0.0032164
122 0.013328 0.647576 0.748847 -0.431436 0.00260456
123 0.013113 0.625371 0.736236 -0.430437 0.00101578
124 0.0129032 0.625371 0.736236 -0.430437 0.00418186
125 0.0126984 0.625371 0.736236 -0.430437 0.00137892
126 0.0124984 0.598886 0.771123 -0.438383 0.00108025
127 0.0123031 0.598886 0.771123 -0.438383 0.00594896
128 0.0121124 0.598886 0.771123 -0.438383 0.0124606
129 0.0119261 0.598886 0.771123 -0.438383 0.00209726
130 0.011744 0.598886 0.771123 -0.438383 0.00803902
131 0.011566 0.598886 0.771123 -0.438383 0.00230811
132 0.0113921 0.598886 0.771123 -0.438383 0.00893635
133 0.0112221 0.598886 0.771123 -0.438383 0.00221425
134 0.0110558 0.598886 0.771123 -0.438383 0.00734297
135 0.0108932 0.598886 0.771123 -0.438383 0.00241553
136 0.0107342 0.589528 0.819008 -0.437913 0.00126334
137 0.0105787 0.589528 0.819008 -0.437913 0.00204211
138 0.0104264 0.589528 0.819008 -0.437913 0.00761167
139 0.0102775 0.589528 0.819008 -0.437913 0.00175668
140 0.0101317 0.589528 0.819008 -0.437913 0.0125751
141 0.00998901 0.589528 0.819008 -0.437913 0.00852445
142 0.00984931 0.589528 0.819008 -0.437913 0.00617378
143 0.00971251 0.589528 0.819008 -0.437913 0.00380435
144 0.00957854 0.598556 0.850277 -0.432581 0.00127452
145 0.00944733 0.598556 0.850277 -0.432581 0.00323927
146 0.0093188 0.598556 0.850277 -0.432581 0.00243562
147 0.00919287 0.598556 0.850277 -0.432581 0.00836692
148 0.00906947 0.598556 0.850277 -0.432581 0.0452142
149 0.00894855 0.598556 0.850277 -0.432581 0.00407381
150 0.00883002 0.598556 0.850277 -0.432581 0.00454357
151 0.00871384 0.598556 0.850277 -0.432581 0.00580477
152 0.00859993 0.582615 0.834069 -0.431927 0.00148284
153 0.00848824 0.582615 0.834069 -0.431927 0.00463089
154 0.00837872 0.582615 0.834069 -0.431927 0.0014606
155 0.0082713 0.582615 0.834069 -0.431927 0.00267398
156 0.00816593 0.582615 0.834069 -0.431927 0.0077874
157 0.00806257 0.582615 0.834069 -0.431927 0.00235465
158 0.00796115 0.619289 0.728846 -0.426803 0.00107934
159 0.00786164 0.619289 0.728846 -0.426803 0.00300487
160 0.00776398 0.619289 0.728846 -0.426803 0.00398425
161 0.00766812 0.619289 0.728846 -0.426803 0.0145653
162 0.00757404 0.619289 0.728846 -0.426803 0.0134674
163 0.00748167 0.619289 0.728846 -0.426803 0.00330758
164 0.00739098 0.619289 0.728846 -0.426803 0.00248117
165 0.00730194 0.619289 0.728846 -0.426803 0.00619158
166 0.00721449 0.619289 0.728846 -0.426803 0.00282695
167 0.0071286 0.619289 0.728846 -0.426803 0.00268529
168 0.00704424 0.619289 0.728846 -0.426803 0.00620973
169 0.00696136 0.619289 0.728846 -0.426803 0.00541166
170 0.00687994 0.619289 0.728846 -0.426803 0.0101791
171 0.00679995 0.619289 0.728846 -0.426803 0.0046845
172 0.00672133 0.619289 0.728846 -0.426803 0.00593492
173 0.00664408 0.619289 0.728846 -0.426803 0.00733942
174 0.00656814 0.619289 0.728846 -0.426803 0.00472666
175 0.00649351 0.619289 0.728846 -0.426803 0.00317045
176 0.00642013 0.619289 0.728846 -0.426803 0.00230117
177 0.006348 0.619289 0.728846 -0.426803 0.0218614
178 0.00627707 0.619289 0.728846 -0.426803 0.00464236
179 0.00620732 0.619289 0.728846 -0.426803 0.00297494
180 0.00613874 0.619289 0.728846 -0.426803 0.00288598
181 0.00607128 0.619289 0.728846 -0.426803 0.00416299
182 0.00600492 0.619289 0.728846 -0.426803 0.00292464
183 0.00593965 0.619289 0.728846 -0.426803 0.00240226
184 0.00587544 0.619289 0.728846 -0.426803 0.00746627
185 0.00581226 0.619289 0.728846 -0.426803 0.00540638
186 0.0057501 0.619289 0.728846 -0.426803 0.0114468
187 0.00568893 0.619289 0.728846 -0.426803 0.00185576
188 0.00562873 0.619289 0.728846 -0.426803 0.023015
189 0.00556948 0.619289 0.728846 -0.426803 0.00889964
190 0.00551116 0.619289 0.728846 -0.426803 0.00263775
191 0.00545375 0.619289 0.728846 -0.426803 0.00155792
192 0.00539724 0.619289 0.728846 -0.426803 0.00287238
193 0.0053416 0.619289 0.728846 -0.426803 0.0117827
194 0.00528681 0.619289 0.728846 -0.426803 0.0053784
195 0.00523286 0.619289 0.728846 -0.426803 0.00180094
196 0.00517974 0.619289 0.728846 -0.426803 0.00603061
197 0.00512742 0.619289 0.728846 -0.426803 0.00133593
198 0.00507588 0.619289 0.728846 -0.426803 0.00216918
199 0.00502513 0.619289 0.728846 -0.426803 0.00745527
200 0.00497512 0.619289 0.728846 -0.426803 0.00219633
201 0.00492587 0.619289 0.728846 -0.426803 0.00274154
202 0.00487734 0.619289 0.728846 -0.426803 0.00170342
203 0.00482952 0.619289 0.728846 -0.426803 0.00387466
204 0.0047824 0.619289 0.728846 -0.426803 0.00168666
205 0.00473597 0.619289 0.728846 -0.426803 0.00455831
206 0.00469021 0.619289 0.728846 -0.426803 0.00245452
207 0.00464511 0.619289 0.728846 -0.426803 0.00289501
208 0.00460066 0.619289 0.728846 -0.426803 0.00275002
209 0.00455685 0.619289 0.728846 -0.426803 0.00167858
210 0.00451365 0.628784 0.751512 -0.436282 0.00128762
211 0.00447107 0.628784 0.751512 -0.436282 0.00223361
212 0.00442909 0.628784 0.751512 -0.436282 0.0141033
213 0.0043877 0.628784 0.751512 -0.436282 0.0030042
214 0.00434688 0.628784 0.751512 -0.436282 0.00473343
215 0.00430663 0.628784 0.751512 -0.436282 0.00246789
216 0.00426694 0.628784 0.751512 -0.436282 0.0103417
217 0.00422779 0.628784 0.751512 -0.436282 0.00771244
218 0.00418918 0.628784 0.751512 -0.436282 0.0065271
219 0.0041511 0.628784 0.751512 -0.436282 0.00145584
220 0.00411353 0.628784 0.751512 -0.436282 0.00193827
221 0.00407647 0.628784 0.751512 -0.436282 0.00494467
222 0.00403991 0.628784 0.751512 -0.436282 0.00382395
223 0.00400384 0.628784 0.751512 -0.436282 0.0184391
224 0.00396825 0.628784 0.751512 -0.436282 0.00845788
225 0.00393314 0.628784 0.751512 -0.436282 0.00155831
226 0.00389848 0.628784 0.751512 -0.436282 0.00448957
227 0.00386429 0.628784 0.751512 -0.436282 0.00798939
228 0.00383054 0.628784 0.751512 -0.436282 0.00701695
229 0.00379723 0.628784 0.751512 -0.436282 0.00677683
230 0.00376435 0.628784 0.751512 -0.436282 0.00481945
231 0.0037319 0.628784 0.751512 -0.436282 0.0047573
232 0.00369987 0.628784 0.751512 -0.436282 0.00250199
233 0.00366824 0.628784 0.751512 -0.436282 0.00639342
234 0.00363702 0.628784 0.751512 -0.436282 0.00241911
235 0.0036062 0.628784 0.751512 -0.436282 0.0087022
236 0.00357577 0.628784 0.751512 -0.436282 0.00273974
237 0.00354572 0.628784 0.751512 -0.436282 0.00773081
238 0.00351605 0.628784 0.751512 -0.436282 0.00272951
239 0.00348675 0.628784 0.751512 -0.436282 0.00316748
240 0.00345781 0.628784 0.751512 -0.436282 0.00405862
241 0.00342924 0.628784 0.751512 -0.436282 0.00278203
242 0.00340101 0.628784 0.751512 -0.436282 0.00553578
243 0.00337314 0.628784 0.751512 -0.436282 0.00159711
244 0.0033456 0.628784 0.751512 -0.436282 0.00195723
245 0.0033184 0.628784 0.751512 -0.436282 0.00427615
246 0.00329153 0.628784 0.751512 -0.436282 0.00276136
247 0.00326499 0.628784 0.751512 -0.436282 0.00526175
248 0.00323876 0.628784 0.751512 -0.436282 0.00128358
249 0.00321285 0.628784 0.751512 -0.436282 0.00159101
250 0.00318725 0.628784 0.751512 -0.436282 0.00472708
251 0.00316196 0.628784 0.751512 -0.436282 0.00931509
252 0.00313696 0.628784 0.751512 -0.436282 0.00337369
253 0.00311226 0.628784 0.751512 -0.436282 0.00295394
254 0.00308785 0.628784 0.751512 -0.436282 0.0113598
255 0.00306373 0.628784 0.751512 -0.436282 0.00223089
256 0.00303988 0.628784 0.751512 -0.436282 0.00404373
257 0.00301632 0.628784 0.751512 -0.436282 0.0127394
258 0.00299303 0.628784 0.751512 -0.436282 0.00404478
259 0.00297 0.586677 0.818801 -0.435762 0.0013007
260 0.00294724 0.586677 0.818801 -0.435762 0.00236615
261 0.00292475 0.586677 0.818801 -0.435762 0.00407468
262 0.0029025 0.586677 0.818801 -0.435762 0.0209987
263 0.00288052 0.586677 0.818801 -0.435762 0.0043275
264 0.00285878 0.586677 0.818801 -0.435762 0.0036291
265 0.00283728 0.586677 0.818801 -0.435762 0.00692427
266 0.00281603 0.586677 0.818801 -0.435762 0.0434781
267 0.00279501 0.586677 0.818801 -0.435762 0.00488422
268 0.00277423 0.586677 0.818801 -0.435762 0.0026771
269 0.00275368 0.586677 0.818801 -0.435762 0.00320131
270 0.00273336 0.586677 0.818801 -0.435762 0.0125878
271 0.00271326 0.586677 0.818801 -0.435762 0.00132195
272 0.00269339 0.586677 0.818801 -0.435762 0.00621871
273 0.00267373 0.586677 0.818801 -0.435762 0.00358512
274 0.00265428 0.586677 0.818801 -0.435762 0.00555936
275 0.00263505 0.586677 0.818801 -0.435762 0.00342195
276 0.00261602 0.586677 0.818801 -0.435762 0.00656364
277 0.0025972 0.586677 0.818801 -0.435762 0.00112541
278 0.00257858 0.586677 0.818801 -0.435762 0.027404
279 0.00256016 0.586677 0.818801 -0.435762 0.00363023
280 0.00254194 0.586677 0.818801 -0.435762 0.00279012
281 0.00252391 0.586677 0.818801 -0.435762 0.0241709
282 0.00250608 0.586677 0.818801 -0.435762 0.00966363
283 0.00248843 0.586677 0.818801 -0.435762 0.00991598
284 0.00247097 0.586677 0.818801 -0.435762 0.00526705
285 0.00245369 0.620131 0.846339 -0.433142 0.00163469
286 0.00243659 0.620131 0.846339 -0.433142 0.00517106
287 0.00241967 0.620131 0.846339 -0.433142 0.00131018
288 0.00240292 0.620131 0.846339 -0.433142 0.0025259
289 0.00238635 0.620131 0.846339 -0.433142 0.00592632
290 0.00236995 0.620131 0.846339 -0.433142 0.0050347
291 0.00235372 0.620131 0.846339 -0.433142 0.00791289
292 0.00233765 0.620131 0.846339 -0.433142 0.00394925
293 0.00232175 0.620131 0.846339 -0.433142 0.00236099
294 0.00230601 0.620131 0.846339 -0.433142 0.00902985
295 0.00229043 0.620131 0.846339 -0.433142 0.00496746
296 0.002275 0.620131 0.846339 -0.433142 0.00897205
297 0.00225973 0.620131 0.846339 -0.433142 0.0366046
298 0.00224462 0.623676 0.843478 -0.437106 0.00138121
299 0.00222965 0.623676 0.843478 -0.437106 0.00187688
300 0.00221484 0.623676 0.843478 -0.437106 0.0140755
301 0.00220017 0.623676 0.843478 -0.437106 0.00145891
302 0.00218565 0.623676 0.843478 -0.437106 0.00746888
303 0.00217127 0.623676 0.843478 -0.437106 0.00211177
304 0.00215703 0.623676 0.843478 -0.437106 0.00727741
305 0.00214293 0.623676 0.843478 -0.437106 0.00245225
306 0.00212897 0.623676 0.843478 -0.437106 0.00314211
307 0.00211515 0.623676 0.843478 -0.437106 0.00640387
308 0.00210146 0.623676 0.843478 -0.437106 0.00747288
309 0.0020879 0.623676 0.843478 -0.437106 0.0056184
310 0.00207447 0.623676 0.843478 -0.437106 0.00355148
311 0.00206118 0.623676 0.843478 -0.437106 0.00203273
312 0.00204801 0.623676 0.843478 -0.437106 0.00595292
313 0.00203496 0.623676 0.843478 -0.437106 0.0439847
314 0.00202204 0.623676 0.843478 -0.437106 0.0050753
315 0.00200924 0.623676 0.843478 -0.437106 0.00481442
316 0.00199657 0.623676 0.843478 -0.437106 0.00162235
317 0.00198401 0.623676 0.843478 -0.437106 0.00287049
318 0.00197157 0.623676 0.843478 -0.437106 0.00163066
319 0.00195925 0.623676 0.843478 -0.437106 0.00261561
320 0.00194704 0.623676 0.843478 -0.437106 0.00676884
321 0.00193495 0.623676 0.843478 -0.437106 0.00178973
322 0.00192297 0.623676 0.843478 -0.437106 0.00348141
323 0.0019111 0.623676 0.843478 -0.437106 0.0116025
324 0.00189934 0.623676 0.843478 -0.437106 0.00419937
325 0.00188768 0.623676 0.843478 -0.437106 0.0134287
326 0.00187614 0.623676 0.843478 -0.437106 0.00509902
327 0.0018647 0.623676 0.843478 -0.437106 0.0041218
328 0.00185336 0.623676 0.843478 -0.437106 0.0049034
329 0.00184213 0.623676 0.843478 -0.437106 0.00517968
330 0.001831 0.623676 0.843478 -0.437106 0.012037
331 0.00181997 0.623676 0.843478 -0.437106 0.0176523
332 0.00180904 0.623676 0.843478 -0.437106 0.00185142
333 0.00179821 0.623676 0.843478 -0.437106 0.00445093
334 0.00178747 0.623676 0.843478 -0.437106 0.00785564
335 0.00177683 0.623676 0.843478 -0.437106 0.0494355
336 0.00176629 0.623676 0.843478 -0.437106 0.00232004
337 0.00175583 0.623676 0.843478 -0.437106 0.0040032
338 0.00174547 0.623676 0.843478 -0.437106 0.00559575
339 0.00173521 0.623676 0.843478 -0.437106 0.00397015
340 0.00172503 0.623676 0.843478 -0.437106 0.00159602
341 0.00171494 0.623676 0.843478 -0.437106 0.0432418
342 0.00170494 0.623676 0.843478 -0.437106 0.00342945
343 0.00169503 0.623676 0.843478 -0.437106 0.0020342
344 0.0016852 0.623676 0.843478 -0.437106 0.0049739
345 0.00167546 0.638191 0.78912 -0.440778 0.00129705
346 0.00166581 0.638191 0.78912 -0.440778 0.00748438
347 0.00165623 0.638191 0.78912 -0.440778 0.00343689
348 0.00164674 0.638191 0.78912 -0.440778 0.00628311
349 0.00163733 0.638191 0.78912 -0.440778 0.00434791
350 0.001628 0.638191 0.78912 -0.440778 0.008544
351 0.00161875 0.638191 0.78912 -0.440778 0.00282508
352 0.00160958 0.638191 0.78912 -0.440778 0.00186725
353 0.00160049 0.638191 0.78912 -0.440778 0.00634107
354 0.00159147 0.638191 0.78912 -0.440778 0.00728095
355 0.00158253 0.638191 0.78912 -0.440778 0.00401759
356 0.00157366 0.638191 0.78912 -0.440778 0.00543641
357 0.00156487 0.638191 0.78912 -0.440778 0.00363031
358 0.00155615 0.638191 0.78912 -0.440778 0.0106584
359 0.00154751 0.60892 0.841679 -0.436926 0.0014545
360 0.00153894 0.60892 0.841679 -0.436926 0.0191249
361 0.00153043 0.60892 0.841679 -0.436926 0.0237321
362 0.001522 0.60892 0.841679 -0.436926 0.00326989
363 0.00151364 0.60892 0.841679 -0.436926 0.00920773
364 0.00150534 0.60892 0.841679 -0.436926 0.00490753
365 0.00149712 0.60892 0.841679 -0.436926 0.00181069
366 0.00148896 0.60892 0.841679 -0.436926 0.00852133
367 0.00148087 0.60892 0.841679 -0.436926 0.00193018
368 0.00147284 0.60892 0.841679 -0.436926 0.0163745
369 0.00146488 0.60892 0.841679 -0.436926 0.00489404
370 0.00145698 0.60892 0.841679 -0.436926 0.0038301
371 0.00144915 0.60892 0.841679 -0.436926 0.00359602
372 0.00144138 0.60892 0.841679 -0.436926 0.00156265
373 0.00143367 0.60892 0.841679 -0.436926 0.00180853
374 0.00142602 0.60892 0.841679 -0.436926 0.00147496
375 0.00141844 0.60892 0.841679 -0.436926 0.00228633
376 0.00141091 0.60892 0.841679 -0.436926 0.00284444
377 0.00140345 0.60892 0.841679 -0.436926 0.00682816
378 0.00139604 0.60892 0.841679 -0.436926 0.00170192
379 0.0013887 0.60892 0.841679 -0.436926 0.0055241
380 0.00138141 0.60892 0.841679 -0.436926 0.00299392
381 0.00137417 0.60892 0.841679 -0.436926 0.00192292
382 0.001367 0.60892 0.841679 -0.436926 0.00148174
383 0.00135988 0.60892 0.841679 -0.436926 0.0358926
384 0.00135281 0.60892 0.841679 -0.436926 0.0151937
385 0.0013458 0.60892 0.841679 -0.436926 0.00318317
386 0.00133885 0.60892 0.841679 -0.436926 0.0142253
387 0.00133195 0.60892 0.841679 -0.436926 0.00203465
388 0.0013251 0.60892 0.841679 -0.436926 0.00327741
389 0.0013183 0.60892 0.841679 -0.436926 0.00169676
390 0.00131156 0.626219 0.795123 -0.440648 0.00112284
391 0.00130487 0.626219 0.795123 -0.440648 0.0426639
392 0.00129823 0.626219 0.795123 -0.440648 0.00189523
393 0.00129164 0.626219 0.795123 -0.440648 0.00686356
394 0.0012851 0.626219 0.795123 -0.440648 0.00216762
395 0.00127861 0.626219 0.795123 -0.440648 0.00878627
396 0.00127217 0.626219 0.795123 -0.440648 0.00235652
397 0.00126577 0.626219 0.795123 -0.440648 0.00869599
398 0.00125943 0.626219 0.795123 -0.440648 0.00218991
399 0.00125313 0.626219 0.795123 -0.440648 0.00168414
400 0.00124688 0.626219 0.795123 -0.440648 0.00299137
401 0.00124068 0.626219 0.795123 -0.440648 0.00267086
402 0.00123452 0.626219 0.795123 -0.440648 0.00733544
403 0.00122841 0.626219 0.795123 -0.440648 0.00381236
404 0.00122234 0.626219 0.795123 -0.440648 0.00153623
405 0.00121632 0.626219 0.795123 -0.440648 0.011125
406 0.00121035 0.626219 0.795123 -0.440648 0.00469641
407 0.00120441 0.626219 0.795123 -0.440648 0.00498969
408 0.00119852 0.626219 0.795123 -0.440648 0.0018575
409 0.00119268 0.626219 0.795123 -0.440648 0.00685863
410 0.00118687 0.626219 0.795123 -0.440648 0.00483753
411 0.00118111 0.626219 0.795123 -0.440648 0.00580294
412 0.00117539 0.626219 0.795123 -0.440648 0.00241844
413 0.00116971 0.626219 0.795123 -0.440648 0.00209354
414 0.00116408 0.626219 0.795123 -0.440648 0.0042014
415 0.00115848 0.626219 0.795123 -0.440648 0.00176062
416 0.00115292 0.626219 0.795123 -0.440648 0.00257984
417 0.00114741 0.626219 0.795123 -0.440648 0.00270086
418 0.00114193 0.626219 0.795123 -0.440648 0.00120972
419 0.00113649 0.626219 0.795123 -0.440648 0.00153491
420 0.00113109 0.626219 0.795123 -0.440648 0.00714046
421 0.00112573 0.626219 0.795123 -0.440648 0.0120094
422 0.00112041 0.626219 0.795123 -0.440648 0.00213657
423 0.00111513 0.626219 0.795123 -0.440648 0.00531399
424 0.00110988 0.626219 0.795123 -0.440648 0.00441727
425 0.00110467 0.626219 0.795123 -0.440648 0.00752396
426 0.00109949 0.626219 0.795123 -0.440648 0.00215842
427 0.00109436 0.626219 0.795123 -0.440648 0.00212626
428 0.00108925 0.626219 0.795123 -0.440648 0.00617603
429 0.00108419 0.626219 0.795123 -0.440648 0.00161707
430 0.00107916 0.589985 0.806549 -0.440247 0.00155501
431 0.00107416 0.589985 0.806549 -0.440247 0.00757308
432 0.0010692 0.589985 0.806549 -0.440247 0.00124562
433 0.00106427 0.589985 0.806549 -0.440247 0.00159274
434 0.00105938 0.589985 0.806549 -0.440247 0.00425543
435 0.00105452 0.589985 0.806549 -0.440247 0.0072839
436 0.00104969 0.589985 0.806549 -0.440247 0.00183896
437 0.0010449 0.589985 0.806549 -0.440247 0.00617861
438 0.00104014 0.589985 0.806549 -0.440247 0.00277473
439 0.00103541 0.589985 0.806549 -0.440247 0.00261466
440 0.00103072 0.589985 0.806549 -0.440247 0.0105786
441 0.00102605 0.589985 0.806549 -0.440247 0.00178259
442 0.00102142 0.589985 0.806549 -0.440247 0.00363127
443 0.00101682 0.589985 0.806549 -0.440247 0.00335243
444 0.00101225 0.589985 0.806549 -0.440247 0.00534499
445 0.00100771 0.589985 0.806549 -0.440247 0.00518359
446 0.0010032 0.589985 0.806549 -0.440247 0.00296688
447 0.000998722 0.589985 0.806549 -0.440247 0.0430026
448 0.000994273 0.589985 0.806549 -0.440247 0.00213253
449 0.000989854 0.589985 0.806549 -0.440247 0.00139664
450 0.000985464 0.589985 0.806549 -0.440247 0.007941
451 0.000981104 0.589985 0.806549 -0.440247 0.00213721
452 0.000976772 0.589985 0.806549 -0.440247 0.00601088
453 0.000972469 0.589985 0.806549 -0.440247 0.00263796
454 0.000968195 0.589985 0.806549 -0.440247 0.00368305
455 0.000963948 0.589985 0.806549 -0.440247 0.00473076
456 0.00095973 0.589985 0.806549 -0.440247 0.00211077
457 0.000955539 0.589985 0.806549 -0.440247 0.00240864
458 0.000951375 0.589985 0.806549 -0.440247 0.00470884
459 0.000947239 0.589985 0.806549 -0.440247 0.00146931
460 0.000943129 0.589985 0.806549 -0.440247 0.00185046
461 0.000939046 0.589985 0.806549 -0.440247 0.00836287
462 0.00093499 0.589985 0.806549 -0.440247 0.00501548
463 0.00093096 0.589985 0.806549 -0.440247 0.00489842
464 0.000926956 0.589985 0.806549 -0.440247 0.00126521
465 0.000922978 0.589985 0.806549 -0.440247 0.00164151
466 0.000919025 0.589985 0.806549 -0.440247 0.00249159
467 0.000915097 0.589985 0.806549 -0.440247 0.00208859
468 0.000911195 0.589985 0.806549 -0.440247 0.00281405
469 0.000907318 0.589985 0.806549 -0.440247 0.00404949
470 0.000903465 0.589985 0.806549 -0.440247 0.00924145
471 0.000899637 0.589985 0.806549 -0.440247 0.0048931
472 0.000895833 0.589985 0.806549 -0.440247 0.00320199
473 0.000892053 0.589985 0.806549 -0.440247 0.00190598
474 0.000888297 0.589985 0.806549 -0.440247 0.00209656
475 0.000884564 0.589985 0.806549 -0.440247 0.00453113
476 0.000880855 0.589985 0.806549 -0.440247 0.00168208
477 0.00087717 0.589985 0.806549 -0.440247 0.0134364
478 0.000873507 0.589985 0.806549 -0.440247 0.00608346
479 0.000869868 0.589985 0.806549 -0.440247 0.00161079
480 0.000866251 0.589985 0.806549 -0.440247 0.00148065
481 0.000862656 0.589985 0.806549 -0.440247 0.00140013
482 0.000859084 0.589985 0.806549 -0.440247 0.00115203
483 0.000855534 0.589985 0.806549 -0.440247 0.0109092
484 0.000852006 0.589985 0.806549 -0.440247 0.00517564
485 0.0008485 0.589985 0.806549 -0.440247 0.0086578
486 0.000845016 0.589985 0.806549 -0.440247 0.0399755
487 0.000841552 0.589985 0.806549 -0.440247 0.00740949
488 0.000838111 0.589985 0.806549 -0.440247 0.00264352
489 0.00083469 0.589985 0.806549 -0.440247 0.00472267
490 0.00083129 0.589985 0.806549 -0.440247 0.0256784
491 0.000827911 0.589985 0.806549 -0.440247 0.00154551
492 0.000824552 0.589985 0.806549 -0.440247 0.00380337
493 0.000821214 0.589985 0.806549 -0.440247 0.00327717
494 0.000817896 0.589985 0.806549 -0.440247 0.00434012
495 0.000814598 0.589985 0.806549 -0.440247 0.0077717
496 0.00081132 0.589985 0.806549 -0.440247 0.0232225
497 0.000808061 0.589985 0.806549 -0.440247 0.00356138
498 0.000804822 0.589985 0.806549 -0.440247 0.00695117
499 0.000801603 0.589985 0.806549 -0.440247 0.00581112
500 0.000798403 0.589985 0.806549 -0.440247 0.00965373
501 0.000795222 0.589985 0.806549 -0.440247 0.00496927
502 0.00079206 0.589985 0.806549 -0.440247 0.00577828
503 0.000788917 0.589985 0.806549 -0.440247 0.00472405
504 0.000785793 0.589985 0.806549 -0.440247 0.0166496
505 0.000782687 0.589985 0.806549 -0.440247 0.00414003
506 0.000779599 0.589985 0.806549 -0.440247 0.020804
507 0.00077653 0.589985 0.806549 -0.440247 0.00125689
508 0.000773479 0.589985 0.806549 -0.440247 0.0016172
509 0.000770446 0.589985 0.806549 -0.440247 0.0143228
510 0.00076743 0.589985 0.806549 -0.440247 0.00235312
511 0.000764432 0.589985 0.806549 -0.440247 0.00550522
512 0.000761452 0.589985 0.806549 -0.440247 0.00347394
513 0.000758489 0.589985 0.806549 -0.440247 0.00112511
514 0.000755544 0.589985 0.806549 -0.440247 0.00189494
515 0.000752615 0.589985 0.806549 -0.440247 0.0201254
516 0.000749704 0.589985 0.806549 -0.440247 0.00175934
517 0.000746809 0.589985 0.806549 -0.440247 0.0423491
518 0.000743931 0.589985 0.806549 -0.440247 0.0183108
519 0.00074107 0.589985 0.806549 -0.440247 0.00191601
520 0.000738225 0.589985 0.806549 -0.440247 0.00230215
521 0.000735397 0.589985 0.806549 -0.440247 0.00204935
522 0.000732585 0.589985 0.806549 -0.440247 0.00339679
523 0.000729789 0.589985 0.806549 -0.440247 0.00215405
524 0.000727008 0.589985 0.806549 -0.440247 0.00350143
525 0.000724244 0.589985 0.806549 -0.440247 0.00941477
526 0.000721496 0.589985 0.806549 -0.440247 0.00406342
527 0.000718763 0.589985 0.806549 -0.440247 0.0170017
528 0.000716045 0.589985 0.806549 -0.440247 0.0068137
529 0.000713343 0.589985 0.806549 -0.440247 0.00952845
530 0.000710656 0.589985 0.806549 -0.440247 0.00251449
531 0.000707985 0.589985 0.806549 -0.440247 0.00170322
532 0.000705328 0.589985 0.806549 -0.440247 0.0044511
533 0.000702686 0.589985 0.806549 -0.440247 0.00190044
534 0.00070006 0.589985 0.806549 -0.440247 0.00187489
535 0.000697447 0.589985 0.806549 -0.440247 0.00278202
536 0.00069485 0.589985 0.806549 -0.440247 0.00392919
537 0.000692267 0.589985 0.806549 -0.440247 0.00273758
538 0.000689698 0.589985 0.806549 -0.440247 0.00289013
539 0.000687144 0.589985 0.806549 -0.440247 0.00254153
540 0.000684603 0.589985 0.806549 -0.440247 0.00163338
541 0.000682077 0.589985 0.806549 -0.440247 0.0121503
542 0.000679565 0.589985 0.806549 -0.440247 0.00980846
543 0.000677066 0.589985 0.806549 -0.440247 0.00712969
544 0.000674582 0.589985 0.806549 -0.440247 0.00231054
545 0.000672111 0.589985 0.806549 -0.440247 0.00276215
546 0.000669653 0.589985 0.806549 -0.440247 0.00127956
547 0.000667209 0.589985 0.806549 -0.440247 0.0529075
548 0.000664779 0.589985 0.806549 -0.440247 0.00419464
549 0.000662361 0.589985 0.806549 -0.440247 0.00304823
550 0.000659957 0.617762 0.781254 -0.442232 0.00117475
551 0.000657566 0.617762 0.781254 -0.442232 0.00215704
552 0.000655188 0.617762 0.781254 -0.442232 0.00975976
553 0.000652822 0.617762 0.781254 -0.442232 0.00189935
554 0.00065047 0.617762 0.781254 -0.442232 0.00981604
555 0.00064813 0.617762 0.781254 -0.442232 0.00180603
556 0.000645803 0.617762 0.781254 -0.442232 0.0464179
557 0.000643488 0.617762 0.781254 -0.442232 0.00316974
558 0.000641186 0.617762 0.781254 -0.442232 0.00842439
559 0.000638896 0.617762 0.781254 -0.442232 0.00199069
560 0.000636618 0.617762 0.781254 -0.442232 0.0134107
561 0.000634353 0.617762 0.781254 -0.442232 0.00429667
562 0.000632099 0.617762 0.781254 -0.442232 0.00461285
563 0.000629858 0.617762 0.781254 -0.442232 0.00125498
564 0.000627628 0.617762 0.781254 -0.442232 0.00276779
565 0.00062541 0.617762 0.781254 -0.442232 0.00500238
566 0.000623204 0.617762 0.781254 -0.442232 0.00366366
567 0.00062101 0.617762 0.781254 -0.442232 0.00578749
568 0.000618827 0.617762 0.781254 -0.442232 0.00826217
569 0.000616656 0.617762 0.781254 -0.442232 0.00447656
570 0.000614496 0.617762 0.781254 -0.442232 0.00585737
571 0.000612347 0.617762 0.781254 -0.442232 0.0013936
572 0.00061021 0.617762 0.781254 -0.442232 0.00210066
573 0.000608084 0.617762 0.781254 -0.442232 0.00277368
574 0.000605969 0.617762 0.781254 -0.442232 0.002518
575 0.000603865 0.617762 0.781254 -0.442232 0.00191671
576 0.000601772 0.617762 0.781254 -0.442232 0.0322827
577 0.000599689 0.617762 0.781254 -0.442232 0.00651629
578 0.000597618 0.617762 0.781254 -0.442232 0.0041304
579 0.000595557 0.617762 0.781254 -0.442232 0.00945582
580 0.000593507 0.617762 0.781254 -0.442232 0.00479085
581 0.000591467 0.617762 0.781254 -0.442232 0.00306004
582 0.000589438 0.617762 0.781254 -0.442232 0.00519486
583 0.00058742 0.617762 0.781254 -0.442232 0.00254921
584 0.000585412 0.617762 0.781254 -0.442232 0.00344142
585 0.000583414 0.617762 0.781254 -0.442232 0.00158208
586 0.000581426 0.617762 0.781254 -0.442232 0.00589352
587 0.000579448 0.617762 0.781254 -0.442232 0.00410221
588 0.000577481 0.617762 0.781254 -0.442232 0.00274573
589 0.000575523 0.617762 0.781254 -0.442232 0.00189354
590 0.000573575 0.617762 0.781254 -0.442232 0.0059142
591 0.000571638 0.617762 0.781254 -0.442232 0.00236079
592 0.00056971 0.617762 0.781254 -0.442232 0.00281607
593 0.000567791 0.617762 0.781254 -0.442232 0.003768
594 0.000565883 0.617762 0.781254 -0.442232 0.00433168
595 0.000563984 0.617762 0.781254 -0.442232 0.00690772
596 0.000562095 0.617762 0.781254 -0.442232 0.00897408
597 0.000560215 0.617762 0.781254 -0.442232 0.0115565
598 0.000558344 0.617762 0.781254 -0.442232 0.00978247
599 0.000556483 0.617762 0.781254 -0.442232 0.00645889
600 0.000554631 0.617762 0.781254 -0.442232 0.00120608
601 0.000552789 0.617762 0.781254 -0.442232 0.00506324
602 0.000550955 0.617762 0.781254 -0.442232 0.00277247
603 0.000549131 0.617762 0.781254 -0.442232 0.00431541
604 0.000547315 0.617762 0.781254 -0.442232 0.00285867
605 0.000545509 0.617762 0.781254 -0.442232 0.0246386
606 0.000543712 0.617762 0.781254 -0.442232 0.0216476
607 0.000541923 0.617762 0.781254 -0.442232 0.00634389
608 0.000540143 0.617762 0.781254 -0.442232 0.0119379
609 0.000538372 0.617762 0.781254 -0.442232 0.00166755
610 0.00053661 0.617762 0.781254 -0.442232 0.00750509
611 0.000534857 0.617762 0.781254 -0.442232 0.00196584
612 0.000533112 0.617762 0.781254 -0.442232 0.00208884
613 0.000531375 0.617762 0.781254 -0.442232 0.00177227
614 0.000529647 0.617762 0.781254 -0.442232 0.00490451
615 0.000527927 0.617762 0.781254 -0.442232 0.0033541
616 0.000526216 0.617762 0.781254 -0.442232 0.00241855
617 0.000524513 0.617762 0.781254 -0.442232 0.00236414
618 0.000522818 0.617762 0.781254 -0.442232 0.00145559
619 0.000521132 0.617762 0.781254 -0.442232 0.00341078
620 0.000519454 0.617762 0.781254 -0.442232 0.00345529
621 0.000517783 0.617762 0.781254 -0.442232 0.0303179
622 0.000516121 0.617762 0.781254 -0.442232 0.00463691
623 0.000514467 0.617762 0.781254 -0.442232 0.00845545
624 0.000512821 0.617762 0.781254 -0.442232 0.0036108
625 0.000511182 0.617762 0.781254 -0.442232 0.0125296
626 0.000509552 0.617762 0.781254 -0.442232 0.00132471
627 0.000507929 0.617762 0.781254 -0.442232 0.00191598
628 0.000506314 0.617762 0.781254 -0.442232 0.0019147
629 0.000504706 0.617762 0.781254 -0.442232 0.0492364
630 0.000503107 0.617762 0.781254 -0.442232 0.00197304
631 0.000501515 0.617762 0.781254 -0.442232 0.00134238
632 0.00049993 0.617762 0.781254 -0.442232 0.00242442
633 0.000498353 0.617762 0.781254 -0.442232 0.00776741
634 0.000496783 0.617762 0.781254 -0.442232 0.0091994
635 0.000495221 0.617762 0.781254 -0.442232 0.00144333
636 0.000493666 0.617762 0.781254 -0.442232 0.00177009
637 0.000492119 0.617762 0.781254 -0.442232 0.00834845
638 0.000490578 0.617762 0.781254 -0.442232 0.00270701
639 0.000489045 0.617762 0.781254 -0.442232 0.00527736
640 0.00048752 0.617762 0.781254 -0.442232 0.0036414
641 0.000486001 0.617762 0.781254 -0.442232 0.00217416
642 0.000484489 0.617762 0.781254 -0.442232 0.00567659
643 0.000482984 0.617762 0.781254 -0.442232 0.00212636
644 0.000481487 0.617762 0.781254 -0.442232 0.0148822
645 0.000479996 0.617762 0.781254 -0.442232 0.00598995
646 0.000478512 0.617762 0.781254 -0.442232 0.00214684
647 0.000477036 0.617762 0.781254 -0.442232 0.00190177
648 0.000475565 0.617762 0.781254 -0.442232 0.00196754
649 0.000474102 0.617762 0.781254 -0.442232 0.00844776
650 0.000472646 0.617762 0.781254 -0.442232 0.0420628
651 0.000471196 0.617762 0.781254 -0.442232 0.00834322
652 0.000469753 0.617762 0.781254 -0.442232 0.00205409
653 0.000468316 0.617762 0.781254 -0.442232 0.0021319
654 0.000466886 0.617762 0.781254 -0.442232 0.0057691
655 0.000465463 0.617762 0.781254 -0.442232 0.00743997
656 0.000464046 0.617762 0.781254 -0.442232 0.00166146
657 0.000462635 0.617762 0.781254 -0.442232 0.00453249
658 0.000461231 0.617762 0.781254 -0.442232 0.00732999
659 0.000459834 0.617762 0.781254 -0.442232 0.00352573
660 0.000458442 0.617762 0.781254 -0.442232 0.00352454
661 0.000457057 0.617762 0.781254 -0.442232 0.0015565
662 0.000455678 0.617762 0.781254 -0.442232 0.00654842
663 0.000454306 0.617762 0.781254 -0.442232 0.014382
664 0.00045294 0.617762 0.781254 -0.442232 0.00209764
665 0.000451579 0.617762 0.781254 -0.442232 0.00756732
666 0.000450225 0.617762 0.781254 -0.442232 0.00952158
667 0.000448877 0.617762 0.781254 -0.442232 0.00648815
668 0.000447535 0.617762 0.781254 -0.442232 0.00140741
669 0.000446199 0.617762 0.781254 -0.442232 0.00342167
670 0.00044487 0.617762 0.781254 -0.442232 0.00727194
671 0.000443546 0.617762 0.781254 -0.442232 0.00150631
672 0.000442227 0.617762 0.781254 -0.442232 0.00150666
673 0.000440915 0.617762 0.781254 -0.442232 0.0123973
674 0.000439609 0.617762 0.781254 -0.442232 0.00301224
675 0.000438308 0.617762 0.781254 -0.442232 0.0152564
676 0.000437013 0.617762 0.781254 -0.442232 0.00776539
677 0.000435724 0.617762 0.781254 -0.442232 0.00193265
678 0.000434441 0.617762 0.781254 -0.442232 0.00346715
679 0.000433163 0.617762 0.781254 -0.442232 0.00407543
680 0.000431891 0.617762 0.781254 -0.442232 0.00153014
681 0.000430624 0.617762 0.781254 -0.442232 0.00289383
682 0.000429363 0.617762 0.781254 -0.442232 0.00249221
683 0.000428108 0.617762 0.781254 -0.442232 0.0025456
684 0.000426858 0.617762 0.781254 -0.442232 0.00128285
685 0.000425613 0.617762 0.781254 -0.442232 0.00164628
686 0.000424374 0.617762 0.781254 -0.442232 0.00135661
687 0.000423141 0.617762 0.781254 -0.442232 0.00145273
688 0.000421912 0.617762 0.781254 -0.442232 0.00344747
689 0.00042069 0.617762 0.781254 -0.442232 0.00183565
690 0.000419472 0.617762 0.781254 -0.442232 0.00695385
691 0.00041826 0.617762 0.781254 -0.442232 0.00232402
692 0.000417052 0.617762 0.781254 -0.442232 0.00187301
693 0.000415851 0.617762 0.781254 -0.442232 0.00783568
694 0.000414654 0.617762 0.781254 -0.442232 0.00293575
695 0.000413462 0.617762 0.781254 -0.442232 0.00126995
696 0.000412276 0.617762 0.781254 -0.442232 0.00234076
697 0.000411095 0.617762 0.781254 -0.442232 0.0183521
698 0.000409918 0.617762 0.781254 -0.442232 0.00748703
699 0.000408747 0.617762 0.781254 -0.442232 0.00120308
700 0.000407581 0.604127 0.812669 -0.443634 0.00141936
701 0.00040642 0.604127 0.812669 -0.443634 0.00679662
702 0.000405264 0.604127 0.812669 -0.443634 0.00484413
703 0.000404112 0.604127 0.812669 -0.443634 0.00236511
704 0.000402966 0.604127 0.812669 -0.443634 0.00368054
705 0.000401824 0.604127 0.812669 -0.443634 0.0051055
706 0.000400688 0.604127 0.812669 -0.443634 0.00138764
707 0.000399556 0.604127 0.812669 -0.443634 0.00605454
708 0.000398429 0.604127 0.812669 -0.443634 0.00177756
709 0.000397306 0.604127 0.812669 -0.443634 0.00153662
710 0.000396189 0.604127 0.812669 -0.443634 0.00285876
711 0.000395076 0.604127 0.812669 -0.443634 0.00224283
712 0.000393968 0.604127 0.812669 -0.443634 0.0116658
713 0.000392864 0.604127 0.812669 -0.443634 0.0470186
714 0.000391765 0.604127 0.812669 -0.443634 0.00771106
715 0.000390671 0.604127 0.812669 -0.443634 0.00535611
716 0.000389581 0.604127 0.812669 -0.443634 0.00976084
717 0.000388496 0.604127 0.812669 -0.443634 0.00218069
718 0.000387415 0.604127 0.812669 -0.443634 0.00277628
719 0.000386339 0.604127 0.812669 -0.443634 0.0141644
720 0.000385267 0.604127 0.812669 -0.443634 0.00201545
721 0.0003842 0.604127 0.812669 -0.443634 0.00824005
722 0.000383137 0.604127 0.812669 -0.443634 0.00413603
723 0.000382079 0.604127 0.812669 -0.443634 0.00461289
724 0.000381025 0.604127 0.812669 -0.443634 0.00404372
725 0.000379975 0.604127 0.812669 -0.443634 0.00458145
726 0.00037893 0.604127 0.812669 -0.443634 0.00560991
727 0.000377889 0.604127 0.812669 -0.443634 0.0103864
728 0.000376852 0.604127 0.812669 -0.443634 0.0025841
729 0.00037582 0.604127 0.812669 -0.443634 0.00411785
730 0.000374792 0.604127 0.812669 -0.443634 0.00121159
731 0.000373768 0.604127 0.812669 -0.443634 0.00952784
732 0.000372748 0.604127 0.812669 -0.443634 0.00250745
733 0.000371732 0.604127 0.812669 -0.443634 0.00328023
734 0.00037072 0.604127 0.812669 -0.443634 0.00324867
735 0.000369713 0.604127 0.812669 -0.443634 0.00182722
736 0.00036871 0.604127 0.812669 -0.443634 0.00719456
737 0.000367711 0.604127 0.812669 -0.443634 0.00435974
738 0.000366715 0.604127 0.812669 -0.443634 0.00822099
739 0.000365724 0.604127 0.812669 -0.443634 0.00652902
740 0.000364737 0.604127 0.812669 -0.443634 0.00512042
741 0.000363754 0.604127 0.812669 -0.443634 0.00292054
742 0.000362775 0.604127 0.812669 -0.443634 0.00179864
743 0.0003618 0.604127 0.812669 -0.443634 0.025051
744 0.000360828 0.604127 0.812669 -0.443634 0.0080798
745 0.000359861 0.604127 0.812669 -0.443634 0.0155868
746 0.000358898 0.604127 0.812669 -0.443634 0.00266313
747 0.000357938 0.604127 0.812669 -0.443634 0.00642236
748 0.000356982 0.604127 0.812669 -0.443634 0.00496152
749 0.00035603 0.604127 0.812669 -0.443634 0.00291377
750 0.000355082 0.604127 0.812669 -0.443634 0.00334501
751 0.000354138 0.604127 0.812669 -0.443634 0.00112715
752 0.000353197 0.604127 0.812669 -0.443634 0.00572117
753 0.00035226 0.604127 0.812669 -0.443634 0.00498612
754 0.000351327 0.604127 0.812669 -0.443634 0.0039869
755 0.000350398 0.604127 0.812669 -0.443634 0.00340826
756 0.000349472 0.604127 0.812669 -0.443634 0.00167123
757 0.00034855 0.604127 0.812669 -0.443634 0.00176795
758 0.000347631 0.604127 0.812669 -0.443634 0.00235592
759 0.000346717 0.604127 0.812669 -0.443634 0.0032595
760 0.000345805 0.604127 0.812669 -0.443634 0.00907643
761 0.000344898 0.604127 0.812669 -0.443634 0.00182181
762 0.000343994 0.604127 0.812669 -0.443634 0.00252216
763 0.000343093 0.604127 0.812669 -0.443634 0.052133
764 0.000342196 0.604127 0.812669 -0.443634 0.0171974
765 0.000341303 0.604127 0.812669 -0.443634 0.00316688
766 0.000340413 0.604127 0.812669 -0.443634 0.00388855
767 0.000339526 0.604127 0.812669 -0.443634 0.00814501
768 0.000338643 0.604127 0.812669 -0.443634 0.0140031
769 0.000337764 0.604127 0.812669 -0.443634 0.00477326
770 0.000336887 0.604127 0.812669 -0.443634 0.00386991
771 0.000336015 0.604127 0.812669 -0.443634 0.00576168
772 0.000335145 0.604127 0.812669 -0.443634 0.0101096
773 0.000334279 0.604127 0.812669 -0.443634 0.00436934
774 0.000333417 0.604127 0.812669 -0.443634 0.0014408
775 0.000332557 0.604127 0.812669 -0.443634 0.00425202
776 0.000331701 0.604127 0.812669 -0.443634 0.00229866
777 0.000330849 0.604127 0.812669 -0.443634 0.00217372
778 0.000329999 0.604127 0.812669 -0.443634 0.00518048
779 0.000329153 0.604127 0.812669 -0.443634 0.00896914
780 0.00032831 0.604127 0.812669 -0.443634 0.00474943
781 0.000327471 0.604127 0.812669 -0.443634 0.002044
782 0.000326634 0.604127 0.812669 -0.443634 0.00155698
783 0.000325801 0.604127 0.812669 -0.443634 0.00369803
784 0.000324971 0.604127 0.812669 -0.443634 0.00177574
785 0.000324144 0.604127 0.812669 -0.443634 0.00346113
786 0.00032332 0.604127 0.812669 -0.443634 0.00452835
787 0.0003225 0.604127 0.812669 -0.443634 0.0130993
788 0.000321682 0.604127 0.812669 -0.443634 0.00242685
789 0.000320868 0.604127 0.812669 -0.443634 0.00472301
790 0.000320056 0.604127 0.812669 -0.443634 0.00714902
791 0.000319248 0.604127 0.812669 -0.443634 0.00175481
792 0.000318443 0.604127 0.812669 -0.443634 0.00636245
793 0.000317641 0.604127 0.812669 -0.443634 0.00254092
794 0.000316842 0.604127 0.812669 -0.443634 0.00315602
795 0.000316046 0.604127 0.812669 -0.443634 0.00330093
796 0.000315253 0.604127 0.812669 -0.443634 0.00584056
797 0.000314462 0.604127 0.812669 -0.443634 0.00215245
798 0.000313675 0.604127 0.812669 -0.443634 0.0421071
799 0.000312891 0.604127 0.812669 -0.443634 0.00314855
800 0.00031211 0.604127 0.812669 -0.443634 0.00158354
801 0.000311332 0.604127 0.812669 -0.443634 0.00235485
802 0.000310556 0.604127 0.812669 -0.443634 0.00170611
803 0.000309784 0.604127 0.812669 -0.443634 0.00438355
804 0.000309014 0.604127 0.812669 -0.443634 0.0101731
805 0.000308247 0.604127 0.812669 -0.443634 0.00128181
806 0.000307483 0.604127 0.812669 -0.443634 0.00240468
807 0.000306722 0.604127 0.812669 -0.443634 0.00366646
808 0.000305964 0.604127 0.812669 -0.443634 0.00630957
809 0.000305208 0.604127 0.812669 -0.443634 0.0125451
810 0.000304456 0.604127 0.812669 -0.443634 0.00589449
811 0.000303706 0.604127 0.812669 -0.443634 0.00308093
812 0.000302959 0.604127 0.812669 -0.443634 0.00302323
813 0.000302214 0.604127 0.812669 -0.443634 0.0110037
814 0.000301473 0.604127 0.812669 -0.443634 0.00390883
815 0.000300734 0.604127 0.812669 -0.443634 0.00282804
816 0.000299998 0.604127 0.812669 -0.443634 0.00515106
817 0.000299264 0.604127 0.812669 -0.443634 0.00139547
818 0.000298533 0.604127 0.812669 -0.443634 0.00620274
819 0.000297805 0.604127 0.812669 -0.443634 0.00165358
820 0.00029708 0.604127 0.812669 -0.443634 0.00380964
821 0.000296357 0.604127 0.812669 -0.443634 0.00938566
822 0.000295637 0.604127 0.812669 -0.443634 0.00742348
823 0.000294919 0.604127 0.812669 -0.443634 0.00476418
824 0.000294204 0.604127 0.812669 -0.443634 0.00343541
825 0.000293492 0.604127 0.812669 -0.443634 0.0253096
826 0.000292782 0.604127 0.812669 -0.443634 0.00648834
827 0.000292075 0.604127 0.812669 -0.443634 0.00192154
828 0.00029137 0.604127 0.812669 -0.443634 0.00586213
829 0.000290668 0.604127 0.812669 -0.443634 0.001939
830 0.000289969 0.604127 0.812669 -0.443634 0.00125756
831 0.000289271 0.604127 0.812669 -0.443634 0.00426575
832 0.000288577 0.604127 0.812669 -0.443634 0.00829047
833 0.000287885 0.604127 0.812669 -0.443634 0.00155494
834 0.000287195 0.604127 0.812669 -0.443634 0.00603736
835 0.000286508 0.604127 0.812669 -0.443634 0.00184248
836 0.000285824 0.604127 0.812669 -0.443634 0.0017879
837 0.000285142 0.604127 0.812669 -0.443634 0.00185715
838 0.000284462 0.604127 0.812669 -0.443634 0.00598569
839 0.000283785 0.604127 0.812669 -0.443634 0.00151962
840 0.00028311 0.604127 0.812669 -0.443634 0.00288675
841 0.000282437 0.604127 0.812669 -0.443634 0.00206545
842 0.000281767 0.604127 0.812669 -0.443634 0.00395037
843 0.000281099 0.604127 0.812669 -0.443634 0.00742304
844 0.000280434 0.604127 0.812669 -0.443634 0.00294802
845 0.000279771 0.604127 0.812669 -0.443634 0.00171482
846 0.000279111 0.604127 0.812669 -0.443634 0.00394686
847 0.000278452 0.604127 0.812669 -0.443634 0.00192494
848 0.000277796 0.604127 0.812669 -0.443634 0.00161027
849 0.000277143 0.604127 0.812669 -0.443634 0.00203905
850 0.000276491 0.604127 0.812669 -0.443634 0.00118784
851 0.000275842 0.604127 0.812669 -0.443634 0.0149014
852 0.000275196 0.604127 0.812669 -0.443634 0.0025891
853 0.000274551 0.604127 0.812669 -0.443634 0.0126567
854 0.000273909 0.604127 0.812669 -0.443634 0.00304685
855 0.000273269 0.604127 0.812669 -0.443634 0.004954
856 0.000272631 0.604127 0.812669 -0.443634 0.00662285
857 0.000271996 0.604127 0.812669 -0.443634 0.00306909
858 0.000271362 0.604127 0.812669 -0.443634 0.00777951
859 0.000270731 0.604127 0.812669 -0.443634 0.0030278
860 0.000270102 0.604127 0.812669 -0.443634 0.00682001
861 0.000269476 0.604127 0.812669 -0.443634 0.00250651
862 0.000268851 0.604127 0.812669 -0.443634 0.00153473
863 0.000268229 0.604127 0.812669 -0.443634 0.00252522
864 0.000267609 0.604127 0.812669 -0.443634 0.00129993
865 0.000266991 0.604127 0.812669 -0.443634 0.0170401
866 0.000266375 0.604127 0.812669 -0.443634 0.00260472
867 0.000265761 0.604127 0.812669 -0.443634 0.0101227
868 0.000265149 0.604127 0.812669 -0.443634 0.00197173
869 0.00026454 0.604127 0.812669 -0.443634 0.0174624
870 0.000263932 0.604127 0.812669 -0.443634 0.00488532
871 0.000263327 0.604127 0.812669 -0.443634 0.00360985
872 0.000262724 0.604127 0.812669 -0.443634 0.00257127
873 0.000262123 0.604127 0.812669 -0.443634 0.00718491
874 0.000261523 0.604127 0.812669 -0.443634 0.00400192
875 0.000260926 0.604127 0.812669 -0.443634 0.00300648
876 0.000260331 0.604127 0.812669 -0.443634 0.00264052
877 0.000259738 0.604127 0.812669 -0.443634 0.00140335
878 0.000259147 0.604127 0.812669 -0.443634 0.0114837
879 0.000258558 0.604127 0.812669 -0.443634 0.00411468
880 0.000257971 0.604127 0.812669 -0.443634 0.0017847
881 0.000257386 0.604127 0.812669 -0.443634 0.00381238
882 0.000256803 0.604127 0.812669 -0.443634 0.00179593
883 0.000256222 0.604127 0.812669 -0.443634 0.0017724
884 0.000255643 0.604127 0.812669 -0.443634 0.0085309
885 0.000255066 0.604127 0.812669 -0.443634 0.00946629
886 0.000254491 0.604127 0.812669 -0.443634 0.0038543
887 0.000253918 0.604127 0.812669 -0.443634 0.00277329
888 0.000253347 0.604127 0.812669 -0.443634 0.0104332
889 0.000252777 0.604127 0.812669 -0.443634 0.00226995
890 0.00025221 0.604127 0.812669 -0.443634 0.0012746
891 0.000251644 0.604127 0.812669 -0.443634 0.00450499
892 0.000251081 0.604127 0.812669 -0.443634 0.00574329
893 0.000250519 0.604127 0.812669 -0.443634 0.00182777
894 0.000249959 0.604127 0.812669 -0.443634 0.011008
895 0.000249401 0.604127 0.812669 -0.443634 0.0066016
896 0.000248845 0.604127 0.812669 -0.443634 0.00545182
897 0.000248291 0.604127 0.812669 -0.443634 0.00209723
898 0.000247739 0.604127 0.812669 -0.443634 0.0172089
899 0.000247188 0.604127 0.812669 -0.443634 0.00258141
900 0.00024664 0.604127 0.812669 -0.443634 0.00573477
901 0.000246093 0.604127 0.812669 -0.443634 0.0183162
902 0.000245548 0.604127 0.812669 -0.443634 0.00656176
903 0.000245004 0.604127 0.812669 -0.443634 0.00499483
904 0.000244463 0.604127 0.812669 -0.443634 0.00156728
905 0.000243923 0.604127 0.812669 -0.443634 0.00129888
906 0.000243385 0.604127 0.812669 -0.443634 0.0068136
907 0.000242849 0.604127 0.812669 -0.443634 0.0459928
908 0.000242315 0.604127 0.812669 -0.443634 0.00185666
909 0.000241782 0.604127 0.812669 -0.443634 0.011323
910 0.000241252 0.604127 0.812669 -0.443634 0.00555928
911 0.000240723 0.604127 0.812669 -0.443634 0.00167397
912 0.000240195 0.604127 0.812669 -0.443634 0.00354946
913 0.00023967 0.604127 0.812669 -0.443634 0.00200699
914 0.000239146 0.604127 0.812669 -0.443634 0.00184788
915 0.000238624 0.604127 0.812669 -0.443634 0.00220336
916 0.000238103 0.604127 0.812669 -0.443634 0.00412661
917 0.000237584 0.604127 0.812669 -0.443634 0.00675508
918 0.000237067 0.604127 0.812669 -0.443634 0.00322668
919 0.000236552 0.604127 0.812669 -0.443634 0.00207007
920 0.000236038 0.604127 0.812669 -0.443634 0.00470802
921 0.000235526 0.604127 0.812669 -0.443634 0.0152002
922 0.000235016 0.604127 0.812669 -0.443634 0.00291417
923 0.000234507 0.604127 0.812669 -0.443634 0.00420245
924 0.000234 0.604127 0.812669 -0.443634 0.00839684
925 0.000233495 0.604127 0.812669 -0.443634 0.00452396
926 0.000232991 0.604127 0.812669 -0.443634 0.00743824
927 0.000232489 0.604127 0.812669 -0.443634 0.00341556
928 0.000231988 0.604127 0.812669 -0.443634 0.00164729
929 0.00023149 0.604127 0.812669 -0.443634 0.00457864
930 0.000230992 0.604127 0.812669 -0.443634 0.00492197
931 0.000230497 0.604127 0.812669 -0.443634 0.00193304
932 0.000230002 0.604127 0.812669 -0.443634 0.0446803
933 0.00022951 0.604127 0.812669 -0.443634 0.017647
934 0.000229019 0.604127 0.812669 -0.443634 0.00217628
935 0.00022853 0.604127 0.812669 -0.443634 0.0027608
936 0.000228042 0.604127 0.812669 -0.443634 0.00279915
937 0.000227556 0.604127 0.812669 -0.443634 0.00156502
938 0.000227071 0.604127 0.812669 -0.443634 0.00237294
939 0.000226588 0.604127 0.812669 -0.443634 0.00182664
940 0.000226106 0.604127 0.812669 -0.443634 0.00360067
941 0.000225626 0.604127 0.812669 -0.443634 0.00211843
942 0.000225148 0.604127 0.812669 -0.443634 0.00308679
943 0.000224671 0.604127 0.812669 -0.443634 0.0160361
944 0.000224195 0.604127 0.812669 -0.443634 0.0039703
945 0.000223721 0.604127 0.812669 -0.443634 0.00205015
946 0.000223249 0.604127 0.812669 -0.443634 0.00362087
947 0.000222778 0.604127 0.812669 -0.443634 0.00283782
948 0.000222308 0.604127 0.812669 -0.443634 0.00980683
949 0.00022184 0.604127 0.812669 -0.443634 0.0023816
950 0.000221374 0.604127 0.812669 -0.443634 0.0100505
951 0.000220909 0.604127 0.812669 -0.443634 0.00219579
952 0.000220445 0.604127 0.812669 -0.443634 0.0414403
953 0.000219983 0.604127 0.812669 -0.443634 0.00310783
954 0.000219522 0.604127 0.812669 -0.443634 0.0412835
955 0.000219063 0.604127 0.812669 -0.443634 0.00529276
956 0.000218605 0.604127 0.812669 -0.443634 0.0017141
957 0.000218149 0.604127 0.812669 -0.443634 0.0058852
958 0.000217694 0.604127 0.812669 -0.443634 0.00215733
959 0.00021724 0.604127 0.812669 -0.443634 0.00188031
960 0.000216788 0.604127 0.812669 -0.443634 0.00194857
961 0.000216337 0.604127 0.812669 -0.443634 0.0127341
962 0.000215888 0.604127 0.812669 -0.443634 0.00384494
963 0.00021544 0.604127 0.812669 -0.443634 0.00204354
964 0.000214994 0.604127 0.812669 -0.443634 0.00408615
965 0.000214549 0.604127 0.812669 -0.443634 0.00247926
966 0.000214105 0.604127 0.812669 -0.443634 0.00343656
967 0.000213662 0.604127 0.812669 -0.443634 0.00413311
968 0.000213221 0.604127 0.812669 -0.443634 0.00203151
969 0.000212782 0.604127 0.812669 -0.443634 0.00369101
970 0.000212344 0.604127 0.812669 -0.443634 0.00305914
971 0.000211907 0.604127 0.812669 -0.443634 0.00121703
972 0.000211471 0.604127 0.812669 -0.443634 0.00181706
973 0.000211037 0.604127 0.812669 -0.443634 0.00443278
974 0.000210604 0.604127 0.812669 -0.443634 0.0279001
975 0.000210172 0.604127 0.812669 -0.443634 0.00166371
976 0.000209742 0.604127 0.812669 -0.443634 0.00444632
977 0.000209313 0.604127 0.812669 -0.443634 0.00631679
978 0.000208886 0.604127 0.812669 -0.443634 0.00194575
979 0.000208459 0.604127 0.812669 -0.443634 0.0062401
980 0.000208034 0.604127 0.812669 -0.443634 0.00123007
981 0.000207611 0.604127 0.812669 -0.443634 0.00739503
982 0.000207188 0.604127 0.812669 -0.443634 0.00137769
983 0.000206767 0.604127 0.812669 -0.443634 0.00124772
984 0.000206347 0.604127 0.812669 -0.443634 0.00970028
985 0.000205929 0.604127 0.812669 -0.443634 0.00172561
986 0.000205511 0.604127 0.812669 -0.443634 0.00117522
987 0.000205095 0.604127 0.812669 -0.443634 0.00704451
988 0.000204681 0.604127 0.812669 -0.443634 0.00406548
989 0.000204267 0.604127 0.812669 -0.443634 0.00927028
990 0.000203855 0.604127 0.812669 -0.443634 0.0233166
991 0.000203444 0.604127 0.812669 -0.443634 0.00371152
992 0.000203034 0.604127 0.812669 -0.443634 0.00131245
993 0.000202626 0.604127 0.812669 -0.443634 0.00122263
994 0.000202218 0.604127 0.812669 -0.443634 0.00226161
995 0.000201812 0.604127 0.812669 -0.443634 0.0118728
996 0.000201407 0.604127 0.812669 -0.443634 0.00492924
997 0.000201004 0.604127 0.812669 -0.443634 0.00498741
998 0.000200601 0.604127 0.812669 -0.443634 0.00548036
999 0.0002002 0.604127 0.812669 -0.443634 0.0133625
1000 0.0001998 0.604127 0.812669 -0.443634 0.0032221
