n_block              T     sigma             mu            <H>         H_err
1 1 0.605219 1.12334 0.0106703 0.00401301
2 0.5 0.546186 1.03255 -0.193215 0.00233612
3 0.333333 0.546186 1.03255 -0.193215 0.0104853
4 0.25 0.702316 1.00279 -0.182703 0.00489278
5 0.2 0.727733 1.00386 -0.13104 0.00561073
6 0.166667 0.722909 0.865079 -0.344497 0.00329035
7 0.142857 0.636352 0.795593 -0.440341 0.00113479
8 0.125 0.531679 0.829084 -0.365418 0.00248357
9 0.111111 0.549854 0.771451 -0.401014 0.00193438
10 0.1 0.549854 0.771451 -0.401014 0.00453623
11 0.0909091 0.625951 0.757119 -0.433638 0.00128056
12 0.0833333 0.66421 0.874663 -0.402831 0.00200741
13 0.0769231 0.66421 0.874663 -0.402831 0.00354365
14 0.0714286 0.637812 0.869528 -0.421139 0.00195136
15 0.0666667 0.660842 0.907708 -0.378054 0.0026262
16 0.0625 0.674895 0.905474 -0.369977 0.00257916
17 0.0588235 0.643524 0.916164 -0.384371 0.00236927
18 0.0555556 0.635339 0.908734 -0.389203 0.00195929
19 0.0526316 0.663085 0.866059 -0.409094 0.00212881
20 0.05 0.648427 0.838913 -0.42961 0.00175119
21 0.047619 0.648427 0.838913 -0.42961 0.00317897
22 0.0454545 0.65007 0.842664 -0.425251 0.002062
23 0.0434783 0.660562 0.86453 -0.412281 0.0019533
24 0.0416667 0.652364 0.856913 -0.418704 0.00189766
25 0.04 0.648059 0.858066 -0.42532 0.0018856
26 0.0384615 0.704313 0.869954 -0.364086 0.00292005
27 0.037037 0.704313 0.869954 -0.364086 0.00367831
28 0.0357143 0.74057 0.839187 -0.343749 0.00366819
29 0.0344828 0.724077 0.838336 -0.360403 0.00343192
30 0.0333333 0.736067 0.847539 -0.33946 0.00351268
31 0.0322581 0.736067 0.847539 -0.33946 0.00352524
32 0.03125 0.704981 0.874077 -0.36472 0.00290487
33 0.030303 0.680727 0.874276 -0.38483 0.0028307
34 0.0294118 0.682984 0.854831 -0.394692 0.00273805
35 0.0285714 0.665228 0.830976 -0.421052 0.0018784
36 0.0277778 0.659396 0.851004 -0.41768 0.00206327
37 0.027027 0.661847 0.838149 -0.421476 0.00173055
38 0.0263158 0.681621 0.831088 -0.409739 0.00202733
39 0.025641 0.681621 0.831088 -0.409739 0.00245093
40 0.025 0.674712 0.808516 -0.423154 0.00181359
41 0.0243902 0.683887 0.79773 -0.417541 0.00205004
42 0.0238095 0.684718 0.796333 -0.418928 0.00194874
43 0.0232558 0.671034 0.799157 -0.426989 0.00158557
44 0.0227273 0.683158 0.813764 -0.415293 0.00196846
45 0.0222222 0.686987 0.806092 -0.410876 0.00208053
46 0.0217391 0.694773 0.811506 -0.407119 0.00206014
47 0.0212766 0.698583 0.81446 -0.40341 0.0023028
48 0.0208333 0.697989 0.814568 -0.406015 0.00229524
49 0.0204082 0.682246 0.817884 -0.412665 0.00176079
50 0.02 0.664401 0.822704 -0.425481 0.00170887
51 0.0196078 0.655853 0.829194 -0.429504 0.00168982
52 0.0192308 0.656713 0.825066 -0.427391 0.00180146
53 0.0188679 0.651986 0.829456 -0.431678 0.00168241
54 0.0185185 0.641397 0.815177 -0.439096 0.00169641
55 0.0181818 0.648389 0.81287 -0.435262 0.00157247
56 0.0178571 0.641964 0.814064 -0.438609 0.0014317
57 0.0175439 0.630964 0.821549 -0.439538 0.00125464
58 0.0172414 0.626319 0.831036 -0.439397 0.00132824
59 0.0169492 0.615799 0.838895 -0.440981 0.00138726
60 0.0166667 0.608395 0.849364 -0.432275 0.00154196
61 0.0163934 0.598353 0.843498 -0.433351 0.00135417
62 0.016129 0.58976 0.844111 -0.431685 0.00159809
63 0.015873 0.583835 0.846618 -0.426896 0.00142328
64 0.015625 0.578066 0.855764 -0.421016 0.00164013
65 0.0153846 0.582964 0.868871 -0.417712 0.00151208
66 0.0151515 0.590147 0.8706 -0.420517 0.00168855
67 0.0149254 0.590147 0.8706 -0.420517 0.0018011
68 0.0147059 0.59482 0.870063 -0.420961 0.00152334
69 0.0144928 0.593275 0.869474 -0.422146 0.00159946
70 0.0142857 0.593275 0.869474 -0.422146 0.00153109
71 0.0140845 0.598467 0.874464 -0.417794 0.00160432
72 0.0138889 0.602748 0.87235 -0.423421 0.00147508
73 0.0136986 0.619503 0.867459 -0.426572 0.00151734
74 0.0135135 0.60949 0.864096 -0.428909 0.00144952
75 0.0133333 0.595616 0.853906 -0.430561 0.00135415
76 0.0131579 0.605303 0.851601 -0.433172 0.00143252
77 0.012987 0.609045 0.859179 -0.433274 0.00150025
78 0.0128205 0.608497 0.848744 -0.433216 0.00143217
79 0.0126582 0.612379 0.843142 -0.437522 0.00151891
80 0.0125 0.612379 0.843142 -0.437522 0.00151061
81 0.0123457 0.617842 0.844106 -0.433953 0.00155379
82 0.0121951 0.622459 0.846776 -0.435164 0.00161072
83 0.0120482 0.613829 0.84617 -0.437149 0.00139312
84 0.0119048 0.616145 0.840942 -0.436991 0.00144518
85 0.0117647 0.616145 0.840942 -0.436991 0.00141698
86 0.0116279 0.617953 0.840135 -0.438698 0.00130666
87 0.0114943 0.622727 0.837052 -0.438205 0.00127831
88 0.0113636 0.61502 0.841962 -0.436127 0.00130952
89 0.011236 0.621586 0.841521 -0.436161 0.00151919
90 0.0111111 0.612001 0.845373 -0.43793 0.00131234
91 0.010989 0.616228 0.847138 -0.436861 0.00168969
92 0.0108696 0.610826 0.843109 -0.436143 0.00148709
93 0.0107527 0.605552 0.83881 -0.439245 0.00149111
94 0.0106383 0.610332 0.841123 -0.437903 0.00141889
95 0.0105263 0.615094 0.850873 -0.434911 0.00149706
96 0.0104167 0.61224 0.848105 -0.433745 0.00155793
97 0.0103093 0.613174 0.840836 -0.43816 0.00145607
98 0.0102041 0.606047 0.835392 -0.439064 0.00136587
99 0.010101 0.604184 0.833051 -0.436133 0.00153675
100 0.01 0.60515 0.830977 -0.439404 0.00115446
101 0.00990099 0.598558 0.827954 -0.438904 0.0013742
102 0.00980392 0.593318 0.82713 -0.438922 0.00131955
103 0.00970874 0.599851 0.829213 -0.439271 0.00135526
104 0.00961538 0.603911 0.830545 -0.441232 0.00113742
105 0.00952381 0.597611 0.826202 -0.439792 0.00118435
106 0.00943396 0.597611 0.826202 -0.439792 0.0013496
107 0.00934579 0.600034 0.82526 -0.44051 0.00119346
108 0.00925926 0.594163 0.827547 -0.437847 0.00142432
109 0.00917431 0.595596 0.829669 -0.439867 0.00134769
110 0.00909091 0.595596 0.829669 -0.439867 0.00116615
111 0.00900901 0.595596 0.829669 -0.439867 0.00130022
112 0.00892857 0.596133 0.831028 -0.437438 0.00147871
113 0.00884956 0.593702 0.827522 -0.436561 0.0014184
114 0.00877193 0.589116 0.826209 -0.434127 0.00153852
115 0.00869565 0.584388 0.825268 -0.435006 0.00156487
116 0.00862069 0.586426 0.832337 -0.43118 0.00155178
117 0.00854701 0.590066 0.833717 -0.433417 0.00149312
118 0.00847458 0.586882 0.834338 -0.430417 0.00155897
119 0.00840336 0.581875 0.833495 -0.430246 0.00149297
120 0.00833333 0.577109 0.830972 -0.427693 0.00149404
121 0.00826446 0.5757 0.833938 -0.423748 0.00187921
122 0.00819672 0.578319 0.8316 -0.428328 0.00175565
123 0.00813008 0.577807 0.831149 -0.427732 0.00150555
124 0.00806452 0.577807 0.831149 -0.427732 0.00167016
125 0.008 0.576199 0.830989 -0.426545 0.00150091
126 0.00793651 0.577583 0.830463 -0.42681 0.00171936
127 0.00787402 0.583769 0.826892 -0.432499 0.0014181
128 0.0078125 0.587668 0.821677 -0.436496 0.00151732
129 0.00775194 0.583563 0.820753 -0.433782 0.0013879
130 0.00769231 0.579402 0.817032 -0.431548 0.00143769
131 0.00763359 0.574971 0.815974 -0.427532 0.00152611
132 0.00757576 0.580042 0.811629 -0.432014 0.00140963
133 0.0075188 0.578614 0.81392 -0.434007 0.00170454
134 0.00746269 0.578614 0.81392 -0.434007 0.00158826
135 0.00740741 0.585377 0.814499 -0.435428 0.00123144
136 0.00735294 0.587138 0.814327 -0.435615 0.001447
137 0.00729927 0.582197 0.816409 -0.434549 0.00150245
138 0.00724638 0.581793 0.821819 -0.434571 0.00141022
139 0.00719424 0.58595 0.821643 -0.43425 0.00164136
140 0.00714286 0.585247 0.817121 -0.435385 0.00153469
141 0.0070922 0.590265 0.821991 -0.438487 0.00141818
142 0.00704225 0.588851 0.827758 -0.433469 0.00134661
143 0.00699301 0.59339 0.825703 -0.439596 0.00126018
144 0.00694444 0.594476 0.82586 -0.438909 0.00139728
145 0.00689655 0.594913 0.828033 -0.437858 0.00135548
146 0.00684932 0.599533 0.828488 -0.4403 0.00139018
147 0.00680272 0.603934 0.832864 -0.439183 0.00113128
148 0.00675676 0.60663 0.824983 -0.442907 0.00125825
149 0.00671141 0.606742 0.822925 -0.441528 0.00136716
150 0.00666667 0.603978 0.826515 -0.440993 0.0013997
151 0.00662252 0.604038 0.830861 -0.440384 0.00128085
152 0.00657895 0.603505 0.830599 -0.439567 0.00132577
153 0.00653595 0.604617 0.834108 -0.441947 0.00132291
154 0.00649351 0.600526 0.83526 -0.439588 0.0012738
155 0.00645161 0.60383 0.834515 -0.438377 0.00136323
156 0.00641026 0.60383 0.834515 -0.438377 0.00149751
157 0.00636943 0.605863 0.83547 -0.439811 0.00155768
158 0.00632911 0.602533 0.83605 -0.438965 0.00122014
159 0.00628931 0.604155 0.838568 -0.438952 0.0012496
160 0.00625 0.604155 0.838568 -0.438952 0.00144496
161 0.00621118 0.606464 0.833988 -0.437137 0.00126525
162 0.00617284 0.607276 0.829274 -0.440017 0.00141355
163 0.00613497 0.611966 0.827298 -0.440253 0.00134867
164 0.00609756 0.608662 0.829305 -0.437298 0.00111792
165 0.00606061 0.609067 0.826704 -0.442447 0.00115983
166 0.0060241 0.609067 0.826704 -0.442447 0.00123902
167 0.00598802 0.609067 0.826704 -0.442447 0.00138407
168 0.00595238 0.610259 0.830641 -0.44094 0.00126117
169 0.00591716 0.616158 0.828007 -0.438816 0.0014865
170 0.00588235 0.621322 0.832859 -0.440161 0.0013384
171 0.00584795 0.623568 0.830613 -0.439056 0.00132327
172 0.00581395 0.626644 0.834093 -0.440041 0.00156975
173 0.00578035 0.62915 0.831039 -0.440648 0.0013592
174 0.00574713 0.628988 0.828877 -0.441314 0.00151566
175 0.00571429 0.625544 0.8271 -0.441502 0.0012818
176 0.00568182 0.627006 0.825859 -0.441797 0.00140294
177 0.00564972 0.622384 0.821264 -0.443254 0.00132262
178 0.00561798 0.625018 0.819213 -0.440969 0.00128041
179 0.00558659 0.627212 0.817858 -0.444289 0.00134666
180 0.00555556 0.628534 0.819491 -0.442611 0.00136962
181 0.00552486 0.629203 0.821965 -0.441503 0.00138287
182 0.00549451 0.630724 0.823518 -0.440309 0.00143002
183 0.00546448 0.628181 0.822266 -0.442738 0.00132105
184 0.00543478 0.628181 0.822266 -0.442738 0.00132958
185 0.00540541 0.630934 0.825579 -0.440396 0.00142011
186 0.00537634 0.63309 0.831199 -0.438132 0.00144628
187 0.00534759 0.634165 0.832071 -0.439747 0.00150585
188 0.00531915 0.633983 0.827282 -0.439168 0.00130054
189 0.00529101 0.63161 0.824187 -0.44153 0.00144136
190 0.00526316 0.63161 0.824187 -0.44153 0.00153279
191 0.0052356 0.631647 0.823669 -0.44059 0.00146764
192 0.00520833 0.630616 0.82577 -0.439456 0.0014177
193 0.00518135 0.633425 0.830627 -0.43884 0.00151881
194 0.00515464 0.633862 0.828282 -0.441778 0.00134767
195 0.00512821 0.631193 0.82871 -0.4436 0.00113097
196 0.00510204 0.626109 0.826133 -0.438551 0.00179619
197 0.00507614 0.624237 0.825863 -0.443489 0.00123687
198 0.00505051 0.622144 0.824845 -0.437769 0.00164103
199 0.00502513 0.622432 0.828955 -0.437927 0.00146868
200 0.005 0.618639 0.829461 -0.440983 0.00113903
201 0.00497512 0.617102 0.828198 -0.442894 0.00140895
202 0.0049505 0.615364 0.828828 -0.440186 0.00130248
203 0.00492611 0.616266 0.830859 -0.440994 0.00135267
204 0.00490196 0.615022 0.831744 -0.442334 0.00149102
205 0.00487805 0.61736 0.829999 -0.44133 0.00142262
206 0.00485437 0.616045 0.831398 -0.438058 0.00145766
207 0.00483092 0.620351 0.832355 -0.441422 0.00131767
208 0.00480769 0.620351 0.832355 -0.441422 0.00130844
209 0.00478469 0.620351 0.832355 -0.441422 0.00165283
210 0.0047619 0.620891 0.832468 -0.440831 0.00123813
211 0.00473934 0.616677 0.831308 -0.440676 0.00126846
212 0.00471698 0.620696 0.836359 -0.437032 0.0013775
213 0.00469484 0.621206 0.837962 -0.438907 0.00145088
214 0.0046729 0.621206 0.837962 -0.438907 0.00154624
215 0.00465116 0.622362 0.83684 -0.439313 0.00130935
216 0.00462963 0.623332 0.833846 -0.439875 0.00149485
217 0.00460829 0.624175 0.831347 -0.439773 0.00135507
218 0.00458716 0.624175 0.831347 -0.439773 0.0015526
219 0.00456621 0.624175 0.831347 -0.439773 0.00136971
220 0.00454545 0.621076 0.831826 -0.439833 0.00135291
221 0.00452489 0.621076 0.831826 -0.439833 0.00150251
222 0.0045045 0.623414 0.833238 -0.439328 0.00154651
223 0.0044843 0.621531 0.829589 -0.441628 0.00127103
224 0.00446429 0.619398 0.834041 -0.440982 0.00153183
225 0.00444444 0.618053 0.834267 -0.439395 0.00122941
226 0.00442478 0.618053 0.834267 -0.439395 0.00149833
227 0.00440529 0.615293 0.831736 -0.439631 0.00140275
228 0.00438596 0.617244 0.82936 -0.440076 0.00146704
229 0.00436681 0.616223 0.833043 -0.441912 0.00139627
230 0.00434783 0.613107 0.83109 -0.441115 0.00138217
231 0.004329 0.608409 0.834608 -0.438189 0.001478
232 0.00431034 0.613668 0.833582 -0.440422 0.00128507
233 0.00429185 0.611405 0.831554 -0.441469 0.00144019
234 0.0042735 0.614173 0.832091 -0.439165 0.00137252
235 0.00425532 0.614173 0.832091 -0.439165 0.00140687
236 0.00423729 0.608761 0.83193 -0.439992 0.00132847
237 0.00421941 0.608992 0.835541 -0.440782 0.00135152
238 0.00420168 0.607619 0.837082 -0.440152 0.00136011
239 0.0041841 0.607619 0.837082 -0.440152 0.0014363
240 0.00416667 0.608351 0.8388 -0.438537 0.00139268
241 0.00414938 0.609419 0.837653 -0.438315 0.00142768
242 0.00413223 0.61076 0.839788 -0.439371 0.00153607
243 0.00411523 0.613581 0.839236 -0.438701 0.0011665
244 0.00409836 0.613581 0.839236 -0.438701 0.00138586
245 0.00408163 0.613077 0.837633 -0.440708 0.00132274
246 0.00406504 0.613077 0.837633 -0.440708 0.00150633
247 0.00404858 0.613077 0.837633 -0.440708 0.00106857
248 0.00403226 0.612363 0.837959 -0.439244 0.00137823
249 0.00401606 0.6149 0.837748 -0.438948 0.00128554
250 0.004 0.614463 0.84 -0.437433 0.00131473
251 0.00398406 0.612574 0.837577 -0.442444 0.00130349
252 0.00396825 0.610197 0.839329 -0.439413 0.00129779
253 0.00395257 0.610197 0.839329 -0.439413 0.0014247
254 0.00393701 0.612986 0.842861 -0.440561 0.00148899
255 0.00392157 0.612986 0.842861 -0.440561 0.00159998
256 0.00390625 0.612986 0.842861 -0.440561 0.00139298
257 0.00389105 0.616064 0.839743 -0.439935 0.00134978
258 0.00387597 0.618776 0.840865 -0.437757 0.00133818
259 0.003861 0.620076 0.840458 -0.437028 0.00129568
260 0.00384615 0.620076 0.840458 -0.437028 0.00137734
261 0.00383142 0.62129 0.839533 -0.435983 0.00162127
262 0.00381679 0.621518 0.836474 -0.438444 0.00125443
263 0.00380228 0.61959 0.835494 -0.437795 0.00153711
264 0.00378788 0.616809 0.837501 -0.438965 0.00131986
265 0.00377358 0.620969 0.839001 -0.437487 0.00133058
266 0.0037594 0.622274 0.834623 -0.439929 0.00152768
267 0.00374532 0.622575 0.836576 -0.441641 0.00131415
268 0.00373134 0.61941 0.835982 -0.440862 0.00137855
269 0.00371747 0.617779 0.835244 -0.444011 0.00132654
270 0.0037037 0.619905 0.832879 -0.440758 0.00137347
271 0.00369004 0.618178 0.832979 -0.442056 0.00140263
272 0.00367647 0.618301 0.831467 -0.442267 0.00130995
273 0.003663 0.6223 0.830402 -0.438384 0.00146662
274 0.00364964 0.623409 0.832294 -0.438876 0.00148151
275 0.00363636 0.623847 0.831558 -0.440154 0.00129544
276 0.00362319 0.623847 0.831558 -0.440154 0.00146945
277 0.00361011 0.622368 0.83186 -0.44043 0.00148766
278 0.00359712 0.622368 0.83186 -0.44043 0.00140214
279 0.00358423 0.621628 0.830907 -0.439795 0.00131926
280 0.00357143 0.622125 0.830313 -0.440733 0.0014647
281 0.00355872 0.620722 0.827511 -0.441474 0.00151304
282 0.0035461 0.620722 0.827511 -0.441474 0.00150108
283 0.00353357 0.621888 0.825687 -0.441315 0.00142878
284 0.00352113 0.624718 0.827083 -0.442283 0.00124612
285 0.00350877 0.625201 0.827377 -0.439309 0.00137705
286 0.0034965 0.624078 0.829313 -0.441226 0.001311
287 0.00348432 0.621385 0.829513 -0.44082 0.0013626
288 0.00347222 0.619721 0.830671 -0.441557 0.00119353
289 0.00346021 0.619721 0.830671 -0.441557 0.00161664
290 0.00344828 0.6174 0.829226 -0.441006 0.00148191
291 0.00343643 0.616607 0.8321 -0.442432 0.00132458
292 0.00342466 0.616607 0.8321 -0.442432 0.00173762
293 0.00341297 0.616607 0.8321 -0.442432 0.00134259
294 0.00340136 0.61751 0.83447 -0.438668 0.00120578
295 0.00338983 0.617532 0.833092 -0.439687 0.00132376
296 0.00337838 0.620516 0.834792 -0.440057 0.00135598
297 0.003367 0.619089 0.831463 -0.441501 0.00138452
298 0.0033557 0.619089 0.831463 -0.441501 0.00130064
299 0.00334448 0.618481 0.830932 -0.441487 0.00131312
300 0.00333333 0.617886 0.828483 -0.43987 0.00148399
301 0.00332226 0.616912 0.828103 -0.439766 0.00141858
302 0.00331126 0.618063 0.829577 -0.44142 0.00125019
303 0.00330033 0.618063 0.829577 -0.44142 0.00127164
304 0.00328947 0.621382 0.83064 -0.438382 0.00157077
305 0.00327869 0.622148 0.830974 -0.439555 0.00131162
306 0.00326797 0.619989 0.830047 -0.439688 0.00140112
307 0.00325733 0.623363 0.830898 -0.439285 0.00154982
308 0.00324675 0.624336 0.829047 -0.441038 0.00140678
309 0.00323625 0.624336 0.829047 -0.441038 0.00124895
310 0.00322581 0.621939 0.830586 -0.440148 0.00141667
311 0.00321543 0.62234 0.83096 -0.440619 0.00126668
312 0.00320513 0.62574 0.831592 -0.441644 0.00112753
313 0.00319489 0.62664 0.827168 -0.440992 0.00144138
314 0.00318471 0.625105 0.825819 -0.439294 0.00144624
315 0.0031746 0.62766 0.826354 -0.442655 0.00115527
316 0.00316456 0.62654 0.825949 -0.441011 0.00141666
317 0.00315457 0.629532 0.825036 -0.441348 0.00131766
318 0.00314465 0.63046 0.82474 -0.440004 0.00134428
319 0.0031348 0.627312 0.825657 -0.440721 0.00148162
320 0.003125 0.627896 0.827477 -0.440828 0.00128224
321 0.00311526 0.626732 0.828005 -0.440195 0.00130905
322 0.00310559 0.624768 0.827061 -0.443432 0.00120947
323 0.00309598 0.624448 0.82487 -0.44213 0.00145639
324 0.00308642 0.624448 0.82487 -0.44213 0.00131103
325 0.00307692 0.628446 0.826874 -0.43951 0.00149749
326 0.00306748 0.629801 0.825555 -0.436457 0.00151077
327 0.0030581 0.630893 0.826381 -0.437654 0.00148365
328 0.00304878 0.63021 0.827825 -0.440198 0.00131198
329 0.00303951 0.628392 0.829955 -0.438192 0.00146205
330 0.0030303 0.626665 0.827821 -0.440359 0.00145935
331 0.00302115 0.626545 0.825356 -0.442466 0.00135839
332 0.00301205 0.625332 0.825862 -0.440755 0.00145802
333 0.003003 0.625332 0.825862 -0.440755 0.00142651
334 0.00299401 0.625332 0.825862 -0.440755 0.00151955
335 0.00298507 0.625484 0.822592 -0.443181 0.00152766
336 0.00297619 0.625484 0.822592 -0.443181 0.00144848
337 0.00296736 0.625484 0.822592 -0.443181 0.00143758
338 0.00295858 0.624824 0.821293 -0.443321 0.00116234
339 0.00294985 0.624824 0.821293 -0.443321 0.00140081
340 0.00294118 0.624824 0.821293 -0.443321 0.00141114
341 0.00293255 0.624824 0.821293 -0.443321 0.00132252
342 0.00292398 0.62436 0.820396 -0.440843 0.00142161
343 0.00291545 0.625183 0.819881 -0.442817 0.00133755
344 0.00290698 0.624357 0.821398 -0.442177 0.00134284
345 0.00289855 0.624357 0.821398 -0.442177 0.00118942
346 0.00289017 0.624041 0.823362 -0.44207 0.00130347
347 0.00288184 0.624788 0.822325 -0.442323 0.00116012
348 0.00287356 0.622792 0.824642 -0.441766 0.00151514
349 0.00286533 0.621388 0.823413 -0.44243 0.00134584
350 0.00285714 0.623099 0.821534 -0.444201 0.00131619
351 0.002849 0.623099 0.821534 -0.444201 0.00119053
352 0.00284091 0.624586 0.82149 -0.440862 0.00140738
353 0.00283286 0.625935 0.823027 -0.442564 0.00128326
354 0.00282486 0.62745 0.824745 -0.441503 0.00135839
355 0.0028169 0.629656 0.825161 -0.438933 0.0014414
356 0.00280899 0.629465 0.826889 -0.44035 0.00135753
357 0.00280112 0.627891 0.828229 -0.439784 0.00125107
358 0.0027933 0.62889 0.826179 -0.441216 0.00150249
359 0.00278552 0.629622 0.825975 -0.44111 0.00138142
360 0.00277778 0.630644 0.829438 -0.438833 0.00151432
361 0.00277008 0.62976 0.827044 -0.44242 0.00130749
362 0.00276243 0.62976 0.827044 -0.44242 0.00143719
363 0.00275482 0.62976 0.827044 -0.44242 0.00144925
364 0.00274725 0.62976 0.827044 -0.44242 0.00135448
365 0.00273973 0.62976 0.827044 -0.44242 0.0014132
366 0.00273224 0.630627 0.828743 -0.440136 0.00138482
367 0.0027248 0.631207 0.829112 -0.439022 0.00142092
368 0.00271739 0.629138 0.827137 -0.443177 0.00141369
369 0.00271003 0.629138 0.827137 -0.443177 0.0012449
370 0.0027027 0.62838 0.826276 -0.44121 0.00135878
371 0.00269542 0.628578 0.825525 -0.44135 0.00161482
372 0.00268817 0.628578 0.825525 -0.44135 0.00145314
373 0.00268097 0.629671 0.825331 -0.441798 0.00129423
374 0.0026738 0.627574 0.82528 -0.44085 0.00137338
375 0.00266667 0.62869 0.824801 -0.442004 0.00149851
376 0.00265957 0.627107 0.825911 -0.440219 0.00131607
377 0.00265252 0.626104 0.82473 -0.441534 0.0012453
378 0.0026455 0.62376 0.82518 -0.442045 0.00118263
379 0.00263852 0.623179 0.824119 -0.442321 0.00132027
380 0.00263158 0.621036 0.825306 -0.441678 0.00130746
381 0.00262467 0.621107 0.825637 -0.443032 0.00137212
382 0.0026178 0.621107 0.825637 -0.443032 0.00144025
383 0.00261097 0.621536 0.830294 -0.442927 0.00132649
384 0.00260417 0.621536 0.830294 -0.442927 0.00156202
385 0.0025974 0.623323 0.829609 -0.443348 0.00143679
386 0.00259067 0.623323 0.829609 -0.443348 0.00138517
387 0.00258398 0.623323 0.829609 -0.443348 0.0014831
388 0.00257732 0.623323 0.829609 -0.443348 0.00132359
389 0.00257069 0.623323 0.829609 -0.443348 0.00123541
390 0.0025641 0.623323 0.829609 -0.443348 0.00130368
391 0.00255754 0.623323 0.829609 -0.443348 0.0012613
392 0.00255102 0.623323 0.829609 -0.443348 0.00124023
393 0.00254453 0.623323 0.829609 -0.443348 0.00120059
394 0.00253807 0.623631 0.830015 -0.443506 0.00142228
395 0.00253165 0.623631 0.830015 -0.443506 0.00130402
396 0.00252525 0.622302 0.830573 -0.43832 0.00135755
397 0.00251889 0.624076 0.832332 -0.438598 0.00131389
398 0.00251256 0.625492 0.831885 -0.442588 0.00132871
399 0.00250627 0.625492 0.831885 -0.442588 0.00135098
400 0.0025 0.625492 0.831885 -0.442588 0.00143303
401 0.00249377 0.625492 0.831885 -0.442588 0.00162081
402 0.00248756 0.625492 0.831885 -0.442588 0.00130781
403 0.00248139 0.626254 0.830944 -0.441139 0.00130839
404 0.00247525 0.624414 0.831073 -0.440574 0.00132217
405 0.00246914 0.623516 0.829508 -0.439154 0.00127257
406 0.00246305 0.622243 0.830884 -0.440756 0.00135718
407 0.002457 0.622429 0.829867 -0.440069 0.00135102
408 0.00245098 0.622334 0.830203 -0.440775 0.00135273
409 0.00244499 0.6241 0.831525 -0.441256 0.00124255
410 0.00243902 0.623709 0.832857 -0.438246 0.00139797
411 0.00243309 0.623049 0.831867 -0.440264 0.00145429
412 0.00242718 0.620983 0.831417 -0.440427 0.00128264
413 0.00242131 0.622827 0.831409 -0.44066 0.00120809
414 0.00241546 0.62254 0.832479 -0.440219 0.00140362
415 0.00240964 0.62254 0.832479 -0.440219 0.00140285
416 0.00240385 0.62254 0.832479 -0.440219 0.00133851
417 0.00239808 0.62283 0.831822 -0.442184 0.00124037
418 0.00239234 0.621966 0.831906 -0.438223 0.0014375
419 0.00238663 0.621933 0.831624 -0.441074 0.00135791
420 0.00238095 0.621933 0.831624 -0.441074 0.00143326
421 0.0023753 0.623164 0.829812 -0.441373 0.00127938
422 0.00236967 0.623349 0.830214 -0.439979 0.00146854
423 0.00236407 0.623401 0.829219 -0.441349 0.00121966
424 0.00235849 0.622315 0.830514 -0.439218 0.00131787
425 0.00235294 0.62035 0.829174 -0.439793 0.00133309
426 0.00234742 0.619774 0.829752 -0.442475 0.00138916
427 0.00234192 0.619774 0.829752 -0.442475 0.0013064
428 0.00233645 0.619774 0.829752 -0.442475 0.00121838
429 0.002331 0.620577 0.829886 -0.440912 0.0014575
430 0.00232558 0.62071 0.829676 -0.441886 0.00123412
431 0.00232019 0.62071 0.829676 -0.441886 0.00120772
432 0.00231481 0.619701 0.829808 -0.441491 0.00130497
433 0.00230947 0.619074 0.830284 -0.440534 0.00153651
434 0.00230415 0.618434 0.83163 -0.441517 0.001374
435 0.00229885 0.618148 0.830645 -0.440812 0.00145664
436 0.00229358 0.618148 0.830645 -0.440812 0.00145523
437 0.00228833 0.618433 0.829806 -0.439865 0.00135981
438 0.00228311 0.617818 0.830733 -0.441522 0.00118813
439 0.0022779 0.617818 0.830733 -0.441522 0.00110372
440 0.00227273 0.617953 0.829469 -0.440119 0.00135301
441 0.00226757 0.618085 0.829902 -0.442032 0.00126198
442 0.00226244 0.617236 0.829365 -0.441492 0.00126664
443 0.00225734 0.617143 0.828901 -0.439801 0.00145833
444 0.00225225 0.614972 0.828069 -0.441337 0.00115658
445 0.00224719 0.614129 0.827351 -0.442051 0.0013041
446 0.00224215 0.614129 0.827351 -0.442051 0.00126168
447 0.00223714 0.611665 0.824047 -0.443422 0.00132475
448 0.00223214 0.611665 0.824047 -0.443422 0.0013093
449 0.00222717 0.611665 0.824047 -0.443422 0.00132444
450 0.00222222 0.611624 0.823092 -0.440348 0.00136543
451 0.00221729 0.611058 0.822868 -0.441531 0.00130881
452 0.00221239 0.610832 0.824436 -0.442899 0.00130556
453 0.00220751 0.610438 0.825164 -0.43944 0.00132043
454 0.00220264 0.613105 0.824485 -0.441115 0.00119168
455 0.0021978 0.613769 0.823845 -0.441487 0.00122638
456 0.00219298 0.614442 0.823687 -0.443801 0.0013078
457 0.00218818 0.615085 0.823409 -0.441122 0.00145138
458 0.00218341 0.615594 0.824335 -0.441315 0.00139687
459 0.00217865 0.614175 0.824551 -0.441661 0.00125466
460 0.00217391 0.614271 0.824322 -0.443097 0.00106994
461 0.0021692 0.615526 0.823173 -0.443669 0.00119525
462 0.0021645 0.615526 0.823173 -0.443669 0.00139105
463 0.00215983 0.615526 0.823173 -0.443669 0.00115991
464 0.00215517 0.614634 0.823374 -0.443102 0.00143927
465 0.00215054 0.614634 0.823374 -0.443102 0.00145699
466 0.00214592 0.614088 0.823074 -0.442585 0.00136308
467 0.00214133 0.614772 0.823388 -0.442054 0.00127989
468 0.00213675 0.614772 0.823388 -0.442054 0.00142389
469 0.0021322 0.615155 0.824228 -0.440302 0.0015161
470 0.00212766 0.616433 0.825876 -0.445218 0.00107727
471 0.00212314 0.616433 0.825876 -0.445218 0.00145039
472 0.00211864 0.616433 0.825876 -0.445218 0.00137107
473 0.00211416 0.615041 0.825628 -0.443937 0.00124988
474 0.0021097 0.613747 0.825432 -0.444702 0.00130209
475 0.00210526 0.613747 0.825432 -0.444702 0.00117922
476 0.00210084 0.613747 0.825432 -0.444702 0.00139506
477 0.00209644 0.613747 0.825432 -0.444702 0.00131815
478 0.00209205 0.613747 0.825432 -0.444702 0.00133531
479 0.00208768 0.613747 0.825432 -0.444702 0.00127862
480 0.00208333 0.613747 0.825432 -0.444702 0.00153672
481 0.002079 0.613191 0.825719 -0.442938 0.0012755
482 0.00207469 0.612276 0.825825 -0.441165 0.00121962
483 0.00207039 0.61182 0.824626 -0.44287 0.00128659
484 0.00206612 0.612026 0.823928 -0.442432 0.00113997
485 0.00206186 0.611776 0.822941 -0.44229 0.00136335
486 0.00205761 0.611915 0.820785 -0.441253 0.00135291
487 0.00205339 0.612794 0.819766 -0.440279 0.00137762
488 0.00204918 0.612696 0.820415 -0.442622 0.00138427
489 0.00204499 0.612696 0.820415 -0.442622 0.0015281
490 0.00204082 0.612696 0.820415 -0.442622 0.00142632
491 0.00203666 0.611959 0.820769 -0.444096 0.00114299
492 0.00203252 0.612307 0.821561 -0.443542 0.00125024
493 0.0020284 0.612307 0.821561 -0.443542 0.00135631
494 0.00202429 0.612985 0.822464 -0.443382 0.00117015
495 0.0020202 0.613083 0.82149 -0.44457 0.00117108
496 0.00201613 0.612204 0.819874 -0.442535 0.00123749
497 0.00201207 0.609608 0.819343 -0.443731 0.00130591
498 0.00200803 0.609608 0.819343 -0.443731 0.00139542
499 0.00200401 0.609608 0.819343 -0.443731 0.00133355
500 0.002 0.610942 0.818173 -0.442289 0.00127824
501 0.00199601 0.610937 0.819481 -0.444245 0.00139529
502 0.00199203 0.611419 0.818744 -0.443656 0.00141779
503 0.00198807 0.611419 0.818744 -0.443656 0.00175575
504 0.00198413 0.610625 0.817371 -0.442602 0.00113672
505 0.0019802 0.610625 0.817371 -0.442602 0.00141911
506 0.00197628 0.610625 0.817371 -0.442602 0.00112392
507 0.00197239 0.609959 0.817556 -0.442344 0.00127182
508 0.0019685 0.610476 0.817475 -0.444952 0.00120367
509 0.00196464 0.610476 0.817475 -0.444952 0.00126626
510 0.00196078 0.610476 0.817475 -0.444952 0.0012107
511 0.00195695 0.610476 0.817475 -0.444952 0.00122006
512 0.00195312 0.610476 0.817475 -0.444952 0.00135344
513 0.00194932 0.610476 0.817475 -0.444952 0.00111787
514 0.00194553 0.610476 0.817475 -0.444952 0.00143849
515 0.00194175 0.610476 0.817475 -0.444952 0.00130261
516 0.00193798 0.611466 0.817359 -0.443401 0.00138322
517 0.00193424 0.611014 0.815102 -0.44283 0.00116509
518 0.0019305 0.610407 0.813646 -0.443833 0.00135239
519 0.00192678 0.610944 0.814005 -0.443048 0.00124361
520 0.00192308 0.609038 0.813828 -0.444593 0.00131616
521 0.00191939 0.60969 0.814179 -0.445143 0.00127465
522 0.00191571 0.60969 0.814179 -0.445143 0.00120558
523 0.00191205 0.60969 0.814179 -0.445143 0.00154831
524 0.0019084 0.609362 0.813729 -0.443856 0.00123916
525 0.00190476 0.609362 0.813729 -0.443856 0.00135338
526 0.00190114 0.607145 0.813103 -0.443336 0.00122475
527 0.00189753 0.60765 0.811701 -0.442537 0.00138918
528 0.00189394 0.60765 0.811701 -0.442537 0.00129193
529 0.00189036 0.606154 0.813854 -0.442765 0.00119071
530 0.00188679 0.606012 0.813591 -0.442716 0.00121726
531 0.00188324 0.606047 0.813525 -0.441555 0.00120545
532 0.0018797 0.605189 0.813025 -0.444382 0.00121997
533 0.00187617 0.60373 0.813554 -0.444406 0.00130129
534 0.00187266 0.60373 0.813554 -0.444406 0.00141453
535 0.00186916 0.602098 0.814471 -0.441404 0.00144693
536 0.00186567 0.600598 0.815704 -0.441383 0.00123104
537 0.0018622 0.59831 0.815331 -0.43931 0.00131428
538 0.00185874 0.599895 0.81497 -0.440828 0.0015399
539 0.00185529 0.600957 0.814752 -0.442887 0.00131966
540 0.00185185 0.599322 0.81504 -0.442866 0.00157475
541 0.00184843 0.599322 0.81504 -0.442866 0.00132687
542 0.00184502 0.599322 0.81504 -0.442866 0.00138775
543 0.00184162 0.599322 0.81504 -0.442866 0.00129916
544 0.00183824 0.598836 0.81481 -0.441505 0.00135282
545 0.00183486 0.599307 0.814503 -0.438606 0.00148601
546 0.0018315 0.59849 0.814518 -0.439901 0.00126329
547 0.00182815 0.599343 0.812654 -0.442818 0.00121212
548 0.00182482 0.599181 0.812175 -0.441708 0.00109644
549 0.00182149 0.598284 0.813043 -0.441655 0.00123593
550 0.00181818 0.598054 0.813169 -0.441844 0.00139423
551 0.00181488 0.598054 0.813169 -0.441844 0.00136598
552 0.00181159 0.599363 0.814472 -0.441773 0.00137937
553 0.00180832 0.60052 0.814294 -0.441424 0.00127307
554 0.00180505 0.600243 0.816009 -0.442524 0.00123342
555 0.0018018 0.599128 0.816243 -0.443559 0.00123126
556 0.00179856 0.599128 0.816243 -0.443559 0.0014043
557 0.00179533 0.598979 0.816939 -0.443016 0.00128736
558 0.00179211 0.598979 0.816939 -0.443016 0.00131324
559 0.00178891 0.599208 0.817225 -0.443085 0.00124797
560 0.00178571 0.598243 0.815936 -0.44022 0.00137021
561 0.00178253 0.598243 0.815936 -0.44022 0.00118773
562 0.00177936 0.598433 0.81693 -0.439318 0.0013952
563 0.0017762 0.598297 0.816992 -0.440852 0.0012612
564 0.00177305 0.596504 0.816574 -0.439024 0.0013732
565 0.00176991 0.596666 0.815879 -0.441486 0.0012925
566 0.00176678 0.597959 0.816361 -0.441523 0.00148307
567 0.00176367 0.599433 0.81707 -0.439207 0.00137211
568 0.00176056 0.600382 0.816012 -0.44223 0.0013601
569 0.00175747 0.601847 0.816489 -0.443086 0.00123454
570 0.00175439 0.601847 0.816489 -0.443086 0.00126176
571 0.00175131 0.601847 0.816489 -0.443086 0.00138245
572 0.00174825 0.601847 0.816489 -0.443086 0.00128918
573 0.0017452 0.600625 0.816077 -0.441027 0.00131057
574 0.00174216 0.600408 0.815722 -0.440977 0.00134244
575 0.00173913 0.599287 0.816118 -0.441866 0.00137509
576 0.00173611 0.599902 0.814437 -0.440871 0.00138338
577 0.0017331 0.598672 0.813602 -0.439821 0.00130662
578 0.0017301 0.597905 0.814626 -0.443154 0.00142237
579 0.00172712 0.597782 0.813578 -0.441099 0.00128885
580 0.00172414 0.597415 0.812887 -0.441704 0.00145051
581 0.00172117 0.597462 0.813457 -0.441195 0.00123976
582 0.00171821 0.598186 0.814397 -0.441226 0.00128973
583 0.00171527 0.598131 0.814885 -0.440096 0.00129656
584 0.00171233 0.598587 0.815533 -0.442382 0.0013255
585 0.0017094 0.599452 0.815513 -0.440896 0.00119257
586 0.00170648 0.599651 0.816582 -0.442599 0.00110777
587 0.00170358 0.599651 0.816582 -0.442599 0.00137886
588 0.00170068 0.599651 0.816582 -0.442599 0.00122791
589 0.00169779 0.599251 0.816283 -0.442148 0.00124456
590 0.00169492 0.599251 0.816283 -0.442148 0.00121369
591 0.00169205 0.598704 0.816776 -0.441076 0.00118236
592 0.00168919 0.59869 0.817291 -0.440989 0.00132143
593 0.00168634 0.597571 0.81825 -0.439642 0.00128922
594 0.0016835 0.595209 0.817587 -0.440126 0.00116064
595 0.00168067 0.596017 0.816742 -0.441864 0.00130184
596 0.00167785 0.596017 0.816742 -0.441864 0.00131307
597 0.00167504 0.596017 0.816742 -0.441864 0.0014188
598 0.00167224 0.595923 0.818444 -0.439405 0.00134771
599 0.00166945 0.595762 0.817663 -0.440806 0.00124074
600 0.00166667 0.595604 0.817706 -0.439434 0.00137562
601 0.00166389 0.595604 0.817706 -0.439434 0.00127679
602 0.00166113 0.595604 0.817706 -0.439434 0.00152657
603 0.00165837 0.595803 0.818408 -0.437639 0.00131129
604 0.00165563 0.597384 0.81795 -0.438688 0.00118689
605 0.00165289 0.597307 0.816444 -0.44507 0.001321
606 0.00165017 0.597307 0.816444 -0.44507 0.0012924
607 0.00164745 0.597307 0.816444 -0.44507 0.00142318
608 0.00164474 0.597307 0.816444 -0.44507 0.00135208
609 0.00164204 0.597307 0.816444 -0.44507 0.00132045
610 0.00163934 0.597307 0.816444 -0.44507 0.00141627
611 0.00163666 0.597307 0.816444 -0.44507 0.00135166
612 0.00163399 0.597307 0.816444 -0.44507 0.0012952
613 0.00163132 0.597307 0.816444 -0.44507 0.00134673
614 0.00162866 0.595392 0.815746 -0.44095 0.00113785
615 0.00162602 0.595224 0.816422 -0.439741 0.00157821
616 0.00162338 0.593628 0.81606 -0.440819 0.0013142
617 0.00162075 0.593628 0.81606 -0.440819 0.00140559
618 0.00161812 0.592883 0.81601 -0.438058 0.00136544
619 0.00161551 0.592992 0.815515 -0.440195 0.0013013
620 0.0016129 0.592992 0.815515 -0.440195 0.00140507
621 0.00161031 0.592992 0.815515 -0.440195 0.0012602
622 0.00160772 0.59366 0.816159 -0.440756 0.00122435
623 0.00160514 0.593992 0.815264 -0.43938 0.00146311
624 0.00160256 0.593992 0.815264 -0.43938 0.00123519
625 0.0016 0.593338 0.814204 -0.440608 0.00131048
626 0.00159744 0.593338 0.814204 -0.440608 0.0014112
627 0.0015949 0.594042 0.813989 -0.440465 0.00118228
628 0.00159236 0.594837 0.81414 -0.439201 0.00127919
629 0.00158983 0.592715 0.812465 -0.438022 0.00130435
630 0.0015873 0.59249 0.812177 -0.435856 0.00135089
631 0.00158479 0.592625 0.812292 -0.440279 0.00122211
632 0.00158228 0.592436 0.812674 -0.438383 0.00146626
633 0.00157978 0.593544 0.813652 -0.440289 0.00140805
634 0.00157729 0.594234 0.815027 -0.440363 0.001239
635 0.0015748 0.595111 0.815007 -0.440392 0.00120475
636 0.00157233 0.595111 0.815007 -0.440392 0.0013143
637 0.00156986 0.59478 0.816338 -0.442448 0.00146127
638 0.0015674 0.59478 0.816338 -0.442448 0.00142331
639 0.00156495 0.59478 0.816338 -0.442448 0.00133274
640 0.0015625 0.59478 0.816338 -0.442448 0.0013707
641 0.00156006 0.594151 0.81603 -0.439761 0.00142599
642 0.00155763 0.594151 0.81603 -0.439761 0.00128303
643 0.00155521 0.594151 0.81603 -0.439761 0.00138005
644 0.0015528 0.594151 0.81603 -0.439761 0.00130763
645 0.00155039 0.59406 0.817133 -0.439992 0.0013856
646 0.00154799 0.592514 0.817014 -0.437969 0.0014459
647 0.0015456 0.59165 0.816772 -0.437727 0.00132456
648 0.00154321 0.591732 0.817062 -0.437448 0.00141098
649 0.00154083 0.592756 0.818214 -0.439503 0.00135983
650 0.00153846 0.593031 0.816637 -0.439806 0.00129256
651 0.0015361 0.593031 0.816637 -0.439806 0.00132631
652 0.00153374 0.592995 0.816405 -0.439624 0.00160119
653 0.00153139 0.59289 0.816743 -0.437856 0.00128128
654 0.00152905 0.592109 0.816048 -0.437715 0.0012754
655 0.00152672 0.593605 0.816804 -0.441589 0.00139921
656 0.00152439 0.593605 0.816804 -0.441589 0.00138208
657 0.00152207 0.593605 0.816804 -0.441589 0.00138562
658 0.00151976 0.593605 0.816804 -0.441589 0.00149999
659 0.00151745 0.593605 0.816804 -0.441589 0.00135691
660 0.00151515 0.593605 0.816804 -0.441589 0.00144356
661 0.00151286 0.593605 0.816804 -0.441589 0.00147708
662 0.00151057 0.593605 0.816804 -0.441589 0.00141038
663 0.0015083 0.593605 0.816804 -0.441589 0.00137113
664 0.00150602 0.593605 0.816804 -0.441589 0.00134686
665 0.00150376 0.593605 0.816804 -0.441589 0.0013705
666 0.0015015 0.593605 0.816804 -0.441589 0.00129606
667 0.00149925 0.593605 0.816804 -0.441589 0.00122971
668 0.00149701 0.593605 0.816804 -0.441589 0.00131772
669 0.00149477 0.593605 0.816804 -0.441589 0.00151178
670 0.00149254 0.593605 0.816804 -0.441589 0.00139253
671 0.00149031 0.593605 0.816804 -0.441589 0.00121136
672 0.0014881 0.593605 0.816804 -0.441589 0.00132315
673 0.00148588 0.593605 0.816804 -0.441589 0.00133177
674 0.00148368 0.593605 0.816804 -0.441589 0.00130649
675 0.00148148 0.593839 0.815645 -0.441619 0.00143376
676 0.00147929 0.593783 0.814857 -0.440103 0.00151472
677 0.0014771 0.593783 0.814857 -0.440103 0.00144028
678 0.00147493 0.593647 0.815478 -0.441612 0.00131831
679 0.00147275 0.593647 0.815478 -0.441612 0.00124584
680 0.00147059 0.593647 0.815478 -0.441612 0.00130344
681 0.00146843 0.593647 0.815478 -0.441612 0.00127328
682 0.00146628 0.593647 0.815478 -0.441612 0.00139156
683 0.00146413 0.59362 0.815863 -0.440107 0.00139084
684 0.00146199 0.59362 0.815863 -0.440107 0.0014188
685 0.00145985 0.594229 0.815861 -0.439844 0.00145413
686 0.00145773 0.594061 0.815747 -0.437756 0.00153215
687 0.0014556 0.593231 0.815732 -0.440022 0.00145351
688 0.00145349 0.592866 0.815325 -0.439133 0.00125744
689 0.00145138 0.592866 0.815325 -0.439133 0.00128718
690 0.00144928 0.593028 0.814577 -0.439457 0.00133652
691 0.00144718 0.593028 0.814577 -0.439457 0.00144208
692 0.00144509 0.592345 0.81488 -0.439272 0.00135629
693 0.001443 0.592345 0.81488 -0.439272 0.00139441
694 0.00144092 0.593722 0.814449 -0.440351 0.00146345
695 0.00143885 0.593255 0.814416 -0.440262 0.00153226
696 0.00143678 0.591025 0.815084 -0.439311 0.00138165
697 0.00143472 0.591025 0.815084 -0.439311 0.00131984
698 0.00143266 0.589894 0.814301 -0.438703 0.00129113
699 0.00143062 0.589894 0.814301 -0.438703 0.00140707
700 0.00142857 0.590118 0.814252 -0.437754 0.00160735
701 0.00142653 0.589344 0.813687 -0.434701 0.00148581
702 0.0014245 0.58983 0.813122 -0.436701 0.00147436
703 0.00142248 0.589126 0.812898 -0.437739 0.00124126
704 0.00142045 0.589126 0.812898 -0.437739 0.00136861
705 0.00141844 0.588778 0.812417 -0.438799 0.00122899
706 0.00141643 0.589122 0.812364 -0.440565 0.00117541
707 0.00141443 0.588956 0.813351 -0.438641 0.00141277
708 0.00141243 0.587618 0.81346 -0.43705 0.00125601
709 0.00141044 0.587618 0.81346 -0.43705 0.00142944
710 0.00140845 0.587618 0.81346 -0.43705 0.00125885
711 0.00140647 0.586971 0.813909 -0.437505 0.0015382
712 0.00140449 0.587332 0.815201 -0.434495 0.00145265
713 0.00140252 0.587332 0.815201 -0.434495 0.00142752
714 0.00140056 0.586614 0.816544 -0.43662 0.0012557
715 0.0013986 0.585541 0.816042 -0.436301 0.0014452
716 0.00139665 0.585541 0.816042 -0.436301 0.00139232
717 0.0013947 0.586737 0.815929 -0.435968 0.00148443
718 0.00139276 0.586056 0.816492 -0.43751 0.0012572
719 0.00139082 0.586056 0.816492 -0.43751 0.00150187
720 0.00138889 0.586056 0.816492 -0.43751 0.00155971
721 0.00138696 0.586056 0.816492 -0.43751 0.00168432
722 0.00138504 0.586056 0.816492 -0.43751 0.00132823
723 0.00138313 0.586056 0.816492 -0.43751 0.00130433
724 0.00138122 0.586056 0.816492 -0.43751 0.00137008
725 0.00137931 0.586731 0.817061 -0.435251 0.00126394
726 0.00137741 0.586961 0.816495 -0.435747 0.00148892
727 0.00137552 0.5871 0.815647 -0.436648 0.00159089
728 0.00137363 0.588714 0.815598 -0.436472 0.00136793
729 0.00137174 0.588602 0.816243 -0.437903 0.00149188
730 0.00136986 0.588602 0.816243 -0.437903 0.00141672
731 0.00136799 0.589172 0.815415 -0.437158 0.00145213
732 0.00136612 0.589172 0.815415 -0.437158 0.00133783
733 0.00136426 0.588224 0.816147 -0.437739 0.00134009
734 0.0013624 0.588224 0.816147 -0.437739 0.00124078
735 0.00136054 0.58857 0.816268 -0.43658 0.00144842
736 0.0013587 0.589432 0.81558 -0.438564 0.00136131
737 0.00135685 0.589432 0.81558 -0.438564 0.0015109
738 0.00135501 0.589309 0.814847 -0.440131 0.00142277
739 0.00135318 0.589051 0.815894 -0.440399 0.00136228
740 0.00135135 0.58914 0.81536 -0.438659 0.0014224
741 0.00134953 0.5894 0.815713 -0.438212 0.00130003
742 0.00134771 0.589981 0.815669 -0.436824 0.00144282
743 0.0013459 0.589922 0.814467 -0.436755 0.00144359
744 0.00134409 0.590654 0.815395 -0.437312 0.00143675
745 0.00134228 0.591133 0.81441 -0.436344 0.00131977
746 0.00134048 0.590976 0.814839 -0.439292 0.0012005
747 0.00133869 0.590976 0.814839 -0.439292 0.00117344
748 0.0013369 0.590976 0.814839 -0.439292 0.00136297
749 0.00133511 0.590976 0.814839 -0.439292 0.0014978
750 0.00133333 0.591681 0.815142 -0.440615 0.00128978
751 0.00133156 0.591681 0.815142 -0.440615 0.00138865
752 0.00132979 0.591681 0.815142 -0.440615 0.00132366
753 0.00132802 0.591681 0.815142 -0.440615 0.00147307
754 0.00132626 0.591681 0.815142 -0.440615 0.00133127
755 0.0013245 0.590942 0.815833 -0.440884 0.00117885
756 0.00132275 0.590942 0.815833 -0.440884 0.00130532
757 0.001321 0.590942 0.815833 -0.440884 0.00132622
758 0.00131926 0.591086 0.81559 -0.438649 0.00137915
759 0.00131752 0.591263 0.815216 -0.43636 0.00129933
760 0.00131579 0.590816 0.814507 -0.438254 0.00129046
761 0.00131406 0.590869 0.814692 -0.439565 0.00128901
762 0.00131234 0.590869 0.814692 -0.439565 0.00147671
763 0.00131062 0.590746 0.813265 -0.43864 0.00133779
764 0.0013089 0.591555 0.814915 -0.440118 0.00139142
765 0.00130719 0.592819 0.815028 -0.440591 0.00129429
766 0.00130548 0.592819 0.815028 -0.440591 0.00137519
767 0.00130378 0.592579 0.814366 -0.439488 0.00139821
768 0.00130208 0.592579 0.814366 -0.439488 0.0013771
769 0.00130039 0.592579 0.814366 -0.439488 0.00124962
770 0.0012987 0.593949 0.81454 -0.44026 0.00129954
771 0.00129702 0.593956 0.814055 -0.441597 0.00132454
772 0.00129534 0.593956 0.814055 -0.441597 0.00127098
773 0.00129366 0.593926 0.813613 -0.440348 0.00143185
774 0.00129199 0.593499 0.813823 -0.43985 0.00129034
775 0.00129032 0.594017 0.813423 -0.439404 0.00140531
776 0.00128866 0.594981 0.813202 -0.440638 0.00139764
777 0.001287 0.59498 0.813039 -0.440562 0.00128346
778 0.00128535 0.59564 0.812547 -0.442064 0.00113002
779 0.0012837 0.59564 0.812547 -0.442064 0.00137123
780 0.00128205 0.595583 0.812154 -0.441012 0.00136941
781 0.00128041 0.59613 0.812017 -0.440243 0.00132018
782 0.00127877 0.59613 0.812017 -0.440243 0.00142245
783 0.00127714 0.595867 0.811661 -0.440505 0.00122718
784 0.00127551 0.594771 0.811794 -0.440865 0.00148095
785 0.00127389 0.594771 0.811794 -0.440865 0.00113999
786 0.00127226 0.594771 0.811794 -0.440865 0.00118655
787 0.00127065 0.593771 0.813518 -0.441255 0.00115949
788 0.00126904 0.593771 0.813518 -0.441255 0.00133092
789 0.00126743 0.593771 0.813518 -0.441255 0.00135511
790 0.00126582 0.594124 0.814299 -0.440019 0.00143515
791 0.00126422 0.594291 0.814175 -0.440235 0.00120386
792 0.00126263 0.593244 0.813564 -0.441031 0.0014107
793 0.00126103 0.59281 0.813917 -0.440703 0.00151093
794 0.00125945 0.59281 0.813917 -0.440703 0.00132861
795 0.00125786 0.59281 0.813917 -0.440703 0.0012422
796 0.00125628 0.59281 0.813917 -0.440703 0.0013764
797 0.00125471 0.59281 0.813917 -0.440703 0.00117416
798 0.00125313 0.593646 0.811541 -0.441219 0.00133991
799 0.00125156 0.593646 0.811541 -0.441219 0.00138514
800 0.00125 0.593121 0.811447 -0.437592 0.00118451
801 0.00124844 0.594092 0.811222 -0.44026 0.00134285
802 0.00124688 0.593633 0.811062 -0.440163 0.00139187
803 0.00124533 0.593633 0.811062 -0.440163 0.00154093
804 0.00124378 0.594026 0.810316 -0.441042 0.00131885
805 0.00124224 0.593586 0.810398 -0.441974 0.00112028
806 0.00124069 0.593586 0.810398 -0.441974 0.00119935
807 0.00123916 0.593892 0.810851 -0.440321 0.00138756
808 0.00123762 0.594589 0.811455 -0.440502 0.00140775
809 0.00123609 0.594589 0.811455 -0.440502 0.00127601
810 0.00123457 0.59478 0.810934 -0.441479 0.00142041
811 0.00123305 0.59478 0.810934 -0.441479 0.00132571
812 0.00123153 0.594914 0.811305 -0.439506 0.00128708
813 0.00123001 0.594172 0.810559 -0.439568 0.00129489
814 0.0012285 0.593733 0.811204 -0.440317 0.00151692
815 0.00122699 0.593964 0.811528 -0.440065 0.00136918
816 0.00122549 0.594352 0.81213 -0.440313 0.0013782
817 0.00122399 0.594352 0.81213 -0.440313 0.0014337
818 0.00122249 0.594091 0.811598 -0.439997 0.00136836
819 0.001221 0.594155 0.811745 -0.441673 0.00129292
820 0.00121951 0.594155 0.811745 -0.441673 0.00136103
821 0.00121803 0.594344 0.812884 -0.441322 0.00133799
822 0.00121655 0.594344 0.812884 -0.441322 0.00139384
823 0.00121507 0.594505 0.813463 -0.442486 0.00129616
824 0.00121359 0.594505 0.813463 -0.442486 0.00147674
825 0.00121212 0.594505 0.813463 -0.442486 0.00132545
826 0.00121065 0.594505 0.813463 -0.442486 0.00129427
827 0.00120919 0.594505 0.813463 -0.442486 0.00122663
828 0.00120773 0.594505 0.813463 -0.442486 0.00136256
829 0.00120627 0.594505 0.813463 -0.442486 0.0013354
830 0.00120482 0.594505 0.813463 -0.442486 0.00133311
831 0.00120337 0.59365 0.81304 -0.441892 0.00125165
832 0.00120192 0.59365 0.81304 -0.441892 0.0013204
833 0.00120048 0.594026 0.812946 -0.439881 0.00135721
834 0.00119904 0.594026 0.812946 -0.439881 0.00122185
835 0.0011976 0.594599 0.812902 -0.440344 0.00122335
836 0.00119617 0.594599 0.812902 -0.440344 0.00121938
837 0.00119474 0.593845 0.813171 -0.439397 0.00134004
838 0.00119332 0.594193 0.812708 -0.440004 0.00129314
839 0.0011919 0.594193 0.812708 -0.440004 0.00127426
840 0.00119048 0.592962 0.812431 -0.440535 0.00146319
841 0.00118906 0.592962 0.812431 -0.440535 0.00142504
842 0.00118765 0.592962 0.812431 -0.440535 0.00146661
843 0.00118624 0.592516 0.811852 -0.438253 0.00139808
844 0.00118483 0.592572 0.812258 -0.43667 0.00165302
845 0.00118343 0.592112 0.812503 -0.43756 0.00132133
846 0.00118203 0.59188 0.812147 -0.438039 0.00125465
847 0.00118064 0.591668 0.812429 -0.43795 0.00132909
848 0.00117925 0.590591 0.812422 -0.440172 0.00126206
849 0.00117786 0.589791 0.812242 -0.437551 0.00145836
850 0.00117647 0.589419 0.812254 -0.438475 0.0013709
851 0.00117509 0.589315 0.811395 -0.43882 0.00127223
852 0.00117371 0.589315 0.811395 -0.43882 0.00133736
853 0.00117233 0.588983 0.810621 -0.43828 0.00144383
854 0.00117096 0.589583 0.810876 -0.437806 0.00126072
855 0.00116959 0.590406 0.811248 -0.438654 0.00141583
856 0.00116822 0.589828 0.812094 -0.439337 0.00131818
857 0.00116686 0.589828 0.812094 -0.439337 0.00149566
858 0.0011655 0.589828 0.812094 -0.439337 0.00136422
859 0.00116414 0.589692 0.812508 -0.438677 0.00132377
860 0.00116279 0.589396 0.813418 -0.438523 0.00128448
861 0.00116144 0.588916 0.81384 -0.438276 0.00135649
862 0.00116009 0.588916 0.81384 -0.438276 0.00148388
863 0.00115875 0.588858 0.814217 -0.438789 0.00132809
864 0.00115741 0.588858 0.814217 -0.438789 0.0013202
865 0.00115607 0.588282 0.813348 -0.438509 0.001245
866 0.00115473 0.588417 0.813636 -0.439847 0.00147972
867 0.0011534 0.588417 0.813636 -0.439847 0.00136041
868 0.00115207 0.588417 0.813636 -0.439847 0.00131469
869 0.00115075 0.588417 0.813636 -0.439847 0.00124259
870 0.00114943 0.588417 0.813636 -0.439847 0.00132305
871 0.00114811 0.588417 0.813636 -0.439847 0.00143184
872 0.00114679 0.58878 0.813884 -0.438795 0.00123765
873 0.00114548 0.58878 0.813884 -0.438795 0.00127593
874 0.00114416 0.588887 0.81436 -0.437712 0.0012572
875 0.00114286 0.589546 0.814082 -0.43811 0.00130424
876 0.00114155 0.59033 0.813867 -0.441103 0.00132114
877 0.00114025 0.59033 0.813867 -0.441103 0.00144783
878 0.00113895 0.590822 0.814874 -0.439485 0.00131334
879 0.00113766 0.591437 0.815254 -0.438309 0.00130794
880 0.00113636 0.591944 0.815295 -0.439291 0.00156961
881 0.00113507 0.591944 0.815295 -0.439291 0.0014635
882 0.00113379 0.592038 0.815473 -0.439612 0.00128554
883 0.0011325 0.592385 0.815368 -0.439191 0.00127517
884 0.00113122 0.592385 0.815368 -0.439191 0.00141892
885 0.00112994 0.592385 0.815368 -0.439191 0.00127604
886 0.00112867 0.592592 0.815049 -0.439533 0.00131648
887 0.0011274 0.592499 0.81479 -0.442366 0.0012953
888 0.00112613 0.59261 0.814118 -0.440561 0.00128984
889 0.00112486 0.593939 0.81396 -0.440387 0.00126863
890 0.0011236 0.593558 0.813924 -0.439055 0.00142322
891 0.00112233 0.59338 0.814605 -0.439482 0.00137397
892 0.00112108 0.59338 0.814605 -0.439482 0.0013745
893 0.00111982 0.593685 0.814515 -0.438637 0.00123856
894 0.00111857 0.593685 0.815555 -0.439922 0.00144482
895 0.00111732 0.593972 0.815095 -0.442639 0.00128766
896 0.00111607 0.593972 0.815095 -0.442639 0.00145026
897 0.00111483 0.593972 0.815095 -0.442639 0.00145017
898 0.00111359 0.593972 0.815095 -0.442639 0.00137483
899 0.00111235 0.593972 0.815095 -0.442639 0.00123359
900 0.00111111 0.593972 0.815095 -0.442639 0.00125014
901 0.00110988 0.593972 0.815095 -0.442639 0.00143378
902 0.00110865 0.593972 0.815095 -0.442639 0.00154855
903 0.00110742 0.593972 0.815095 -0.442639 0.00133331
904 0.00110619 0.593972 0.815095 -0.442639 0.00125498
905 0.00110497 0.593972 0.815095 -0.442639 0.00118578
906 0.00110375 0.593972 0.815095 -0.442639 0.00137647
907 0.00110254 0.593972 0.815095 -0.442639 0.00125684
908 0.00110132 0.593972 0.815095 -0.442639 0.00152451
909 0.00110011 0.593972 0.815095 -0.442639 0.00143664
910 0.0010989 0.593972 0.815095 -0.442639 0.00134112
911 0.00109769 0.593972 0.815095 -0.442639 0.00126395
912 0.00109649 0.593972 0.815095 -0.442639 0.00131951
913 0.00109529 0.59279 0.815112 -0.441408 0.0015709
914 0.00109409 0.592836 0.815272 -0.438323 0.00125393
915 0.0010929 0.592018 0.815104 -0.442023 0.0013436
916 0.0010917 0.592018 0.815104 -0.442023 0.00146626
917 0.00109051 0.592388 0.814584 -0.439926 0.00143293
918 0.00108932 0.592388 0.814584 -0.439926 0.00117721
919 0.00108814 0.592388 0.814584 -0.439926 0.00142689
920 0.00108696 0.593255 0.814176 -0.440699 0.00139794
921 0.00108578 0.592797 0.813371 -0.440412 0.0014194
922 0.0010846 0.592797 0.813371 -0.440412 0.00134466
923 0.00108342 0.592797 0.813371 -0.440412 0.00135608
924 0.00108225 0.593342 0.812801 -0.442584 0.00121172
925 0.00108108 0.593342 0.812801 -0.442584 0.0012693
926 0.00107991 0.593303 0.812306 -0.438605 0.00144705
927 0.00107875 0.592786 0.812909 -0.440515 0.00141476
928 0.00107759 0.592786 0.812909 -0.440515 0.00138983
929 0.00107643 0.592938 0.812558 -0.438641 0.001299
930 0.00107527 0.592938 0.812558 -0.438641 0.00139395
931 0.00107411 0.591839 0.812568 -0.439215 0.00124906
932 0.00107296 0.591839 0.812568 -0.439215 0.00124332
933 0.00107181 0.592555 0.813754 -0.441071 0.00136942
934 0.00107066 0.592507 0.814014 -0.440869 0.00141533
935 0.00106952 0.592507 0.814014 -0.440869 0.00126765
936 0.00106838 0.59159 0.813786 -0.440474 0.00138775
937 0.00106724 0.59159 0.813786 -0.440474 0.00133615
938 0.0010661 0.59159 0.813786 -0.440474 0.0014168
939 0.00106496 0.59159 0.813786 -0.440474 0.00141842
940 0.00106383 0.59159 0.813786 -0.440474 0.00129047
941 0.0010627 0.59159 0.813786 -0.440474 0.00130032
942 0.00106157 0.59159 0.813786 -0.440474 0.00145971
943 0.00106045 0.591449 0.815257 -0.441249 0.00128408
944 0.00105932 0.591623 0.814956 -0.440232 0.00147586
945 0.0010582 0.591623 0.814956 -0.440232 0.00151453
946 0.00105708 0.592015 0.814699 -0.440213 0.00144173
947 0.00105597 0.592076 0.815069 -0.440516 0.0013505
948 0.00105485 0.592482 0.814464 -0.437821 0.00137918
949 0.00105374 0.59138 0.814742 -0.438561 0.00128452
950 0.00105263 0.591915 0.815617 -0.439265 0.00143549
951 0.00105152 0.592152 0.815795 -0.439016 0.00120214
952 0.00105042 0.59182 0.814648 -0.438847 0.0013825
953 0.00104932 0.591264 0.815068 -0.439381 0.00135179
954 0.00104822 0.591264 0.815068 -0.439381 0.00127306
955 0.00104712 0.591264 0.815068 -0.439381 0.00129627
956 0.00104603 0.591485 0.81511 -0.438733 0.0011271
957 0.00104493 0.590963 0.815966 -0.438369 0.00131668
958 0.00104384 0.590963 0.815966 -0.438369 0.00134899
959 0.00104275 0.590963 0.815966 -0.438369 0.00141043
960 0.00104167 0.590963 0.815966 -0.438369 0.00147685
961 0.00104058 0.590963 0.815966 -0.438369 0.00140716
962 0.0010395 0.592074 0.816136 -0.437729 0.00163154
963 0.00103842 0.591461 0.816437 -0.437615 0.00137035
964 0.00103734 0.591461 0.816437 -0.437615 0.00137831
965 0.00103627 0.590824 0.816248 -0.438731 0.00125795
966 0.0010352 0.590824 0.816248 -0.438731 0.00137693
967 0.00103413 0.590824 0.816248 -0.438731 0.00122852
968 0.00103306 0.591188 0.816344 -0.43909 0.00139645
969 0.00103199 0.591628 0.816644 -0.439179 0.00142239
970 0.00103093 0.590615 0.816384 -0.439528 0.00133253
971 0.00102987 0.590615 0.816384 -0.439528 0.00152839
972 0.00102881 0.591065 0.816431 -0.439346 0.00154464
973 0.00102775 0.590845 0.816124 -0.438951 0.00170814
974 0.00102669 0.590874 0.81519 -0.439598 0.0014044
975 0.00102564 0.590874 0.81519 -0.439598 0.00134818
976 0.00102459 0.590874 0.81519 -0.439598 0.0014327
977 0.00102354 0.590704 0.815947 -0.438997 0.00131038
978 0.00102249 0.590704 0.815947 -0.438997 0.00128146
979 0.00102145 0.589925 0.816848 -0.438499 0.00124608
980 0.00102041 0.590096 0.816861 -0.439606 0.00128784
981 0.00101937 0.590096 0.816861 -0.439606 0.00139633
982 0.00101833 0.590096 0.816861 -0.439606 0.00133673
983 0.00101729 0.589646 0.816878 -0.440699 0.0013844
984 0.00101626 0.589646 0.816878 -0.440699 0.00136241
985 0.00101523 0.589646 0.816878 -0.440699 0.00130551
986 0.0010142 0.589646 0.816878 -0.440699 0.00128623
987 0.00101317 0.589646 0.816878 -0.440699 0.00140911
988 0.00101215 0.589646 0.816878 -0.440699 0.00135151
989 0.00101112 0.589646 0.816878 -0.440699 0.00143342
990 0.0010101 0.589646 0.816878 -0.440699 0.00150358
991 0.00100908 0.589267 0.817356 -0.440388 0.00119898
992 0.00100806 0.589267 0.817356 -0.440388 0.00131224
993 0.00100705 0.589267 0.817356 -0.440388 0.001244
994 0.00100604 0.589267 0.817356 -0.440388 0.00151152
995 0.00100503 0.589267 0.817356 -0.440388 0.00129559
996 0.00100402 0.589267 0.817356 -0.440388 0.0013962
997 0.00100301 0.589267 0.817356 -0.440388 0.00136488
998 0.001002 0.589267 0.817356 -0.440388 0.00157521
999 0.001001 0.589267 0.817356 -0.440388 0.00112879
1000 0.001 0.590118 0.81745 -0.438089 0.00126308
